ERROR - 2022-09-20 06:53:31 --> mysqli_sql_exception: Can't update table 'cadastro_animal' in stored function/trigger because it is already used by statement which invoked this stored function/trigger in C:\xampp\htdocs\site1\system\Database\MySQLi\Connection.php:292
Stack trace:
#0 C:\xampp\htdocs\site1\system\Database\MySQLi\Connection.php(292): mysqli->query('INSERT INTO `ca...', 0)
#1 C:\xampp\htdocs\site1\system\Database\BaseConnection.php(693): CodeIgniter\Database\MySQLi\Connection->execute('INSERT INTO `ca...')
#2 C:\xampp\htdocs\site1\system\Database\BaseConnection.php(620): CodeIgniter\Database\BaseConnection->simpleQuery('INSERT INTO `ca...')
#3 C:\xampp\htdocs\site1\system\Database\BaseBuilder.php(1916): CodeIgniter\Database\BaseConnection->query('INSERT INTO `ca...', Array, false)
#4 C:\xampp\htdocs\site1\system\Model.php(278): CodeIgniter\Database\BaseBuilder->insert()
#5 C:\xampp\htdocs\site1\system\BaseModel.php(738): CodeIgniter\Model->doInsert(Array)
#6 C:\xampp\htdocs\site1\system\Model.php(666): CodeIgniter\BaseModel->insert(Array, false)
#7 C:\xampp\htdocs\site1\system\BaseModel.php(658): CodeIgniter\Model->insert(Array, false)
#8 C:\xampp\htdocs\site1\app\Controllers\Animal.php(57): CodeIgniter\BaseModel->save(Array)
#9 C:\xampp\htdocs\site1\system\CodeIgniter.php(898): App\Controllers\Animal->enviadados_cadastro()
#10 C:\xampp\htdocs\site1\system\CodeIgniter.php(457): CodeIgniter\CodeIgniter->runController(Object(App\Controllers\Animal))
#11 C:\xampp\htdocs\site1\system\CodeIgniter.php(340): CodeIgniter\CodeIgniter->handleRequest(NULL, Object(Config\Cache), false)
#12 C:\xampp\htdocs\site1\public\index.php(67): CodeIgniter\CodeIgniter->run()
#13 {main}
CRITICAL - 2022-09-20 06:53:31 --> Can't update table 'cadastro_animal' in stored function/trigger because it is already used by statement which invoked this stored function/trigger
in SYSTEMPATH\Database\MySQLi\Connection.php on line 292.
 1 SYSTEMPATH\Database\MySQLi\Connection.php(292): mysqli->query('INSERT INTO `cadastro_animal` (`nome_animal`, `especie_animal`, `idade`, `descricao_pet`, `porte`, `raca`, `sexo`, `local_animal`, `peso`) VALUES (\'jose\', \'teste\', \'11\', \'hhh\', \'grande\', \'ddd\', \'m\', \'d\', \'22\')', 0)
 2 SYSTEMPATH\Database\BaseConnection.php(693): CodeIgniter\Database\MySQLi\Connection->execute('INSERT INTO `cadastro_animal` (`nome_animal`, `especie_animal`, `idade`, `descricao_pet`, `porte`, `raca`, `sexo`, `local_animal`, `peso`) VALUES (\'jose\', \'teste\', \'11\', \'hhh\', \'grande\', \'ddd\', \'m\', \'d\', \'22\')')
 3 SYSTEMPATH\Database\BaseConnection.php(620): CodeIgniter\Database\BaseConnection->simpleQuery('INSERT INTO `cadastro_animal` (`nome_animal`, `especie_animal`, `idade`, `descricao_pet`, `porte`, `raca`, `sexo`, `local_animal`, `peso`) VALUES (\'jose\', \'teste\', \'11\', \'hhh\', \'grande\', \'ddd\', \'m\', \'d\', \'22\')')
 4 SYSTEMPATH\Database\BaseBuilder.php(1916): CodeIgniter\Database\BaseConnection->query('INSERT INTO `cadastro_animal` (`nome_animal`, `especie_animal`, `idade`, `descricao_pet`, `porte`, `raca`, `sexo`, `local_animal`, `peso`) VALUES (:nome_animal:, :especie_animal:, :idade:, :descricao_pet:, :porte:, :raca:, :sexo:, :local_animal:, :peso:)', [...], false)
 5 SYSTEMPATH\Model.php(278): CodeIgniter\Database\BaseBuilder->insert()
 6 SYSTEMPATH\BaseModel.php(738): CodeIgniter\Model->doInsert([...])
 7 SYSTEMPATH\Model.php(666): CodeIgniter\BaseModel->insert([...], false)
 8 SYSTEMPATH\BaseModel.php(658): CodeIgniter\Model->insert([...], false)
 9 APPPATH\Controllers\Animal.php(57): CodeIgniter\BaseModel->save([...])
10 SYSTEMPATH\CodeIgniter.php(898): App\Controllers\Animal->enviadados_cadastro()
11 SYSTEMPATH\CodeIgniter.php(457): CodeIgniter\CodeIgniter->runController(Object(App\Controllers\Animal))
12 SYSTEMPATH\CodeIgniter.php(340): CodeIgniter\CodeIgniter->handleRequest(null, Object(Config\Cache), false)
13 FCPATH\index.php(67): CodeIgniter\CodeIgniter->run()
CRITICAL - 2022-09-20 07:35:13 --> Too few arguments to function App\Controllers\Animal::editardados(), 0 passed in C:\xampp\htdocs\site1\system\CodeIgniter.php on line 898 and exactly 1 expected
in APPPATH\Controllers\Animal.php on line 63.
 1 SYSTEMPATH\CodeIgniter.php(898): App\Controllers\Animal->editardados()
 2 SYSTEMPATH\CodeIgniter.php(457): CodeIgniter\CodeIgniter->runController(Object(App\Controllers\Animal))
 3 SYSTEMPATH\CodeIgniter.php(340): CodeIgniter\CodeIgniter->handleRequest(null, Object(Config\Cache), false)
 4 FCPATH\index.php(67): CodeIgniter\CodeIgniter->run()
CRITICAL - 2022-09-20 07:39:45 --> Too few arguments to function App\Controllers\Animal::editardados(), 0 passed in C:\xampp\htdocs\site1\system\CodeIgniter.php on line 898 and exactly 1 expected
in APPPATH\Controllers\Animal.php on line 63.
 1 SYSTEMPATH\CodeIgniter.php(898): App\Controllers\Animal->editardados()
 2 SYSTEMPATH\CodeIgniter.php(457): CodeIgniter\CodeIgniter->runController(Object(App\Controllers\Animal))
 3 SYSTEMPATH\CodeIgniter.php(340): CodeIgniter\CodeIgniter->handleRequest(null, Object(Config\Cache), false)
 4 FCPATH\index.php(67): CodeIgniter\CodeIgniter->run()
CRITICAL - 2022-09-20 07:50:00 --> Too few arguments to function App\Controllers\Animal::editardados(), 0 passed in C:\xampp\htdocs\site1\system\CodeIgniter.php on line 898 and exactly 1 expected
in APPPATH\Controllers\Animal.php on line 63.
 1 SYSTEMPATH\CodeIgniter.php(898): App\Controllers\Animal->editardados()
 2 SYSTEMPATH\CodeIgniter.php(457): CodeIgniter\CodeIgniter->runController(Object(App\Controllers\Animal))
 3 SYSTEMPATH\CodeIgniter.php(340): CodeIgniter\CodeIgniter->handleRequest(null, Object(Config\Cache), false)
 4 FCPATH\index.php(67): CodeIgniter\CodeIgniter->run()
CRITICAL - 2022-09-20 07:56:36 --> Too few arguments to function App\Controllers\Animal::editardados(), 0 passed in C:\xampp\htdocs\site1\system\CodeIgniter.php on line 898 and exactly 1 expected
in APPPATH\Controllers\Animal.php on line 63.
 1 SYSTEMPATH\CodeIgniter.php(898): App\Controllers\Animal->editardados()
 2 SYSTEMPATH\CodeIgniter.php(457): CodeIgniter\CodeIgniter->runController(Object(App\Controllers\Animal))
 3 SYSTEMPATH\CodeIgniter.php(340): CodeIgniter\CodeIgniter->handleRequest(null, Object(Config\Cache), false)
 4 FCPATH\index.php(67): CodeIgniter\CodeIgniter->run()
CRITICAL - 2022-09-20 07:56:38 --> Too few arguments to function App\Controllers\Animal::editardados(), 0 passed in C:\xampp\htdocs\site1\system\CodeIgniter.php on line 898 and exactly 1 expected
in APPPATH\Controllers\Animal.php on line 63.
 1 SYSTEMPATH\CodeIgniter.php(898): App\Controllers\Animal->editardados()
 2 SYSTEMPATH\CodeIgniter.php(457): CodeIgniter\CodeIgniter->runController(Object(App\Controllers\Animal))
 3 SYSTEMPATH\CodeIgniter.php(340): CodeIgniter\CodeIgniter->handleRequest(null, Object(Config\Cache), false)
 4 FCPATH\index.php(67): CodeIgniter\CodeIgniter->run()
CRITICAL - 2022-09-20 07:56:38 --> Too few arguments to function App\Controllers\Animal::editardados(), 0 passed in C:\xampp\htdocs\site1\system\CodeIgniter.php on line 898 and exactly 1 expected
in APPPATH\Controllers\Animal.php on line 63.
 1 SYSTEMPATH\CodeIgniter.php(898): App\Controllers\Animal->editardados()
 2 SYSTEMPATH\CodeIgniter.php(457): CodeIgniter\CodeIgniter->runController(Object(App\Controllers\Animal))
 3 SYSTEMPATH\CodeIgniter.php(340): CodeIgniter\CodeIgniter->handleRequest(null, Object(Config\Cache), false)
 4 FCPATH\index.php(67): CodeIgniter\CodeIgniter->run()
CRITICAL - 2022-09-20 07:56:42 --> Too few arguments to function App\Controllers\Animal::editardados(), 0 passed in C:\xampp\htdocs\site1\system\CodeIgniter.php on line 898 and exactly 1 expected
in APPPATH\Controllers\Animal.php on line 63.
 1 SYSTEMPATH\CodeIgniter.php(898): App\Controllers\Animal->editardados()
 2 SYSTEMPATH\CodeIgniter.php(457): CodeIgniter\CodeIgniter->runController(Object(App\Controllers\Animal))
 3 SYSTEMPATH\CodeIgniter.php(340): CodeIgniter\CodeIgniter->handleRequest(null, Object(Config\Cache), false)
 4 FCPATH\index.php(67): CodeIgniter\CodeIgniter->run()
CRITICAL - 2022-09-20 07:57:57 --> Too few arguments to function App\Controllers\Animal::editardados(), 0 passed in C:\xampp\htdocs\site1\system\CodeIgniter.php on line 898 and exactly 1 expected
in APPPATH\Controllers\Animal.php on line 63.
 1 SYSTEMPATH\CodeIgniter.php(898): App\Controllers\Animal->editardados()
 2 SYSTEMPATH\CodeIgniter.php(457): CodeIgniter\CodeIgniter->runController(Object(App\Controllers\Animal))
 3 SYSTEMPATH\CodeIgniter.php(340): CodeIgniter\CodeIgniter->handleRequest(null, Object(Config\Cache), false)
 4 FCPATH\index.php(67): CodeIgniter\CodeIgniter->run()
CRITICAL - 2022-09-20 07:57:58 --> Too few arguments to function App\Controllers\Animal::editardados(), 0 passed in C:\xampp\htdocs\site1\system\CodeIgniter.php on line 898 and exactly 1 expected
in APPPATH\Controllers\Animal.php on line 63.
 1 SYSTEMPATH\CodeIgniter.php(898): App\Controllers\Animal->editardados()
 2 SYSTEMPATH\CodeIgniter.php(457): CodeIgniter\CodeIgniter->runController(Object(App\Controllers\Animal))
 3 SYSTEMPATH\CodeIgniter.php(340): CodeIgniter\CodeIgniter->handleRequest(null, Object(Config\Cache), false)
 4 FCPATH\index.php(67): CodeIgniter\CodeIgniter->run()
CRITICAL - 2022-09-20 08:00:25 --> Too few arguments to function App\Controllers\Animal::editardados(), 0 passed in C:\xampp\htdocs\site1\system\CodeIgniter.php on line 898 and exactly 1 expected
in APPPATH\Controllers\Animal.php on line 63.
 1 SYSTEMPATH\CodeIgniter.php(898): App\Controllers\Animal->editardados()
 2 SYSTEMPATH\CodeIgniter.php(457): CodeIgniter\CodeIgniter->runController(Object(App\Controllers\Animal))
 3 SYSTEMPATH\CodeIgniter.php(340): CodeIgniter\CodeIgniter->handleRequest(null, Object(Config\Cache), false)
 4 FCPATH\index.php(67): CodeIgniter\CodeIgniter->run()
CRITICAL - 2022-09-20 08:00:26 --> Too few arguments to function App\Controllers\Animal::editardados(), 0 passed in C:\xampp\htdocs\site1\system\CodeIgniter.php on line 898 and exactly 1 expected
in APPPATH\Controllers\Animal.php on line 63.
 1 SYSTEMPATH\CodeIgniter.php(898): App\Controllers\Animal->editardados()
 2 SYSTEMPATH\CodeIgniter.php(457): CodeIgniter\CodeIgniter->runController(Object(App\Controllers\Animal))
 3 SYSTEMPATH\CodeIgniter.php(340): CodeIgniter\CodeIgniter->handleRequest(null, Object(Config\Cache), false)
 4 FCPATH\index.php(67): CodeIgniter\CodeIgniter->run()
CRITICAL - 2022-09-20 08:00:27 --> Too few arguments to function App\Controllers\Animal::editardados(), 0 passed in C:\xampp\htdocs\site1\system\CodeIgniter.php on line 898 and exactly 1 expected
in APPPATH\Controllers\Animal.php on line 63.
 1 SYSTEMPATH\CodeIgniter.php(898): App\Controllers\Animal->editardados()
 2 SYSTEMPATH\CodeIgniter.php(457): CodeIgniter\CodeIgniter->runController(Object(App\Controllers\Animal))
 3 SYSTEMPATH\CodeIgniter.php(340): CodeIgniter\CodeIgniter->handleRequest(null, Object(Config\Cache), false)
 4 FCPATH\index.php(67): CodeIgniter\CodeIgniter->run()
CRITICAL - 2022-09-20 08:09:47 --> Too few arguments to function App\Controllers\Animal::editardados(), 0 passed in C:\xampp\htdocs\site1\system\CodeIgniter.php on line 898 and exactly 1 expected
in APPPATH\Controllers\Animal.php on line 63.
 1 SYSTEMPATH\CodeIgniter.php(898): App\Controllers\Animal->editardados()
 2 SYSTEMPATH\CodeIgniter.php(457): CodeIgniter\CodeIgniter->runController(Object(App\Controllers\Animal))
 3 SYSTEMPATH\CodeIgniter.php(340): CodeIgniter\CodeIgniter->handleRequest(null, Object(Config\Cache), false)
 4 FCPATH\index.php(67): CodeIgniter\CodeIgniter->run()
CRITICAL - 2022-09-20 16:38:10 --> Too few arguments to function App\Controllers\Animal::editardados(), 0 passed in C:\xampp\htdocs\site1\system\CodeIgniter.php on line 898 and exactly 1 expected
in APPPATH\Controllers\Animal.php on line 63.
 1 SYSTEMPATH\CodeIgniter.php(898): App\Controllers\Animal->editardados()
 2 SYSTEMPATH\CodeIgniter.php(457): CodeIgniter\CodeIgniter->runController(Object(App\Controllers\Animal))
 3 SYSTEMPATH\CodeIgniter.php(340): CodeIgniter\CodeIgniter->handleRequest(null, Object(Config\Cache), false)
 4 FCPATH\index.php(67): CodeIgniter\CodeIgniter->run()
