CRITICAL - 2022-08-21 08:19:19 --> Class "App\Models\UsuariolModel" not found
in APPPATH\Controllers\Usuario.php on line 11.
 1 SYSTEMPATH\CodeIgniter.php(860): App\Controllers\Usuario->__construct()
 2 SYSTEMPATH\CodeIgniter.php(448): CodeIgniter\CodeIgniter->createController()
 3 SYSTEMPATH\CodeIgniter.php(340): CodeIgniter\CodeIgniter->handleRequest(null, Object(Config\Cache), false)
 4 FCPATH\index.php(67): CodeIgniter\CodeIgniter->run()
CRITICAL - 2022-08-21 08:23:25 --> Class "App\Models\UsuariolModel" not found
in APPPATH\Controllers\Usuario.php on line 11.
 1 SYSTEMPATH\CodeIgniter.php(860): App\Controllers\Usuario->__construct()
 2 SYSTEMPATH\CodeIgniter.php(448): CodeIgniter\CodeIgniter->createController()
 3 SYSTEMPATH\CodeIgniter.php(340): CodeIgniter\CodeIgniter->handleRequest(null, Object(Config\Cache), false)
 4 FCPATH\index.php(67): CodeIgniter\CodeIgniter->run()
CRITICAL - 2022-08-21 08:31:24 --> Class "App\Models\UsuariolModel" not found
in APPPATH\Controllers\Usuario.php on line 11.
 1 SYSTEMPATH\CodeIgniter.php(860): App\Controllers\Usuario->__construct()
 2 SYSTEMPATH\CodeIgniter.php(448): CodeIgniter\CodeIgniter->createController()
 3 SYSTEMPATH\CodeIgniter.php(340): CodeIgniter\CodeIgniter->handleRequest(null, Object(Config\Cache), false)
 4 FCPATH\index.php(67): CodeIgniter\CodeIgniter->run()
CRITICAL - 2022-08-21 08:36:40 --> Class "App\Models\UsuariolModel" not found
in APPPATH\Controllers\Usuario.php on line 11.
 1 SYSTEMPATH\CodeIgniter.php(860): App\Controllers\Usuario->__construct()
 2 SYSTEMPATH\CodeIgniter.php(448): CodeIgniter\CodeIgniter->createController()
 3 SYSTEMPATH\CodeIgniter.php(340): CodeIgniter\CodeIgniter->handleRequest(null, Object(Config\Cache), false)
 4 FCPATH\index.php(67): CodeIgniter\CodeIgniter->run()
CRITICAL - 2022-08-21 08:44:03 --> Class "App\Controllers\UsuariolModel" not found
in APPPATH\Controllers\Usuario.php on line 11.
 1 SYSTEMPATH\CodeIgniter.php(860): App\Controllers\Usuario->__construct()
 2 SYSTEMPATH\CodeIgniter.php(448): CodeIgniter\CodeIgniter->createController()
 3 SYSTEMPATH\CodeIgniter.php(340): CodeIgniter\CodeIgniter->handleRequest(null, Object(Config\Cache), false)
 4 FCPATH\index.php(67): CodeIgniter\CodeIgniter->run()
CRITICAL - 2022-08-21 08:44:05 --> Class "App\Controllers\UsuariolModel" not found
in APPPATH\Controllers\Usuario.php on line 11.
 1 SYSTEMPATH\CodeIgniter.php(860): App\Controllers\Usuario->__construct()
 2 SYSTEMPATH\CodeIgniter.php(448): CodeIgniter\CodeIgniter->createController()
 3 SYSTEMPATH\CodeIgniter.php(340): CodeIgniter\CodeIgniter->handleRequest(null, Object(Config\Cache), false)
 4 FCPATH\index.php(67): CodeIgniter\CodeIgniter->run()
CRITICAL - 2022-08-21 08:48:29 --> Class "App\Controllers\UsuariolModel" not found
in APPPATH\Controllers\Usuario.php on line 11.
 1 SYSTEMPATH\CodeIgniter.php(860): App\Controllers\Usuario->__construct()
 2 SYSTEMPATH\CodeIgniter.php(448): CodeIgniter\CodeIgniter->createController()
 3 SYSTEMPATH\CodeIgniter.php(340): CodeIgniter\CodeIgniter->handleRequest(null, Object(Config\Cache), false)
 4 FCPATH\index.php(67): CodeIgniter\CodeIgniter->run()
CRITICAL - 2022-08-21 09:06:42 --> Invalid file: usuario.php
in SYSTEMPATH\Exceptions\FrameworkException.php on line 33.
 1 SYSTEMPATH\View\View.php(201): CodeIgniter\Exceptions\FrameworkException::forInvalidFile('usuario.php')
 2 SYSTEMPATH\Common.php(1137): CodeIgniter\View\View->render('usuario', [], true)
 3 APPPATH\Controllers\Usuario.php(17): view('usuario', [...])
 4 SYSTEMPATH\CodeIgniter.php(898): App\Controllers\Usuario->index()
 5 SYSTEMPATH\CodeIgniter.php(457): CodeIgniter\CodeIgniter->runController(Object(App\Controllers\Usuario))
 6 SYSTEMPATH\CodeIgniter.php(340): CodeIgniter\CodeIgniter->handleRequest(null, Object(Config\Cache), false)
 7 FCPATH\index.php(67): CodeIgniter\CodeIgniter->run()
CRITICAL - 2022-08-21 09:08:54 --> Invalid file: usuario.php
in SYSTEMPATH\Exceptions\FrameworkException.php on line 33.
 1 SYSTEMPATH\View\View.php(201): CodeIgniter\Exceptions\FrameworkException::forInvalidFile('usuario.php')
 2 SYSTEMPATH\Common.php(1137): CodeIgniter\View\View->render('usuario', [], true)
 3 APPPATH\Controllers\Usuario.php(17): view('usuario', [...])
 4 SYSTEMPATH\CodeIgniter.php(898): App\Controllers\Usuario->index()
 5 SYSTEMPATH\CodeIgniter.php(457): CodeIgniter\CodeIgniter->runController(Object(App\Controllers\Usuario))
 6 SYSTEMPATH\CodeIgniter.php(340): CodeIgniter\CodeIgniter->handleRequest(null, Object(Config\Cache), false)
 7 FCPATH\index.php(67): CodeIgniter\CodeIgniter->run()
CRITICAL - 2022-08-21 09:08:56 --> Invalid file: usuario.php
in SYSTEMPATH\Exceptions\FrameworkException.php on line 33.
 1 SYSTEMPATH\View\View.php(201): CodeIgniter\Exceptions\FrameworkException::forInvalidFile('usuario.php')
 2 SYSTEMPATH\Common.php(1137): CodeIgniter\View\View->render('usuario', [], true)
 3 APPPATH\Controllers\Usuario.php(17): view('usuario', [...])
 4 SYSTEMPATH\CodeIgniter.php(898): App\Controllers\Usuario->index()
 5 SYSTEMPATH\CodeIgniter.php(457): CodeIgniter\CodeIgniter->runController(Object(App\Controllers\Usuario))
 6 SYSTEMPATH\CodeIgniter.php(340): CodeIgniter\CodeIgniter->handleRequest(null, Object(Config\Cache), false)
 7 FCPATH\index.php(67): CodeIgniter\CodeIgniter->run()
CRITICAL - 2022-08-21 09:14:33 --> Invalid file: usuario.php
in SYSTEMPATH\Exceptions\FrameworkException.php on line 33.
 1 SYSTEMPATH\View\View.php(201): CodeIgniter\Exceptions\FrameworkException::forInvalidFile('usuario.php')
 2 SYSTEMPATH\Common.php(1137): CodeIgniter\View\View->render('usuario', [], true)
 3 APPPATH\Controllers\Usuario.php(17): view('usuario', [...])
 4 SYSTEMPATH\CodeIgniter.php(898): App\Controllers\Usuario->index()
 5 SYSTEMPATH\CodeIgniter.php(457): CodeIgniter\CodeIgniter->runController(Object(App\Controllers\Usuario))
 6 SYSTEMPATH\CodeIgniter.php(340): CodeIgniter\CodeIgniter->handleRequest(null, Object(Config\Cache), false)
 7 FCPATH\index.php(67): CodeIgniter\CodeIgniter->run()
CRITICAL - 2022-08-21 09:15:53 --> Invalid file: usuario.php
in SYSTEMPATH\Exceptions\FrameworkException.php on line 33.
 1 SYSTEMPATH\View\View.php(201): CodeIgniter\Exceptions\FrameworkException::forInvalidFile('usuario.php')
 2 SYSTEMPATH\Common.php(1137): CodeIgniter\View\View->render('usuario', [], true)
 3 APPPATH\Controllers\Usuario.php(17): view('usuario', [...])
 4 SYSTEMPATH\CodeIgniter.php(898): App\Controllers\Usuario->index()
 5 SYSTEMPATH\CodeIgniter.php(457): CodeIgniter\CodeIgniter->runController(Object(App\Controllers\Usuario))
 6 SYSTEMPATH\CodeIgniter.php(340): CodeIgniter\CodeIgniter->handleRequest(null, Object(Config\Cache), false)
 7 FCPATH\index.php(67): CodeIgniter\CodeIgniter->run()
CRITICAL - 2022-08-21 09:15:55 --> Invalid file: usuario.php
in SYSTEMPATH\Exceptions\FrameworkException.php on line 33.
 1 SYSTEMPATH\View\View.php(201): CodeIgniter\Exceptions\FrameworkException::forInvalidFile('usuario.php')
 2 SYSTEMPATH\Common.php(1137): CodeIgniter\View\View->render('usuario', [], true)
 3 APPPATH\Controllers\Usuario.php(17): view('usuario', [...])
 4 SYSTEMPATH\CodeIgniter.php(898): App\Controllers\Usuario->index()
 5 SYSTEMPATH\CodeIgniter.php(457): CodeIgniter\CodeIgniter->runController(Object(App\Controllers\Usuario))
 6 SYSTEMPATH\CodeIgniter.php(340): CodeIgniter\CodeIgniter->handleRequest(null, Object(Config\Cache), false)
 7 FCPATH\index.php(67): CodeIgniter\CodeIgniter->run()
CRITICAL - 2022-08-21 09:18:03 --> Undefined variable $usuario
in APPPATH\Views\listarusuario.php on line 24.
 1 APPPATH\Views\listarusuario.php(24): CodeIgniter\Debug\Exceptions->errorHandler(2, 'Undefined variable $usuario', 'APPPATH\\Views\\listarusuario.php', 24)
 2 SYSTEMPATH\View\View.php(213): include('APPPATH\\Views\\listarusuario.php')
 3 SYSTEMPATH\View\View.php(216): CodeIgniter\View\View->CodeIgniter\View\{closure}()
 4 SYSTEMPATH\Common.php(1137): CodeIgniter\View\View->render('listarusuario', [], true)
 5 APPPATH\Controllers\Usuario.php(17): view('listarusuario', [...])
 6 SYSTEMPATH\CodeIgniter.php(898): App\Controllers\Usuario->index()
 7 SYSTEMPATH\CodeIgniter.php(457): CodeIgniter\CodeIgniter->runController(Object(App\Controllers\Usuario))
 8 SYSTEMPATH\CodeIgniter.php(340): CodeIgniter\CodeIgniter->handleRequest(null, Object(Config\Cache), false)
 9 FCPATH\index.php(67): CodeIgniter\CodeIgniter->run()
