CRITICAL - 2022-08-19 17:23:37 --> Undefined constant "App\Controllers\this"
in APPPATH\Controllers\Animal.php on line 16.
 1 SYSTEMPATH\CodeIgniter.php(898): App\Controllers\Animal->index()
 2 SYSTEMPATH\CodeIgniter.php(457): CodeIgniter\CodeIgniter->runController(Object(App\Controllers\Animal))
 3 SYSTEMPATH\CodeIgniter.php(340): CodeIgniter\CodeIgniter->handleRequest(null, Object(Config\Cache), false)
 4 FCPATH\index.php(67): CodeIgniter\CodeIgniter->run()
CRITICAL - 2022-08-19 17:24:39 --> Undefined constant "App\Controllers\this"
in APPPATH\Controllers\Animal.php on line 16.
 1 SYSTEMPATH\CodeIgniter.php(898): App\Controllers\Animal->index()
 2 SYSTEMPATH\CodeIgniter.php(457): CodeIgniter\CodeIgniter->runController(Object(App\Controllers\Animal))
 3 SYSTEMPATH\CodeIgniter.php(340): CodeIgniter\CodeIgniter->handleRequest(null, Object(Config\Cache), false)
 4 FCPATH\index.php(67): CodeIgniter\CodeIgniter->run()
CRITICAL - 2022-08-19 17:31:36 --> Call to a member function findAll() on null
in APPPATH\Controllers\Animal.php on line 16.
 1 SYSTEMPATH\CodeIgniter.php(898): App\Controllers\Animal->index()
 2 SYSTEMPATH\CodeIgniter.php(457): CodeIgniter\CodeIgniter->runController(Object(App\Controllers\Animal))
 3 SYSTEMPATH\CodeIgniter.php(340): CodeIgniter\CodeIgniter->handleRequest(null, Object(Config\Cache), false)
 4 FCPATH\index.php(67): CodeIgniter\CodeIgniter->run()
CRITICAL - 2022-08-19 17:31:37 --> Call to a member function findAll() on null
in APPPATH\Controllers\Animal.php on line 16.
 1 SYSTEMPATH\CodeIgniter.php(898): App\Controllers\Animal->index()
 2 SYSTEMPATH\CodeIgniter.php(457): CodeIgniter\CodeIgniter->runController(Object(App\Controllers\Animal))
 3 SYSTEMPATH\CodeIgniter.php(340): CodeIgniter\CodeIgniter->handleRequest(null, Object(Config\Cache), false)
 4 FCPATH\index.php(67): CodeIgniter\CodeIgniter->run()
CRITICAL - 2022-08-19 17:36:20 --> syntax error, unexpected token "(", expecting ";"
in APPPATH\Views\animal.php on line 97.
 1 SYSTEMPATH\View\View.php(216): CodeIgniter\View\View->CodeIgniter\View\{closure}()
 2 SYSTEMPATH\Common.php(1137): CodeIgniter\View\View->render('animal', [], true)
 3 APPPATH\Controllers\Animal.php(15): view('animal')
 4 SYSTEMPATH\CodeIgniter.php(898): App\Controllers\Animal->index()
 5 SYSTEMPATH\CodeIgniter.php(457): CodeIgniter\CodeIgniter->runController(Object(App\Controllers\Animal))
 6 SYSTEMPATH\CodeIgniter.php(340): CodeIgniter\CodeIgniter->handleRequest(null, Object(Config\Cache), false)
 7 FCPATH\index.php(67): CodeIgniter\CodeIgniter->run()
CRITICAL - 2022-08-19 17:37:55 --> syntax error, unexpected token "(", expecting ";"
in APPPATH\Views\animal.php on line 97.
 1 SYSTEMPATH\View\View.php(216): CodeIgniter\View\View->CodeIgniter\View\{closure}()
 2 SYSTEMPATH\Common.php(1137): CodeIgniter\View\View->render('animal', [], true)
 3 APPPATH\Controllers\Animal.php(15): view('animal')
 4 SYSTEMPATH\CodeIgniter.php(898): App\Controllers\Animal->index()
 5 SYSTEMPATH\CodeIgniter.php(457): CodeIgniter\CodeIgniter->runController(Object(App\Controllers\Animal))
 6 SYSTEMPATH\CodeIgniter.php(340): CodeIgniter\CodeIgniter->handleRequest(null, Object(Config\Cache), false)
 7 FCPATH\index.php(67): CodeIgniter\CodeIgniter->run()
CRITICAL - 2022-08-19 17:38:10 --> syntax error, unexpected token "(", expecting ";"
in APPPATH\Views\animal.php on line 97.
 1 SYSTEMPATH\View\View.php(216): CodeIgniter\View\View->CodeIgniter\View\{closure}()
 2 SYSTEMPATH\Common.php(1137): CodeIgniter\View\View->render('animal', [], true)
 3 APPPATH\Controllers\Animal.php(15): view('animal')
 4 SYSTEMPATH\CodeIgniter.php(898): App\Controllers\Animal->index()
 5 SYSTEMPATH\CodeIgniter.php(457): CodeIgniter\CodeIgniter->runController(Object(App\Controllers\Animal))
 6 SYSTEMPATH\CodeIgniter.php(340): CodeIgniter\CodeIgniter->handleRequest(null, Object(Config\Cache), false)
 7 FCPATH\index.php(67): CodeIgniter\CodeIgniter->run()
CRITICAL - 2022-08-19 17:38:42 --> syntax error, unexpected token "(", expecting ";"
in APPPATH\Views\animal.php on line 97.
 1 SYSTEMPATH\View\View.php(216): CodeIgniter\View\View->CodeIgniter\View\{closure}()
 2 SYSTEMPATH\Common.php(1137): CodeIgniter\View\View->render('animal', [], true)
 3 APPPATH\Controllers\Animal.php(15): view('animal')
 4 SYSTEMPATH\CodeIgniter.php(898): App\Controllers\Animal->index()
 5 SYSTEMPATH\CodeIgniter.php(457): CodeIgniter\CodeIgniter->runController(Object(App\Controllers\Animal))
 6 SYSTEMPATH\CodeIgniter.php(340): CodeIgniter\CodeIgniter->handleRequest(null, Object(Config\Cache), false)
 7 FCPATH\index.php(67): CodeIgniter\CodeIgniter->run()
CRITICAL - 2022-08-19 17:38:43 --> syntax error, unexpected token "(", expecting ";"
in APPPATH\Views\animal.php on line 97.
 1 SYSTEMPATH\View\View.php(216): CodeIgniter\View\View->CodeIgniter\View\{closure}()
 2 SYSTEMPATH\Common.php(1137): CodeIgniter\View\View->render('animal', [], true)
 3 APPPATH\Controllers\Animal.php(15): view('animal')
 4 SYSTEMPATH\CodeIgniter.php(898): App\Controllers\Animal->index()
 5 SYSTEMPATH\CodeIgniter.php(457): CodeIgniter\CodeIgniter->runController(Object(App\Controllers\Animal))
 6 SYSTEMPATH\CodeIgniter.php(340): CodeIgniter\CodeIgniter->handleRequest(null, Object(Config\Cache), false)
 7 FCPATH\index.php(67): CodeIgniter\CodeIgniter->run()
CRITICAL - 2022-08-19 17:38:53 --> syntax error, unexpected token "(", expecting ";"
in APPPATH\Views\animal.php on line 97.
 1 SYSTEMPATH\View\View.php(216): CodeIgniter\View\View->CodeIgniter\View\{closure}()
 2 SYSTEMPATH\Common.php(1137): CodeIgniter\View\View->render('animal', [], true)
 3 APPPATH\Controllers\Animal.php(15): view('animal')
 4 SYSTEMPATH\CodeIgniter.php(898): App\Controllers\Animal->index()
 5 SYSTEMPATH\CodeIgniter.php(457): CodeIgniter\CodeIgniter->runController(Object(App\Controllers\Animal))
 6 SYSTEMPATH\CodeIgniter.php(340): CodeIgniter\CodeIgniter->handleRequest(null, Object(Config\Cache), false)
 7 FCPATH\index.php(67): CodeIgniter\CodeIgniter->run()
CRITICAL - 2022-08-19 17:39:20 --> syntax error, unexpected end of file
in APPPATH\Views\animal.php on line 107.
 1 SYSTEMPATH\View\View.php(216): CodeIgniter\View\View->CodeIgniter\View\{closure}()
 2 SYSTEMPATH\Common.php(1137): CodeIgniter\View\View->render('animal', [], true)
 3 APPPATH\Controllers\Animal.php(15): view('animal')
 4 SYSTEMPATH\CodeIgniter.php(898): App\Controllers\Animal->index()
 5 SYSTEMPATH\CodeIgniter.php(457): CodeIgniter\CodeIgniter->runController(Object(App\Controllers\Animal))
 6 SYSTEMPATH\CodeIgniter.php(340): CodeIgniter\CodeIgniter->handleRequest(null, Object(Config\Cache), false)
 7 FCPATH\index.php(67): CodeIgniter\CodeIgniter->run()
CRITICAL - 2022-08-19 17:39:45 --> syntax error, unexpected end of file
in APPPATH\Views\animal.php on line 107.
 1 SYSTEMPATH\View\View.php(216): CodeIgniter\View\View->CodeIgniter\View\{closure}()
 2 SYSTEMPATH\Common.php(1137): CodeIgniter\View\View->render('animal', [], true)
 3 APPPATH\Controllers\Animal.php(15): view('animal')
 4 SYSTEMPATH\CodeIgniter.php(898): App\Controllers\Animal->index()
 5 SYSTEMPATH\CodeIgniter.php(457): CodeIgniter\CodeIgniter->runController(Object(App\Controllers\Animal))
 6 SYSTEMPATH\CodeIgniter.php(340): CodeIgniter\CodeIgniter->handleRequest(null, Object(Config\Cache), false)
 7 FCPATH\index.php(67): CodeIgniter\CodeIgniter->run()
CRITICAL - 2022-08-19 17:41:00 --> Call to a member function findAll() on null
in APPPATH\Controllers\Animal.php on line 16.
 1 SYSTEMPATH\CodeIgniter.php(898): App\Controllers\Animal->index()
 2 SYSTEMPATH\CodeIgniter.php(457): CodeIgniter\CodeIgniter->runController(Object(App\Controllers\Animal))
 3 SYSTEMPATH\CodeIgniter.php(340): CodeIgniter\CodeIgniter->handleRequest(null, Object(Config\Cache), false)
 4 FCPATH\index.php(67): CodeIgniter\CodeIgniter->run()
CRITICAL - 2022-08-19 17:41:24 --> Undefined property: App\Controllers\Animal::$AnimalModel
in APPPATH\Controllers\Animal.php on line 16.
 1 APPPATH\Controllers\Animal.php(16): CodeIgniter\Debug\Exceptions->errorHandler(2, 'Undefined property: App\\Controllers\\Animal::$AnimalModel', 'APPPATH\\Controllers\\Animal.php', 16)
 2 SYSTEMPATH\CodeIgniter.php(898): App\Controllers\Animal->index()
 3 SYSTEMPATH\CodeIgniter.php(457): CodeIgniter\CodeIgniter->runController(Object(App\Controllers\Animal))
 4 SYSTEMPATH\CodeIgniter.php(340): CodeIgniter\CodeIgniter->handleRequest(null, Object(Config\Cache), false)
 5 FCPATH\index.php(67): CodeIgniter\CodeIgniter->run()
CRITICAL - 2022-08-19 17:41:25 --> Undefined property: App\Controllers\Animal::$AnimalModel
in APPPATH\Controllers\Animal.php on line 16.
 1 APPPATH\Controllers\Animal.php(16): CodeIgniter\Debug\Exceptions->errorHandler(2, 'Undefined property: App\\Controllers\\Animal::$AnimalModel', 'APPPATH\\Controllers\\Animal.php', 16)
 2 SYSTEMPATH\CodeIgniter.php(898): App\Controllers\Animal->index()
 3 SYSTEMPATH\CodeIgniter.php(457): CodeIgniter\CodeIgniter->runController(Object(App\Controllers\Animal))
 4 SYSTEMPATH\CodeIgniter.php(340): CodeIgniter\CodeIgniter->handleRequest(null, Object(Config\Cache), false)
 5 FCPATH\index.php(67): CodeIgniter\CodeIgniter->run()
CRITICAL - 2022-08-19 17:43:05 --> Call to a member function findAll() on null
in APPPATH\Controllers\Animal.php on line 16.
 1 SYSTEMPATH\CodeIgniter.php(898): App\Controllers\Animal->index()
 2 SYSTEMPATH\CodeIgniter.php(457): CodeIgniter\CodeIgniter->runController(Object(App\Controllers\Animal))
 3 SYSTEMPATH\CodeIgniter.php(340): CodeIgniter\CodeIgniter->handleRequest(null, Object(Config\Cache), false)
 4 FCPATH\index.php(67): CodeIgniter\CodeIgniter->run()
CRITICAL - 2022-08-19 17:43:07 --> Call to a member function findAll() on null
in APPPATH\Controllers\Animal.php on line 16.
 1 SYSTEMPATH\CodeIgniter.php(898): App\Controllers\Animal->index()
 2 SYSTEMPATH\CodeIgniter.php(457): CodeIgniter\CodeIgniter->runController(Object(App\Controllers\Animal))
 3 SYSTEMPATH\CodeIgniter.php(340): CodeIgniter\CodeIgniter->handleRequest(null, Object(Config\Cache), false)
 4 FCPATH\index.php(67): CodeIgniter\CodeIgniter->run()
CRITICAL - 2022-08-19 18:24:30 --> Call to a member function findAll() on null
in APPPATH\Controllers\Animal.php on line 16.
 1 SYSTEMPATH\CodeIgniter.php(898): App\Controllers\Animal->index()
 2 SYSTEMPATH\CodeIgniter.php(457): CodeIgniter\CodeIgniter->runController(Object(App\Controllers\Animal))
 3 SYSTEMPATH\CodeIgniter.php(340): CodeIgniter\CodeIgniter->handleRequest(null, Object(Config\Cache), false)
 4 FCPATH\index.php(67): CodeIgniter\CodeIgniter->run()
CRITICAL - 2022-08-19 18:24:31 --> Call to a member function findAll() on null
in APPPATH\Controllers\Animal.php on line 16.
 1 SYSTEMPATH\CodeIgniter.php(898): App\Controllers\Animal->index()
 2 SYSTEMPATH\CodeIgniter.php(457): CodeIgniter\CodeIgniter->runController(Object(App\Controllers\Animal))
 3 SYSTEMPATH\CodeIgniter.php(340): CodeIgniter\CodeIgniter->handleRequest(null, Object(Config\Cache), false)
 4 FCPATH\index.php(67): CodeIgniter\CodeIgniter->run()
CRITICAL - 2022-08-19 18:27:18 --> Call to a member function findAll() on null
in APPPATH\Controllers\Animal.php on line 17.
 1 SYSTEMPATH\CodeIgniter.php(898): App\Controllers\Animal->index()
 2 SYSTEMPATH\CodeIgniter.php(457): CodeIgniter\CodeIgniter->runController(Object(App\Controllers\Animal))
 3 SYSTEMPATH\CodeIgniter.php(340): CodeIgniter\CodeIgniter->handleRequest(null, Object(Config\Cache), false)
 4 FCPATH\index.php(67): CodeIgniter\CodeIgniter->run()
CRITICAL - 2022-08-19 18:27:21 --> Call to a member function findAll() on null
in APPPATH\Controllers\Animal.php on line 17.
 1 SYSTEMPATH\CodeIgniter.php(898): App\Controllers\Animal->index()
 2 SYSTEMPATH\CodeIgniter.php(457): CodeIgniter\CodeIgniter->runController(Object(App\Controllers\Animal))
 3 SYSTEMPATH\CodeIgniter.php(340): CodeIgniter\CodeIgniter->handleRequest(null, Object(Config\Cache), false)
 4 FCPATH\index.php(67): CodeIgniter\CodeIgniter->run()
CRITICAL - 2022-08-19 18:28:48 --> Call to a member function findAll() on null
in APPPATH\Controllers\Animal.php on line 17.
 1 SYSTEMPATH\CodeIgniter.php(898): App\Controllers\Animal->index()
 2 SYSTEMPATH\CodeIgniter.php(457): CodeIgniter\CodeIgniter->runController(Object(App\Controllers\Animal))
 3 SYSTEMPATH\CodeIgniter.php(340): CodeIgniter\CodeIgniter->handleRequest(null, Object(Config\Cache), false)
 4 FCPATH\index.php(67): CodeIgniter\CodeIgniter->run()
CRITICAL - 2022-08-19 19:48:43 --> Call to a member function findAll() on null
in APPPATH\Controllers\Animal.php on line 17.
 1 SYSTEMPATH\CodeIgniter.php(898): App\Controllers\Animal->index()
 2 SYSTEMPATH\CodeIgniter.php(457): CodeIgniter\CodeIgniter->runController(Object(App\Controllers\Animal))
 3 SYSTEMPATH\CodeIgniter.php(340): CodeIgniter\CodeIgniter->handleRequest(null, Object(Config\Cache), false)
 4 FCPATH\index.php(67): CodeIgniter\CodeIgniter->run()
CRITICAL - 2022-08-19 19:51:38 --> Call to a member function findAll() on null
in APPPATH\Controllers\Animal.php on line 17.
 1 SYSTEMPATH\CodeIgniter.php(898): App\Controllers\Animal->index()
 2 SYSTEMPATH\CodeIgniter.php(457): CodeIgniter\CodeIgniter->runController(Object(App\Controllers\Animal))
 3 SYSTEMPATH\CodeIgniter.php(340): CodeIgniter\CodeIgniter->handleRequest(null, Object(Config\Cache), false)
 4 FCPATH\index.php(67): CodeIgniter\CodeIgniter->run()
CRITICAL - 2022-08-19 19:51:40 --> Call to a member function findAll() on null
in APPPATH\Controllers\Animal.php on line 17.
 1 SYSTEMPATH\CodeIgniter.php(898): App\Controllers\Animal->index()
 2 SYSTEMPATH\CodeIgniter.php(457): CodeIgniter\CodeIgniter->runController(Object(App\Controllers\Animal))
 3 SYSTEMPATH\CodeIgniter.php(340): CodeIgniter\CodeIgniter->handleRequest(null, Object(Config\Cache), false)
 4 FCPATH\index.php(67): CodeIgniter\CodeIgniter->run()
CRITICAL - 2022-08-19 19:53:33 --> Call to a member function findAll() on null
in APPPATH\Controllers\Animal.php on line 17.
 1 SYSTEMPATH\CodeIgniter.php(898): App\Controllers\Animal->index()
 2 SYSTEMPATH\CodeIgniter.php(457): CodeIgniter\CodeIgniter->runController(Object(App\Controllers\Animal))
 3 SYSTEMPATH\CodeIgniter.php(340): CodeIgniter\CodeIgniter->handleRequest(null, Object(Config\Cache), false)
 4 FCPATH\index.php(67): CodeIgniter\CodeIgniter->run()
