CRITICAL - 2022-09-12 11:55:04 --> Call to undefined method CodeIgniter\HTTP\IncomingRequest::getMetohod()
in APPPATH\Controllers\Registrar.php on line 12.
 1 SYSTEMPATH\CodeIgniter.php(898): App\Controllers\Registrar->index()
 2 SYSTEMPATH\CodeIgniter.php(457): CodeIgniter\CodeIgniter->runController(Object(App\Controllers\Registrar))
 3 SYSTEMPATH\CodeIgniter.php(340): CodeIgniter\CodeIgniter->handleRequest(null, Object(Config\Cache), false)
 4 FCPATH\index.php(67): CodeIgniter\CodeIgniter->run()
CRITICAL - 2022-09-12 11:57:39 --> syntax error, unexpected token "}", expecting ";"
in APPPATH\Models\UsuarioModel.php on line 39.
 1 SYSTEMPATH\Autoloader\Autoloader.php(259): CodeIgniter\Autoloader\Autoloader->includeFile('APPPATH\\Models\\UsuarioModel.php')
 2 SYSTEMPATH\Autoloader\Autoloader.php(237): CodeIgniter\Autoloader\Autoloader->loadInNamespace('App\\Models\\UsuarioModel')
 3 [internal function]: CodeIgniter\Autoloader\Autoloader->loadClass('App\\Models\\UsuarioModel')
 4 SYSTEMPATH\Config\Factories.php(152): class_exists('App\\Models\\UsuarioModel')
 5 SYSTEMPATH\Config\Factories.php(122): CodeIgniter\Config\Factories::locateClass([...], 'UsuarioModel')
 6 SYSTEMPATH\Config\Factories.php(83): CodeIgniter\Config\Factories::__callStatic('models', [...])
 7 SYSTEMPATH\Common.php(812): CodeIgniter\Config\Factories::models('UsuarioModel', [...], null)
 8 APPPATH\Controllers\Registrar.php(13): model('UsuarioModel')
 9 SYSTEMPATH\CodeIgniter.php(898): App\Controllers\Registrar->index()
10 SYSTEMPATH\CodeIgniter.php(457): CodeIgniter\CodeIgniter->runController(Object(App\Controllers\Registrar))
11 SYSTEMPATH\CodeIgniter.php(340): CodeIgniter\CodeIgniter->handleRequest(null, Object(Config\Cache), false)
12 FCPATH\index.php(67): CodeIgniter\CodeIgniter->run()
CRITICAL - 2022-09-12 12:26:07 --> syntax error, unexpected token "=="
in APPPATH\Controllers\Login.php on line 12.
 1 SYSTEMPATH\Autoloader\Autoloader.php(259): CodeIgniter\Autoloader\Autoloader->includeFile('APPPATH\\Controllers\\Login.php')
 2 SYSTEMPATH\Autoloader\Autoloader.php(237): CodeIgniter\Autoloader\Autoloader->loadInNamespace('App\\Controllers\\Login')
 3 [internal function]: CodeIgniter\Autoloader\Autoloader->loadClass('App\\Controllers\\Login')
 4 SYSTEMPATH\CodeIgniter.php(848): class_exists('\\App\\Controllers\\Login', true)
 5 SYSTEMPATH\CodeIgniter.php(444): CodeIgniter\CodeIgniter->startController()
 6 SYSTEMPATH\CodeIgniter.php(340): CodeIgniter\CodeIgniter->handleRequest(null, Object(Config\Cache), false)
 7 FCPATH\index.php(67): CodeIgniter\CodeIgniter->run()
CRITICAL - 2022-09-12 12:26:38 --> syntax error, unexpected token ";"
in APPPATH\Controllers\Login.php on line 13.
 1 SYSTEMPATH\Autoloader\Autoloader.php(259): CodeIgniter\Autoloader\Autoloader->includeFile('APPPATH\\Controllers\\Login.php')
 2 SYSTEMPATH\Autoloader\Autoloader.php(237): CodeIgniter\Autoloader\Autoloader->loadInNamespace('App\\Controllers\\Login')
 3 [internal function]: CodeIgniter\Autoloader\Autoloader->loadClass('App\\Controllers\\Login')
 4 SYSTEMPATH\CodeIgniter.php(848): class_exists('\\App\\Controllers\\Login', true)
 5 SYSTEMPATH\CodeIgniter.php(444): CodeIgniter\CodeIgniter->startController()
 6 SYSTEMPATH\CodeIgniter.php(340): CodeIgniter\CodeIgniter->handleRequest(null, Object(Config\Cache), false)
 7 FCPATH\index.php(67): CodeIgniter\CodeIgniter->run()
CRITICAL - 2022-09-12 12:30:58 --> syntax error, unexpected token ";"
in APPPATH\Controllers\Login.php on line 13.
 1 SYSTEMPATH\Autoloader\Autoloader.php(259): CodeIgniter\Autoloader\Autoloader->includeFile('APPPATH\\Controllers\\Login.php')
 2 SYSTEMPATH\Autoloader\Autoloader.php(237): CodeIgniter\Autoloader\Autoloader->loadInNamespace('App\\Controllers\\Login')
 3 [internal function]: CodeIgniter\Autoloader\Autoloader->loadClass('App\\Controllers\\Login')
 4 SYSTEMPATH\CodeIgniter.php(848): class_exists('\\App\\Controllers\\Login', true)
 5 SYSTEMPATH\CodeIgniter.php(444): CodeIgniter\CodeIgniter->startController()
 6 SYSTEMPATH\CodeIgniter.php(340): CodeIgniter\CodeIgniter->handleRequest(null, Object(Config\Cache), false)
 7 FCPATH\index.php(67): CodeIgniter\CodeIgniter->run()
CRITICAL - 2022-09-12 12:30:59 --> syntax error, unexpected token ";"
in APPPATH\Controllers\Login.php on line 13.
 1 SYSTEMPATH\Autoloader\Autoloader.php(259): CodeIgniter\Autoloader\Autoloader->includeFile('APPPATH\\Controllers\\Login.php')
 2 SYSTEMPATH\Autoloader\Autoloader.php(237): CodeIgniter\Autoloader\Autoloader->loadInNamespace('App\\Controllers\\Login')
 3 [internal function]: CodeIgniter\Autoloader\Autoloader->loadClass('App\\Controllers\\Login')
 4 SYSTEMPATH\CodeIgniter.php(848): class_exists('\\App\\Controllers\\Login', true)
 5 SYSTEMPATH\CodeIgniter.php(444): CodeIgniter\CodeIgniter->startController()
 6 SYSTEMPATH\CodeIgniter.php(340): CodeIgniter\CodeIgniter->handleRequest(null, Object(Config\Cache), false)
 7 FCPATH\index.php(67): CodeIgniter\CodeIgniter->run()
CRITICAL - 2022-09-12 12:31:00 --> syntax error, unexpected token ";"
in APPPATH\Controllers\Login.php on line 13.
 1 SYSTEMPATH\Autoloader\Autoloader.php(259): CodeIgniter\Autoloader\Autoloader->includeFile('APPPATH\\Controllers\\Login.php')
 2 SYSTEMPATH\Autoloader\Autoloader.php(237): CodeIgniter\Autoloader\Autoloader->loadInNamespace('App\\Controllers\\Login')
 3 [internal function]: CodeIgniter\Autoloader\Autoloader->loadClass('App\\Controllers\\Login')
 4 SYSTEMPATH\CodeIgniter.php(848): class_exists('\\App\\Controllers\\Login', true)
 5 SYSTEMPATH\CodeIgniter.php(444): CodeIgniter\CodeIgniter->startController()
 6 SYSTEMPATH\CodeIgniter.php(340): CodeIgniter\CodeIgniter->handleRequest(null, Object(Config\Cache), false)
 7 FCPATH\index.php(67): CodeIgniter\CodeIgniter->run()
CRITICAL - 2022-09-12 12:31:36 --> syntax error, unexpected token ";"
in APPPATH\Controllers\Login.php on line 13.
 1 SYSTEMPATH\Autoloader\Autoloader.php(259): CodeIgniter\Autoloader\Autoloader->includeFile('APPPATH\\Controllers\\Login.php')
 2 SYSTEMPATH\Autoloader\Autoloader.php(237): CodeIgniter\Autoloader\Autoloader->loadInNamespace('App\\Controllers\\Login')
 3 [internal function]: CodeIgniter\Autoloader\Autoloader->loadClass('App\\Controllers\\Login')
 4 SYSTEMPATH\CodeIgniter.php(848): class_exists('\\App\\Controllers\\Login', true)
 5 SYSTEMPATH\CodeIgniter.php(444): CodeIgniter\CodeIgniter->startController()
 6 SYSTEMPATH\CodeIgniter.php(340): CodeIgniter\CodeIgniter->handleRequest(null, Object(Config\Cache), false)
 7 FCPATH\index.php(67): CodeIgniter\CodeIgniter->run()
CRITICAL - 2022-09-12 12:31:37 --> syntax error, unexpected token ";"
in APPPATH\Controllers\Login.php on line 13.
 1 SYSTEMPATH\Autoloader\Autoloader.php(259): CodeIgniter\Autoloader\Autoloader->includeFile('APPPATH\\Controllers\\Login.php')
 2 SYSTEMPATH\Autoloader\Autoloader.php(237): CodeIgniter\Autoloader\Autoloader->loadInNamespace('App\\Controllers\\Login')
 3 [internal function]: CodeIgniter\Autoloader\Autoloader->loadClass('App\\Controllers\\Login')
 4 SYSTEMPATH\CodeIgniter.php(848): class_exists('\\App\\Controllers\\Login', true)
 5 SYSTEMPATH\CodeIgniter.php(444): CodeIgniter\CodeIgniter->startController()
 6 SYSTEMPATH\CodeIgniter.php(340): CodeIgniter\CodeIgniter->handleRequest(null, Object(Config\Cache), false)
 7 FCPATH\index.php(67): CodeIgniter\CodeIgniter->run()
CRITICAL - 2022-09-12 12:31:39 --> syntax error, unexpected token ";"
in APPPATH\Controllers\Login.php on line 13.
 1 SYSTEMPATH\Autoloader\Autoloader.php(259): CodeIgniter\Autoloader\Autoloader->includeFile('APPPATH\\Controllers\\Login.php')
 2 SYSTEMPATH\Autoloader\Autoloader.php(237): CodeIgniter\Autoloader\Autoloader->loadInNamespace('App\\Controllers\\Login')
 3 [internal function]: CodeIgniter\Autoloader\Autoloader->loadClass('App\\Controllers\\Login')
 4 SYSTEMPATH\CodeIgniter.php(848): class_exists('\\App\\Controllers\\Login', true)
 5 SYSTEMPATH\CodeIgniter.php(444): CodeIgniter\CodeIgniter->startController()
 6 SYSTEMPATH\CodeIgniter.php(340): CodeIgniter\CodeIgniter->handleRequest(null, Object(Config\Cache), false)
 7 FCPATH\index.php(67): CodeIgniter\CodeIgniter->run()
CRITICAL - 2022-09-12 12:32:53 --> syntax error, unexpected variable "$validarUsuario"
in APPPATH\Controllers\Login.php on line 20.
 1 SYSTEMPATH\Autoloader\Autoloader.php(259): CodeIgniter\Autoloader\Autoloader->includeFile('APPPATH\\Controllers\\Login.php')
 2 SYSTEMPATH\Autoloader\Autoloader.php(237): CodeIgniter\Autoloader\Autoloader->loadInNamespace('App\\Controllers\\Login')
 3 [internal function]: CodeIgniter\Autoloader\Autoloader->loadClass('App\\Controllers\\Login')
 4 SYSTEMPATH\CodeIgniter.php(848): class_exists('\\App\\Controllers\\Login', true)
 5 SYSTEMPATH\CodeIgniter.php(444): CodeIgniter\CodeIgniter->startController()
 6 SYSTEMPATH\CodeIgniter.php(340): CodeIgniter\CodeIgniter->handleRequest(null, Object(Config\Cache), false)
 7 FCPATH\index.php(67): CodeIgniter\CodeIgniter->run()
CRITICAL - 2022-09-12 12:33:43 --> syntax error, unexpected variable "$data", expecting ")"
in APPPATH\Controllers\Login.php on line 32.
 1 SYSTEMPATH\Autoloader\Autoloader.php(259): CodeIgniter\Autoloader\Autoloader->includeFile('APPPATH\\Controllers\\Login.php')
 2 SYSTEMPATH\Autoloader\Autoloader.php(237): CodeIgniter\Autoloader\Autoloader->loadInNamespace('App\\Controllers\\Login')
 3 [internal function]: CodeIgniter\Autoloader\Autoloader->loadClass('App\\Controllers\\Login')
 4 SYSTEMPATH\CodeIgniter.php(848): class_exists('\\App\\Controllers\\Login', true)
 5 SYSTEMPATH\CodeIgniter.php(444): CodeIgniter\CodeIgniter->startController()
 6 SYSTEMPATH\CodeIgniter.php(340): CodeIgniter\CodeIgniter->handleRequest(null, Object(Config\Cache), false)
 7 FCPATH\index.php(67): CodeIgniter\CodeIgniter->run()
CRITICAL - 2022-09-12 12:33:59 --> Call to undefined method CodeIgniter\HTTP\IncomingRequest::getMehod()
in APPPATH\Controllers\Login.php on line 12.
 1 SYSTEMPATH\CodeIgniter.php(898): App\Controllers\Login->index()
 2 SYSTEMPATH\CodeIgniter.php(457): CodeIgniter\CodeIgniter->runController(Object(App\Controllers\Login))
 3 SYSTEMPATH\CodeIgniter.php(340): CodeIgniter\CodeIgniter->handleRequest(null, Object(Config\Cache), false)
 4 FCPATH\index.php(67): CodeIgniter\CodeIgniter->run()
CRITICAL - 2022-09-12 12:54:02 --> syntax error, unexpected single-quoted string "login", expecting ")"
in APPPATH\Config\Routes.php on line 42.
 1 SYSTEMPATH\CodeIgniter.php(406): CodeIgniter\CodeIgniter->tryToRouteIt(null)
 2 SYSTEMPATH\CodeIgniter.php(340): CodeIgniter\CodeIgniter->handleRequest(null, Object(Config\Cache), false)
 3 FCPATH\index.php(67): CodeIgniter\CodeIgniter->run()
CRITICAL - 2022-09-12 12:56:25 --> Undefined variable $validar
in APPPATH\Controllers\Login.php on line 15.
 1 APPPATH\Controllers\Login.php(15): CodeIgniter\Debug\Exceptions->errorHandler(2, 'Undefined variable $validar', 'APPPATH\\Controllers\\Login.php', 15)
 2 SYSTEMPATH\CodeIgniter.php(898): App\Controllers\Login->index()
 3 SYSTEMPATH\CodeIgniter.php(457): CodeIgniter\CodeIgniter->runController(Object(App\Controllers\Login))
 4 SYSTEMPATH\CodeIgniter.php(340): CodeIgniter\CodeIgniter->handleRequest(null, Object(Config\Cache), false)
 5 FCPATH\index.php(67): CodeIgniter\CodeIgniter->run()
CRITICAL - 2022-09-12 12:59:20 --> Call to undefined method App\Models\UsuarioModel::were
in SYSTEMPATH\Model.php on line 773.
 1 APPPATH\Models\UsuarioModel.php(44): CodeIgniter\Model->__call('were', [...])
 2 APPPATH\Controllers\Login.php(17): App\Models\UsuarioModel->validar(null, '888888')
 3 SYSTEMPATH\CodeIgniter.php(898): App\Controllers\Login->index()
 4 SYSTEMPATH\CodeIgniter.php(457): CodeIgniter\CodeIgniter->runController(Object(App\Controllers\Login))
 5 SYSTEMPATH\CodeIgniter.php(340): CodeIgniter\CodeIgniter->handleRequest(null, Object(Config\Cache), false)
 6 FCPATH\index.php(67): CodeIgniter\CodeIgniter->run()
CRITICAL - 2022-09-12 13:01:32 --> Call to undefined method App\Models\UsuarioModel::fisrt
in SYSTEMPATH\Model.php on line 773.
 1 APPPATH\Models\UsuarioModel.php(44): CodeIgniter\Model->__call('fisrt', [])
 2 APPPATH\Controllers\Login.php(17): App\Models\UsuarioModel->validar(null, '888888')
 3 SYSTEMPATH\CodeIgniter.php(898): App\Controllers\Login->index()
 4 SYSTEMPATH\CodeIgniter.php(457): CodeIgniter\CodeIgniter->runController(Object(App\Controllers\Login))
 5 SYSTEMPATH\CodeIgniter.php(340): CodeIgniter\CodeIgniter->handleRequest(null, Object(Config\Cache), false)
 6 FCPATH\index.php(67): CodeIgniter\CodeIgniter->run()
CRITICAL - 2022-09-12 13:10:43 --> Attempt to read property "senha" on array
in APPPATH\Models\UsuarioModel.php on line 49.
 1 APPPATH\Models\UsuarioModel.php(49): CodeIgniter\Debug\Exceptions->errorHandler(2, 'Attempt to read property "senha" on array', 'APPPATH\\Models\\UsuarioModel.php', 49)
 2 APPPATH\Controllers\Login.php(17): App\Models\UsuarioModel->validar('teste123@gmail.com', '123')
 3 SYSTEMPATH\CodeIgniter.php(898): App\Controllers\Login->index()
 4 SYSTEMPATH\CodeIgniter.php(457): CodeIgniter\CodeIgniter->runController(Object(App\Controllers\Login))
 5 SYSTEMPATH\CodeIgniter.php(340): CodeIgniter\CodeIgniter->handleRequest(null, Object(Config\Cache), false)
 6 FCPATH\index.php(67): CodeIgniter\CodeIgniter->run()
CRITICAL - 2022-09-12 13:26:30 --> Attempt to read property "senha" on array
in APPPATH\Models\UsuarioModel.php on line 49.
 1 APPPATH\Models\UsuarioModel.php(49): CodeIgniter\Debug\Exceptions->errorHandler(2, 'Attempt to read property "senha" on array', 'APPPATH\\Models\\UsuarioModel.php', 49)
 2 APPPATH\Controllers\Login.php(17): App\Models\UsuarioModel->validar('teste123@gmail.com', '1234')
 3 SYSTEMPATH\CodeIgniter.php(898): App\Controllers\Login->index()
 4 SYSTEMPATH\CodeIgniter.php(457): CodeIgniter\CodeIgniter->runController(Object(App\Controllers\Login))
 5 SYSTEMPATH\CodeIgniter.php(340): CodeIgniter\CodeIgniter->handleRequest(null, Object(Config\Cache), false)
 6 FCPATH\index.php(67): CodeIgniter\CodeIgniter->run()
CRITICAL - 2022-09-12 13:28:52 --> Attempt to read property "senha" on array
in APPPATH\Models\UsuarioModel.php on line 49.
 1 APPPATH\Models\UsuarioModel.php(49): CodeIgniter\Debug\Exceptions->errorHandler(2, 'Attempt to read property "senha" on array', 'APPPATH\\Models\\UsuarioModel.php', 49)
 2 APPPATH\Controllers\Login.php(17): App\Models\UsuarioModel->validar('teste123@gmail.com', '1234')
 3 SYSTEMPATH\CodeIgniter.php(898): App\Controllers\Login->index()
 4 SYSTEMPATH\CodeIgniter.php(457): CodeIgniter\CodeIgniter->runController(Object(App\Controllers\Login))
 5 SYSTEMPATH\CodeIgniter.php(340): CodeIgniter\CodeIgniter->handleRequest(null, Object(Config\Cache), false)
 6 FCPATH\index.php(67): CodeIgniter\CodeIgniter->run()
CRITICAL - 2022-09-12 13:31:28 --> Object of type App\Models\UsuarioModel is not callable
in APPPATH\Models\UsuarioModel.php on line 44.
 1 APPPATH\Controllers\Login.php(17): App\Models\UsuarioModel->validar('teste123@gmail.com', '1234')
 2 SYSTEMPATH\CodeIgniter.php(898): App\Controllers\Login->index()
 3 SYSTEMPATH\CodeIgniter.php(457): CodeIgniter\CodeIgniter->runController(Object(App\Controllers\Login))
 4 SYSTEMPATH\CodeIgniter.php(340): CodeIgniter\CodeIgniter->handleRequest(null, Object(Config\Cache), false)
 5 FCPATH\index.php(67): CodeIgniter\CodeIgniter->run()
CRITICAL - 2022-09-12 13:31:35 --> Attempt to read property "senha" on array
in APPPATH\Models\UsuarioModel.php on line 49.
 1 APPPATH\Models\UsuarioModel.php(49): CodeIgniter\Debug\Exceptions->errorHandler(2, 'Attempt to read property "senha" on array', 'APPPATH\\Models\\UsuarioModel.php', 49)
 2 APPPATH\Controllers\Login.php(17): App\Models\UsuarioModel->validar('teste123@gmail.com', '1234')
 3 SYSTEMPATH\CodeIgniter.php(898): App\Controllers\Login->index()
 4 SYSTEMPATH\CodeIgniter.php(457): CodeIgniter\CodeIgniter->runController(Object(App\Controllers\Login))
 5 SYSTEMPATH\CodeIgniter.php(340): CodeIgniter\CodeIgniter->handleRequest(null, Object(Config\Cache), false)
 6 FCPATH\index.php(67): CodeIgniter\CodeIgniter->run()
CRITICAL - 2022-09-12 13:37:56 --> syntax error, unexpected single-quoted string "email", expecting "]"
in APPPATH\Models\UsuarioModel.php on line 32.
 1 SYSTEMPATH\Autoloader\Autoloader.php(259): CodeIgniter\Autoloader\Autoloader->includeFile('APPPATH\\Models\\UsuarioModel.php')
 2 SYSTEMPATH\Autoloader\Autoloader.php(237): CodeIgniter\Autoloader\Autoloader->loadInNamespace('App\\Models\\UsuarioModel')
 3 [internal function]: CodeIgniter\Autoloader\Autoloader->loadClass('App\\Models\\UsuarioModel')
 4 SYSTEMPATH\Config\Factories.php(152): class_exists('App\\Models\\UsuarioModel')
 5 SYSTEMPATH\Config\Factories.php(122): CodeIgniter\Config\Factories::locateClass([...], 'UsuarioModel')
 6 SYSTEMPATH\Config\Factories.php(83): CodeIgniter\Config\Factories::__callStatic('models', [...])
 7 SYSTEMPATH\Common.php(812): CodeIgniter\Config\Factories::models('UsuarioModel', [...], null)
 8 APPPATH\Controllers\Login.php(13): model('UsuarioModel')
 9 SYSTEMPATH\CodeIgniter.php(898): App\Controllers\Login->index()
10 SYSTEMPATH\CodeIgniter.php(457): CodeIgniter\CodeIgniter->runController(Object(App\Controllers\Login))
11 SYSTEMPATH\CodeIgniter.php(340): CodeIgniter\CodeIgniter->handleRequest(null, Object(Config\Cache), false)
12 FCPATH\index.php(67): CodeIgniter\CodeIgniter->run()
CRITICAL - 2022-09-12 13:39:09 --> syntax error, unexpected single-quoted string "email", expecting "]"
in APPPATH\Models\UsuarioModel.php on line 32.
 1 SYSTEMPATH\Autoloader\Autoloader.php(259): CodeIgniter\Autoloader\Autoloader->includeFile('APPPATH\\Models\\UsuarioModel.php')
 2 SYSTEMPATH\Autoloader\Autoloader.php(237): CodeIgniter\Autoloader\Autoloader->loadInNamespace('App\\Models\\UsuarioModel')
 3 [internal function]: CodeIgniter\Autoloader\Autoloader->loadClass('App\\Models\\UsuarioModel')
 4 SYSTEMPATH\Config\Factories.php(152): class_exists('App\\Models\\UsuarioModel')
 5 SYSTEMPATH\Config\Factories.php(122): CodeIgniter\Config\Factories::locateClass([...], 'UsuarioModel')
 6 SYSTEMPATH\Config\Factories.php(83): CodeIgniter\Config\Factories::__callStatic('models', [...])
 7 SYSTEMPATH\Common.php(812): CodeIgniter\Config\Factories::models('UsuarioModel', [...], null)
 8 APPPATH\Controllers\Login.php(13): model('UsuarioModel')
 9 SYSTEMPATH\CodeIgniter.php(898): App\Controllers\Login->index()
10 SYSTEMPATH\CodeIgniter.php(457): CodeIgniter\CodeIgniter->runController(Object(App\Controllers\Login))
11 SYSTEMPATH\CodeIgniter.php(340): CodeIgniter\CodeIgniter->handleRequest(null, Object(Config\Cache), false)
12 FCPATH\index.php(67): CodeIgniter\CodeIgniter->run()
CRITICAL - 2022-09-12 13:40:43 --> syntax error, unexpected single-quoted string "email", expecting "]"
in APPPATH\Models\UsuarioModel.php on line 32.
 1 SYSTEMPATH\Autoloader\Autoloader.php(259): CodeIgniter\Autoloader\Autoloader->includeFile('APPPATH\\Models\\UsuarioModel.php')
 2 SYSTEMPATH\Autoloader\Autoloader.php(237): CodeIgniter\Autoloader\Autoloader->loadInNamespace('App\\Models\\UsuarioModel')
 3 [internal function]: CodeIgniter\Autoloader\Autoloader->loadClass('App\\Models\\UsuarioModel')
 4 SYSTEMPATH\Config\Factories.php(152): class_exists('App\\Models\\UsuarioModel')
 5 SYSTEMPATH\Config\Factories.php(122): CodeIgniter\Config\Factories::locateClass([...], 'UsuarioModel')
 6 SYSTEMPATH\Config\Factories.php(83): CodeIgniter\Config\Factories::__callStatic('models', [...])
 7 SYSTEMPATH\Common.php(812): CodeIgniter\Config\Factories::models('UsuarioModel', [...], null)
 8 APPPATH\Controllers\Login.php(13): model('UsuarioModel')
 9 SYSTEMPATH\CodeIgniter.php(898): App\Controllers\Login->index()
10 SYSTEMPATH\CodeIgniter.php(457): CodeIgniter\CodeIgniter->runController(Object(App\Controllers\Login))
11 SYSTEMPATH\CodeIgniter.php(340): CodeIgniter\CodeIgniter->handleRequest(null, Object(Config\Cache), false)
12 FCPATH\index.php(67): CodeIgniter\CodeIgniter->run()
CRITICAL - 2022-09-12 13:42:04 --> syntax error, unexpected single-quoted string "email", expecting "]"
in APPPATH\Models\UsuarioModel.php on line 32.
 1 SYSTEMPATH\Autoloader\Autoloader.php(259): CodeIgniter\Autoloader\Autoloader->includeFile('APPPATH\\Models\\UsuarioModel.php')
 2 SYSTEMPATH\Autoloader\Autoloader.php(237): CodeIgniter\Autoloader\Autoloader->loadInNamespace('App\\Models\\UsuarioModel')
 3 [internal function]: CodeIgniter\Autoloader\Autoloader->loadClass('App\\Models\\UsuarioModel')
 4 SYSTEMPATH\Config\Factories.php(152): class_exists('App\\Models\\UsuarioModel')
 5 SYSTEMPATH\Config\Factories.php(122): CodeIgniter\Config\Factories::locateClass([...], 'UsuarioModel')
 6 SYSTEMPATH\Config\Factories.php(83): CodeIgniter\Config\Factories::__callStatic('models', [...])
 7 SYSTEMPATH\Common.php(812): CodeIgniter\Config\Factories::models('UsuarioModel', [...], null)
 8 APPPATH\Controllers\Login.php(13): model('UsuarioModel')
 9 SYSTEMPATH\CodeIgniter.php(898): App\Controllers\Login->index()
10 SYSTEMPATH\CodeIgniter.php(457): CodeIgniter\CodeIgniter->runController(Object(App\Controllers\Login))
11 SYSTEMPATH\CodeIgniter.php(340): CodeIgniter\CodeIgniter->handleRequest(null, Object(Config\Cache), false)
12 FCPATH\index.php(67): CodeIgniter\CodeIgniter->run()
CRITICAL - 2022-09-12 13:45:29 --> Attempt to read property "senha" on array
in APPPATH\Models\UsuarioModel.php on line 52.
 1 APPPATH\Models\UsuarioModel.php(52): CodeIgniter\Debug\Exceptions->errorHandler(2, 'Attempt to read property "senha" on array', 'APPPATH\\Models\\UsuarioModel.php', 52)
 2 APPPATH\Controllers\Login.php(17): App\Models\UsuarioModel->validar('teste123@gmail.com', '1234')
 3 SYSTEMPATH\CodeIgniter.php(898): App\Controllers\Login->index()
 4 SYSTEMPATH\CodeIgniter.php(457): CodeIgniter\CodeIgniter->runController(Object(App\Controllers\Login))
 5 SYSTEMPATH\CodeIgniter.php(340): CodeIgniter\CodeIgniter->handleRequest(null, Object(Config\Cache), false)
 6 FCPATH\index.php(67): CodeIgniter\CodeIgniter->run()
CRITICAL - 2022-09-12 13:53:34 --> Attempt to read property "senha" on array
in APPPATH\Models\UsuarioModel.php on line 52.
 1 APPPATH\Models\UsuarioModel.php(52): CodeIgniter\Debug\Exceptions->errorHandler(2, 'Attempt to read property "senha" on array', 'APPPATH\\Models\\UsuarioModel.php', 52)
 2 APPPATH\Controllers\Login.php(17): App\Models\UsuarioModel->validar('teste123@gmail.com', '1234')
 3 SYSTEMPATH\CodeIgniter.php(898): App\Controllers\Login->index()
 4 SYSTEMPATH\CodeIgniter.php(457): CodeIgniter\CodeIgniter->runController(Object(App\Controllers\Login))
 5 SYSTEMPATH\CodeIgniter.php(340): CodeIgniter\CodeIgniter->handleRequest(null, Object(Config\Cache), false)
 6 FCPATH\index.php(67): CodeIgniter\CodeIgniter->run()
CRITICAL - 2022-09-12 13:55:35 --> Attempt to read property "senha" on array
in APPPATH\Models\UsuarioModel.php on line 52.
 1 APPPATH\Models\UsuarioModel.php(52): CodeIgniter\Debug\Exceptions->errorHandler(2, 'Attempt to read property "senha" on array', 'APPPATH\\Models\\UsuarioModel.php', 52)
 2 APPPATH\Controllers\Login.php(17): App\Models\UsuarioModel->validar('teste123@gmail.com', '1234')
 3 SYSTEMPATH\CodeIgniter.php(898): App\Controllers\Login->index()
 4 SYSTEMPATH\CodeIgniter.php(457): CodeIgniter\CodeIgniter->runController(Object(App\Controllers\Login))
 5 SYSTEMPATH\CodeIgniter.php(340): CodeIgniter\CodeIgniter->handleRequest(null, Object(Config\Cache), false)
 6 FCPATH\index.php(67): CodeIgniter\CodeIgniter->run()
CRITICAL - 2022-09-12 13:56:12 --> Undefined property: stdClass::$nome
in APPPATH\Controllers\Login.php on line 26.
 1 APPPATH\Controllers\Login.php(26): CodeIgniter\Debug\Exceptions->errorHandler(2, 'Undefined property: stdClass::$nome', 'APPPATH\\Controllers\\Login.php', 26)
 2 SYSTEMPATH\CodeIgniter.php(898): App\Controllers\Login->index()
 3 SYSTEMPATH\CodeIgniter.php(457): CodeIgniter\CodeIgniter->runController(Object(App\Controllers\Login))
 4 SYSTEMPATH\CodeIgniter.php(340): CodeIgniter\CodeIgniter->handleRequest(null, Object(Config\Cache), false)
 5 FCPATH\index.php(67): CodeIgniter\CodeIgniter->run()
CRITICAL - 2022-09-12 13:56:23 --> Attempt to read property "senha" on array
in APPPATH\Models\UsuarioModel.php on line 52.
 1 APPPATH\Models\UsuarioModel.php(52): CodeIgniter\Debug\Exceptions->errorHandler(2, 'Attempt to read property "senha" on array', 'APPPATH\\Models\\UsuarioModel.php', 52)
 2 APPPATH\Controllers\Login.php(17): App\Models\UsuarioModel->validar('teste123@gmail.com', '1234')
 3 SYSTEMPATH\CodeIgniter.php(898): App\Controllers\Login->index()
 4 SYSTEMPATH\CodeIgniter.php(457): CodeIgniter\CodeIgniter->runController(Object(App\Controllers\Login))
 5 SYSTEMPATH\CodeIgniter.php(340): CodeIgniter\CodeIgniter->handleRequest(null, Object(Config\Cache), false)
 6 FCPATH\index.php(67): CodeIgniter\CodeIgniter->run()
CRITICAL - 2022-09-12 14:02:00 --> Attempt to read property "senha" on array
in APPPATH\Models\UsuarioModel.php on line 52.
 1 APPPATH\Models\UsuarioModel.php(52): CodeIgniter\Debug\Exceptions->errorHandler(2, 'Attempt to read property "senha" on array', 'APPPATH\\Models\\UsuarioModel.php', 52)
 2 APPPATH\Controllers\Login.php(17): App\Models\UsuarioModel->validar('teste123@gmail.com', '1234')
 3 SYSTEMPATH\CodeIgniter.php(898): App\Controllers\Login->index()
 4 SYSTEMPATH\CodeIgniter.php(457): CodeIgniter\CodeIgniter->runController(Object(App\Controllers\Login))
 5 SYSTEMPATH\CodeIgniter.php(340): CodeIgniter\CodeIgniter->handleRequest(null, Object(Config\Cache), false)
 6 FCPATH\index.php(67): CodeIgniter\CodeIgniter->run()
CRITICAL - 2022-09-12 14:06:09 --> Attempt to read property "senha" on array
in APPPATH\Models\UsuarioModel.php on line 52.
 1 APPPATH\Models\UsuarioModel.php(52): CodeIgniter\Debug\Exceptions->errorHandler(2, 'Attempt to read property "senha" on array', 'APPPATH\\Models\\UsuarioModel.php', 52)
 2 APPPATH\Controllers\Login.php(17): App\Models\UsuarioModel->validar('teste123@gmail.com', '1234')
 3 SYSTEMPATH\CodeIgniter.php(898): App\Controllers\Login->index()
 4 SYSTEMPATH\CodeIgniter.php(457): CodeIgniter\CodeIgniter->runController(Object(App\Controllers\Login))
 5 SYSTEMPATH\CodeIgniter.php(340): CodeIgniter\CodeIgniter->handleRequest(null, Object(Config\Cache), false)
 6 FCPATH\index.php(67): CodeIgniter\CodeIgniter->run()
CRITICAL - 2022-09-12 14:08:54 --> Attempt to read property "senha" on array
in APPPATH\Models\UsuarioModel.php on line 52.
 1 APPPATH\Models\UsuarioModel.php(52): CodeIgniter\Debug\Exceptions->errorHandler(2, 'Attempt to read property "senha" on array', 'APPPATH\\Models\\UsuarioModel.php', 52)
 2 APPPATH\Controllers\Login.php(17): App\Models\UsuarioModel->validar('teste123@gmail.com', '1234')
 3 SYSTEMPATH\CodeIgniter.php(898): App\Controllers\Login->index()
 4 SYSTEMPATH\CodeIgniter.php(457): CodeIgniter\CodeIgniter->runController(Object(App\Controllers\Login))
 5 SYSTEMPATH\CodeIgniter.php(340): CodeIgniter\CodeIgniter->handleRequest(null, Object(Config\Cache), false)
 6 FCPATH\index.php(67): CodeIgniter\CodeIgniter->run()
CRITICAL - 2022-09-12 14:09:31 --> Attempt to read property "senha" on array
in APPPATH\Models\UsuarioModel.php on line 52.
 1 APPPATH\Models\UsuarioModel.php(52): CodeIgniter\Debug\Exceptions->errorHandler(2, 'Attempt to read property "senha" on array', 'APPPATH\\Models\\UsuarioModel.php', 52)
 2 APPPATH\Controllers\Login.php(17): App\Models\UsuarioModel->validar('teste123@gmail.com', '1234')
 3 SYSTEMPATH\CodeIgniter.php(898): App\Controllers\Login->index()
 4 SYSTEMPATH\CodeIgniter.php(457): CodeIgniter\CodeIgniter->runController(Object(App\Controllers\Login))
 5 SYSTEMPATH\CodeIgniter.php(340): CodeIgniter\CodeIgniter->handleRequest(null, Object(Config\Cache), false)
 6 FCPATH\index.php(67): CodeIgniter\CodeIgniter->run()
CRITICAL - 2022-09-12 14:23:05 --> Undefined property: stdClass::$nome
in APPPATH\Controllers\Login.php on line 26.
 1 APPPATH\Controllers\Login.php(26): CodeIgniter\Debug\Exceptions->errorHandler(2, 'Undefined property: stdClass::$nome', 'APPPATH\\Controllers\\Login.php', 26)
 2 SYSTEMPATH\CodeIgniter.php(898): App\Controllers\Login->index()
 3 SYSTEMPATH\CodeIgniter.php(457): CodeIgniter\CodeIgniter->runController(Object(App\Controllers\Login))
 4 SYSTEMPATH\CodeIgniter.php(340): CodeIgniter\CodeIgniter->handleRequest(null, Object(Config\Cache), false)
 5 FCPATH\index.php(67): CodeIgniter\CodeIgniter->run()
CRITICAL - 2022-09-12 14:24:31 --> Undefined property: stdClass::$nome
in APPPATH\Controllers\Login.php on line 26.
 1 APPPATH\Controllers\Login.php(26): CodeIgniter\Debug\Exceptions->errorHandler(2, 'Undefined property: stdClass::$nome', 'APPPATH\\Controllers\\Login.php', 26)
 2 SYSTEMPATH\CodeIgniter.php(898): App\Controllers\Login->index()
 3 SYSTEMPATH\CodeIgniter.php(457): CodeIgniter\CodeIgniter->runController(Object(App\Controllers\Login))
 4 SYSTEMPATH\CodeIgniter.php(340): CodeIgniter\CodeIgniter->handleRequest(null, Object(Config\Cache), false)
 5 FCPATH\index.php(67): CodeIgniter\CodeIgniter->run()
CRITICAL - 2022-09-12 14:25:09 --> Undefined property: stdClass::$nome
in APPPATH\Controllers\Login.php on line 26.
 1 APPPATH\Controllers\Login.php(26): CodeIgniter\Debug\Exceptions->errorHandler(2, 'Undefined property: stdClass::$nome', 'APPPATH\\Controllers\\Login.php', 26)
 2 SYSTEMPATH\CodeIgniter.php(898): App\Controllers\Login->index()
 3 SYSTEMPATH\CodeIgniter.php(457): CodeIgniter\CodeIgniter->runController(Object(App\Controllers\Login))
 4 SYSTEMPATH\CodeIgniter.php(340): CodeIgniter\CodeIgniter->handleRequest(null, Object(Config\Cache), false)
 5 FCPATH\index.php(67): CodeIgniter\CodeIgniter->run()
CRITICAL - 2022-09-12 14:26:37 --> syntax error, unexpected token ";", expecting ")"
in APPPATH\Controllers\Admin\Home.php on line 11.
 1 SYSTEMPATH\Autoloader\Autoloader.php(259): CodeIgniter\Autoloader\Autoloader->includeFile('APPPATH\\Controllers\\Admin\\Home.php')
 2 SYSTEMPATH\Autoloader\Autoloader.php(237): CodeIgniter\Autoloader\Autoloader->loadInNamespace('App\\Controllers\\Admin\\Home')
 3 [internal function]: CodeIgniter\Autoloader\Autoloader->loadClass('App\\Controllers\\Admin\\Home')
 4 SYSTEMPATH\CodeIgniter.php(848): class_exists('\\App\\Controllers\\Admin\\Home', true)
 5 SYSTEMPATH\CodeIgniter.php(444): CodeIgniter\CodeIgniter->startController()
 6 SYSTEMPATH\CodeIgniter.php(340): CodeIgniter\CodeIgniter->handleRequest(null, Object(Config\Cache), false)
 7 FCPATH\index.php(67): CodeIgniter\CodeIgniter->run()
CRITICAL - 2022-09-12 15:08:06 --> syntax error, unexpected token "}", expecting ";"
in APPPATH\Controllers\Admin\Home.php on line 13.
 1 SYSTEMPATH\Autoloader\Autoloader.php(259): CodeIgniter\Autoloader\Autoloader->includeFile('APPPATH\\Controllers\\Admin\\Home.php')
 2 SYSTEMPATH\Autoloader\Autoloader.php(237): CodeIgniter\Autoloader\Autoloader->loadInNamespace('App\\Controllers\\Admin\\Home')
 3 [internal function]: CodeIgniter\Autoloader\Autoloader->loadClass('App\\Controllers\\Admin\\Home')
 4 SYSTEMPATH\CodeIgniter.php(848): class_exists('\\App\\Controllers\\Admin\\Home', true)
 5 SYSTEMPATH\CodeIgniter.php(444): CodeIgniter\CodeIgniter->startController()
 6 SYSTEMPATH\CodeIgniter.php(340): CodeIgniter\CodeIgniter->handleRequest(null, Object(Config\Cache), false)
 7 FCPATH\index.php(67): CodeIgniter\CodeIgniter->run()
CRITICAL - 2022-09-12 15:08:16 --> Undefined variable $animal
in APPPATH\Views\animal.php on line 117.
 1 APPPATH\Views\animal.php(117): CodeIgniter\Debug\Exceptions->errorHandler(2, 'Undefined variable $animal', 'APPPATH\\Views\\animal.php', 117)
 2 SYSTEMPATH\View\View.php(213): include('APPPATH\\Views\\animal.php')
 3 SYSTEMPATH\View\View.php(216): CodeIgniter\View\View->CodeIgniter\View\{closure}()
 4 SYSTEMPATH\Common.php(1137): CodeIgniter\View\View->render('Animal', [], true)
 5 APPPATH\Controllers\Admin\Home.php(11): view('Animal')
 6 SYSTEMPATH\CodeIgniter.php(898): App\Controllers\admin\Home->index()
 7 SYSTEMPATH\CodeIgniter.php(457): CodeIgniter\CodeIgniter->runController(Object(App\Controllers\admin\Home))
 8 SYSTEMPATH\CodeIgniter.php(340): CodeIgniter\CodeIgniter->handleRequest(null, Object(Config\Cache), false)
 9 FCPATH\index.php(67): CodeIgniter\CodeIgniter->run()
CRITICAL - 2022-09-12 15:10:36 --> Undefined variable $testepaginainicial
in APPPATH\Views\paginainicial.php on line 170.
 1 APPPATH\Views\paginainicial.php(170): CodeIgniter\Debug\Exceptions->errorHandler(2, 'Undefined variable $testepaginainicial', 'APPPATH\\Views\\paginainicial.php', 170)
 2 SYSTEMPATH\View\View.php(213): include('APPPATH\\Views\\paginainicial.php')
 3 SYSTEMPATH\View\View.php(216): CodeIgniter\View\View->CodeIgniter\View\{closure}()
 4 SYSTEMPATH\Common.php(1137): CodeIgniter\View\View->render('paginainicial', [], true)
 5 APPPATH\Controllers\Usuario.php(23): view('paginainicial')
 6 SYSTEMPATH\CodeIgniter.php(898): App\Controllers\Usuario->paginainicial()
 7 SYSTEMPATH\CodeIgniter.php(457): CodeIgniter\CodeIgniter->runController(Object(App\Controllers\Usuario))
 8 SYSTEMPATH\CodeIgniter.php(340): CodeIgniter\CodeIgniter->handleRequest(null, Object(Config\Cache), false)
 9 FCPATH\index.php(67): CodeIgniter\CodeIgniter->run()
CRITICAL - 2022-09-12 15:12:12 --> Undefined variable $animal
in APPPATH\Views\paginainicial.php on line 117.
 1 APPPATH\Views\paginainicial.php(117): CodeIgniter\Debug\Exceptions->errorHandler(2, 'Undefined variable $animal', 'APPPATH\\Views\\paginainicial.php', 117)
 2 SYSTEMPATH\View\View.php(213): include('APPPATH\\Views\\paginainicial.php')
 3 SYSTEMPATH\View\View.php(216): CodeIgniter\View\View->CodeIgniter\View\{closure}()
 4 SYSTEMPATH\Common.php(1137): CodeIgniter\View\View->render('paginainicial', [], true)
 5 APPPATH\Controllers\Usuario.php(23): view('paginainicial')
 6 SYSTEMPATH\CodeIgniter.php(898): App\Controllers\Usuario->paginainicial()
 7 SYSTEMPATH\CodeIgniter.php(457): CodeIgniter\CodeIgniter->runController(Object(App\Controllers\Usuario))
 8 SYSTEMPATH\CodeIgniter.php(340): CodeIgniter\CodeIgniter->handleRequest(null, Object(Config\Cache), false)
 9 FCPATH\index.php(67): CodeIgniter\CodeIgniter->run()
CRITICAL - 2022-09-12 15:13:46 --> Undefined variable $animal
in APPPATH\Views\paginainicial.php on line 117.
 1 APPPATH\Views\paginainicial.php(117): CodeIgniter\Debug\Exceptions->errorHandler(2, 'Undefined variable $animal', 'APPPATH\\Views\\paginainicial.php', 117)
 2 SYSTEMPATH\View\View.php(213): include('APPPATH\\Views\\paginainicial.php')
 3 SYSTEMPATH\View\View.php(216): CodeIgniter\View\View->CodeIgniter\View\{closure}()
 4 SYSTEMPATH\Common.php(1137): CodeIgniter\View\View->render('paginainicial', [], true)
 5 APPPATH\Controllers\Usuario.php(23): view('paginainicial')
 6 SYSTEMPATH\CodeIgniter.php(898): App\Controllers\Usuario->paginainicial()
 7 SYSTEMPATH\CodeIgniter.php(457): CodeIgniter\CodeIgniter->runController(Object(App\Controllers\Usuario))
 8 SYSTEMPATH\CodeIgniter.php(340): CodeIgniter\CodeIgniter->handleRequest(null, Object(Config\Cache), false)
 9 FCPATH\index.php(67): CodeIgniter\CodeIgniter->run()
CRITICAL - 2022-09-12 15:13:49 --> Undefined variable $animal
in APPPATH\Views\paginainicial.php on line 117.
 1 APPPATH\Views\paginainicial.php(117): CodeIgniter\Debug\Exceptions->errorHandler(2, 'Undefined variable $animal', 'APPPATH\\Views\\paginainicial.php', 117)
 2 SYSTEMPATH\View\View.php(213): include('APPPATH\\Views\\paginainicial.php')
 3 SYSTEMPATH\View\View.php(216): CodeIgniter\View\View->CodeIgniter\View\{closure}()
 4 SYSTEMPATH\Common.php(1137): CodeIgniter\View\View->render('paginainicial', [], true)
 5 APPPATH\Controllers\Usuario.php(23): view('paginainicial')
 6 SYSTEMPATH\CodeIgniter.php(898): App\Controllers\Usuario->paginainicial()
 7 SYSTEMPATH\CodeIgniter.php(457): CodeIgniter\CodeIgniter->runController(Object(App\Controllers\Usuario))
 8 SYSTEMPATH\CodeIgniter.php(340): CodeIgniter\CodeIgniter->handleRequest(null, Object(Config\Cache), false)
 9 FCPATH\index.php(67): CodeIgniter\CodeIgniter->run()
CRITICAL - 2022-09-12 15:14:50 --> Undefined variable $paginainicial
in APPPATH\Views\paginainicial.php on line 117.
 1 APPPATH\Views\paginainicial.php(117): CodeIgniter\Debug\Exceptions->errorHandler(2, 'Undefined variable $paginainicial', 'APPPATH\\Views\\paginainicial.php', 117)
 2 SYSTEMPATH\View\View.php(213): include('APPPATH\\Views\\paginainicial.php')
 3 SYSTEMPATH\View\View.php(216): CodeIgniter\View\View->CodeIgniter\View\{closure}()
 4 SYSTEMPATH\Common.php(1137): CodeIgniter\View\View->render('paginainicial', [], true)
 5 APPPATH\Controllers\Usuario.php(23): view('paginainicial')
 6 SYSTEMPATH\CodeIgniter.php(898): App\Controllers\Usuario->paginainicial()
 7 SYSTEMPATH\CodeIgniter.php(457): CodeIgniter\CodeIgniter->runController(Object(App\Controllers\Usuario))
 8 SYSTEMPATH\CodeIgniter.php(340): CodeIgniter\CodeIgniter->handleRequest(null, Object(Config\Cache), false)
 9 FCPATH\index.php(67): CodeIgniter\CodeIgniter->run()
CRITICAL - 2022-09-12 15:14:52 --> Undefined variable $paginainicial
in APPPATH\Views\paginainicial.php on line 117.
 1 APPPATH\Views\paginainicial.php(117): CodeIgniter\Debug\Exceptions->errorHandler(2, 'Undefined variable $paginainicial', 'APPPATH\\Views\\paginainicial.php', 117)
 2 SYSTEMPATH\View\View.php(213): include('APPPATH\\Views\\paginainicial.php')
 3 SYSTEMPATH\View\View.php(216): CodeIgniter\View\View->CodeIgniter\View\{closure}()
 4 SYSTEMPATH\Common.php(1137): CodeIgniter\View\View->render('paginainicial', [], true)
 5 APPPATH\Controllers\Usuario.php(23): view('paginainicial')
 6 SYSTEMPATH\CodeIgniter.php(898): App\Controllers\Usuario->paginainicial()
 7 SYSTEMPATH\CodeIgniter.php(457): CodeIgniter\CodeIgniter->runController(Object(App\Controllers\Usuario))
 8 SYSTEMPATH\CodeIgniter.php(340): CodeIgniter\CodeIgniter->handleRequest(null, Object(Config\Cache), false)
 9 FCPATH\index.php(67): CodeIgniter\CodeIgniter->run()
CRITICAL - 2022-09-12 15:14:54 --> Undefined variable $paginainicial
in APPPATH\Views\paginainicial.php on line 117.
 1 APPPATH\Views\paginainicial.php(117): CodeIgniter\Debug\Exceptions->errorHandler(2, 'Undefined variable $paginainicial', 'APPPATH\\Views\\paginainicial.php', 117)
 2 SYSTEMPATH\View\View.php(213): include('APPPATH\\Views\\paginainicial.php')
 3 SYSTEMPATH\View\View.php(216): CodeIgniter\View\View->CodeIgniter\View\{closure}()
 4 SYSTEMPATH\Common.php(1137): CodeIgniter\View\View->render('paginainicial', [], true)
 5 APPPATH\Controllers\Usuario.php(23): view('paginainicial')
 6 SYSTEMPATH\CodeIgniter.php(898): App\Controllers\Usuario->paginainicial()
 7 SYSTEMPATH\CodeIgniter.php(457): CodeIgniter\CodeIgniter->runController(Object(App\Controllers\Usuario))
 8 SYSTEMPATH\CodeIgniter.php(340): CodeIgniter\CodeIgniter->handleRequest(null, Object(Config\Cache), false)
 9 FCPATH\index.php(67): CodeIgniter\CodeIgniter->run()
CRITICAL - 2022-09-12 15:18:08 --> Undefined variable $paginainicial
in APPPATH\Views\paginainicial.php on line 117.
 1 APPPATH\Views\paginainicial.php(117): CodeIgniter\Debug\Exceptions->errorHandler(2, 'Undefined variable $paginainicial', 'APPPATH\\Views\\paginainicial.php', 117)
 2 SYSTEMPATH\View\View.php(213): include('APPPATH\\Views\\paginainicial.php')
 3 SYSTEMPATH\View\View.php(216): CodeIgniter\View\View->CodeIgniter\View\{closure}()
 4 SYSTEMPATH\Common.php(1137): CodeIgniter\View\View->render('paginainicial', [], true)
 5 APPPATH\Controllers\Usuario.php(23): view('paginainicial')
 6 SYSTEMPATH\CodeIgniter.php(898): App\Controllers\Usuario->paginainicial()
 7 SYSTEMPATH\CodeIgniter.php(457): CodeIgniter\CodeIgniter->runController(Object(App\Controllers\Usuario))
 8 SYSTEMPATH\CodeIgniter.php(340): CodeIgniter\CodeIgniter->handleRequest(null, Object(Config\Cache), false)
 9 FCPATH\index.php(67): CodeIgniter\CodeIgniter->run()
CRITICAL - 2022-09-12 15:21:42 --> Undefined variable $paginainicial
in APPPATH\Views\paginainicial.php on line 117.
 1 APPPATH\Views\paginainicial.php(117): CodeIgniter\Debug\Exceptions->errorHandler(2, 'Undefined variable $paginainicial', 'APPPATH\\Views\\paginainicial.php', 117)
 2 SYSTEMPATH\View\View.php(213): include('APPPATH\\Views\\paginainicial.php')
 3 SYSTEMPATH\View\View.php(216): CodeIgniter\View\View->CodeIgniter\View\{closure}()
 4 SYSTEMPATH\Common.php(1137): CodeIgniter\View\View->render('paginainicial', [], true)
 5 APPPATH\Controllers\Usuario.php(23): view('paginainicial')
 6 SYSTEMPATH\CodeIgniter.php(898): App\Controllers\Usuario->paginainicial()
 7 SYSTEMPATH\CodeIgniter.php(457): CodeIgniter\CodeIgniter->runController(Object(App\Controllers\Usuario))
 8 SYSTEMPATH\CodeIgniter.php(340): CodeIgniter\CodeIgniter->handleRequest(null, Object(Config\Cache), false)
 9 FCPATH\index.php(67): CodeIgniter\CodeIgniter->run()
CRITICAL - 2022-09-12 15:30:53 --> Undefined variable $paginainicial
in APPPATH\Views\paginainicial.php on line 117.
 1 APPPATH\Views\paginainicial.php(117): CodeIgniter\Debug\Exceptions->errorHandler(2, 'Undefined variable $paginainicial', 'APPPATH\\Views\\paginainicial.php', 117)
 2 SYSTEMPATH\View\View.php(213): include('APPPATH\\Views\\paginainicial.php')
 3 SYSTEMPATH\View\View.php(216): CodeIgniter\View\View->CodeIgniter\View\{closure}()
 4 SYSTEMPATH\Common.php(1137): CodeIgniter\View\View->render('paginainicial', [], true)
 5 APPPATH\Controllers\Usuario.php(23): view('paginainicial')
 6 SYSTEMPATH\CodeIgniter.php(898): App\Controllers\Usuario->paginainicial()
 7 SYSTEMPATH\CodeIgniter.php(457): CodeIgniter\CodeIgniter->runController(Object(App\Controllers\Usuario))
 8 SYSTEMPATH\CodeIgniter.php(340): CodeIgniter\CodeIgniter->handleRequest(null, Object(Config\Cache), false)
 9 FCPATH\index.php(67): CodeIgniter\CodeIgniter->run()
CRITICAL - 2022-09-12 15:33:33 --> Undefined variable $paginainicial
in APPPATH\Views\paginainicial.php on line 117.
 1 APPPATH\Views\paginainicial.php(117): CodeIgniter\Debug\Exceptions->errorHandler(2, 'Undefined variable $paginainicial', 'APPPATH\\Views\\paginainicial.php', 117)
 2 SYSTEMPATH\View\View.php(213): include('APPPATH\\Views\\paginainicial.php')
 3 SYSTEMPATH\View\View.php(216): CodeIgniter\View\View->CodeIgniter\View\{closure}()
 4 SYSTEMPATH\Common.php(1137): CodeIgniter\View\View->render('paginainicial', [], true)
 5 APPPATH\Controllers\Usuario.php(23): view('paginainicial')
 6 SYSTEMPATH\CodeIgniter.php(898): App\Controllers\Usuario->paginainicial()
 7 SYSTEMPATH\CodeIgniter.php(457): CodeIgniter\CodeIgniter->runController(Object(App\Controllers\Usuario))
 8 SYSTEMPATH\CodeIgniter.php(340): CodeIgniter\CodeIgniter->handleRequest(null, Object(Config\Cache), false)
 9 FCPATH\index.php(67): CodeIgniter\CodeIgniter->run()
CRITICAL - 2022-09-12 15:33:34 --> Undefined variable $paginainicial
in APPPATH\Views\paginainicial.php on line 117.
 1 APPPATH\Views\paginainicial.php(117): CodeIgniter\Debug\Exceptions->errorHandler(2, 'Undefined variable $paginainicial', 'APPPATH\\Views\\paginainicial.php', 117)
 2 SYSTEMPATH\View\View.php(213): include('APPPATH\\Views\\paginainicial.php')
 3 SYSTEMPATH\View\View.php(216): CodeIgniter\View\View->CodeIgniter\View\{closure}()
 4 SYSTEMPATH\Common.php(1137): CodeIgniter\View\View->render('paginainicial', [], true)
 5 APPPATH\Controllers\Usuario.php(23): view('paginainicial')
 6 SYSTEMPATH\CodeIgniter.php(898): App\Controllers\Usuario->paginainicial()
 7 SYSTEMPATH\CodeIgniter.php(457): CodeIgniter\CodeIgniter->runController(Object(App\Controllers\Usuario))
 8 SYSTEMPATH\CodeIgniter.php(340): CodeIgniter\CodeIgniter->handleRequest(null, Object(Config\Cache), false)
 9 FCPATH\index.php(67): CodeIgniter\CodeIgniter->run()
CRITICAL - 2022-09-12 15:33:48 --> Undefined variable $paginainicial
in APPPATH\Views\paginainicial.php on line 117.
 1 APPPATH\Views\paginainicial.php(117): CodeIgniter\Debug\Exceptions->errorHandler(2, 'Undefined variable $paginainicial', 'APPPATH\\Views\\paginainicial.php', 117)
 2 SYSTEMPATH\View\View.php(213): include('APPPATH\\Views\\paginainicial.php')
 3 SYSTEMPATH\View\View.php(216): CodeIgniter\View\View->CodeIgniter\View\{closure}()
 4 SYSTEMPATH\Common.php(1137): CodeIgniter\View\View->render('paginainicial', [], true)
 5 APPPATH\Controllers\Usuario.php(23): view('paginainicial')
 6 SYSTEMPATH\CodeIgniter.php(898): App\Controllers\Usuario->paginainicial()
 7 SYSTEMPATH\CodeIgniter.php(457): CodeIgniter\CodeIgniter->runController(Object(App\Controllers\Usuario))
 8 SYSTEMPATH\CodeIgniter.php(340): CodeIgniter\CodeIgniter->handleRequest(null, Object(Config\Cache), false)
 9 FCPATH\index.php(67): CodeIgniter\CodeIgniter->run()
CRITICAL - 2022-09-12 15:35:57 --> Cannot use object of type stdClass as array
in APPPATH\Views\listarusuario.php on line 57.
 1 SYSTEMPATH\View\View.php(213): include()
 2 SYSTEMPATH\View\View.php(216): CodeIgniter\View\View->CodeIgniter\View\{closure}()
 3 SYSTEMPATH\Common.php(1137): CodeIgniter\View\View->render('listarusuario', [], true)
 4 APPPATH\Controllers\Usuario.php(17): view('listarusuario', [...])
 5 SYSTEMPATH\CodeIgniter.php(898): App\Controllers\Usuario->index()
 6 SYSTEMPATH\CodeIgniter.php(457): CodeIgniter\CodeIgniter->runController(Object(App\Controllers\Usuario))
 7 SYSTEMPATH\CodeIgniter.php(340): CodeIgniter\CodeIgniter->handleRequest(null, Object(Config\Cache), false)
 8 FCPATH\index.php(67): CodeIgniter\CodeIgniter->run()
CRITICAL - 2022-09-12 15:36:56 --> Cannot use object of type stdClass as array
in APPPATH\Views\listarusuario.php on line 57.
 1 SYSTEMPATH\View\View.php(213): include()
 2 SYSTEMPATH\View\View.php(216): CodeIgniter\View\View->CodeIgniter\View\{closure}()
 3 SYSTEMPATH\Common.php(1137): CodeIgniter\View\View->render('listarusuario', [], true)
 4 APPPATH\Controllers\Usuario.php(17): view('listarusuario', [...])
 5 SYSTEMPATH\CodeIgniter.php(898): App\Controllers\Usuario->index()
 6 SYSTEMPATH\CodeIgniter.php(457): CodeIgniter\CodeIgniter->runController(Object(App\Controllers\Usuario))
 7 SYSTEMPATH\CodeIgniter.php(340): CodeIgniter\CodeIgniter->handleRequest(null, Object(Config\Cache), false)
 8 FCPATH\index.php(67): CodeIgniter\CodeIgniter->run()
CRITICAL - 2022-09-12 15:37:47 --> Undefined variable $paginainicial
in APPPATH\Views\paginainicial.php on line 117.
 1 APPPATH\Views\paginainicial.php(117): CodeIgniter\Debug\Exceptions->errorHandler(2, 'Undefined variable $paginainicial', 'APPPATH\\Views\\paginainicial.php', 117)
 2 SYSTEMPATH\View\View.php(213): include('APPPATH\\Views\\paginainicial.php')
 3 SYSTEMPATH\View\View.php(216): CodeIgniter\View\View->CodeIgniter\View\{closure}()
 4 SYSTEMPATH\Common.php(1137): CodeIgniter\View\View->render('paginainicial', [], true)
 5 APPPATH\Controllers\Usuario.php(23): view('paginainicial')
 6 SYSTEMPATH\CodeIgniter.php(898): App\Controllers\Usuario->paginainicial()
 7 SYSTEMPATH\CodeIgniter.php(457): CodeIgniter\CodeIgniter->runController(Object(App\Controllers\Usuario))
 8 SYSTEMPATH\CodeIgniter.php(340): CodeIgniter\CodeIgniter->handleRequest(null, Object(Config\Cache), false)
 9 FCPATH\index.php(67): CodeIgniter\CodeIgniter->run()
CRITICAL - 2022-09-12 16:02:29 --> Undefined variable $paginainicial
in APPPATH\Views\paginainicial.php on line 117.
 1 APPPATH\Views\paginainicial.php(117): CodeIgniter\Debug\Exceptions->errorHandler(2, 'Undefined variable $paginainicial', 'APPPATH\\Views\\paginainicial.php', 117)
 2 SYSTEMPATH\View\View.php(213): include('APPPATH\\Views\\paginainicial.php')
 3 SYSTEMPATH\View\View.php(216): CodeIgniter\View\View->CodeIgniter\View\{closure}()
 4 SYSTEMPATH\Common.php(1137): CodeIgniter\View\View->render('paginainicial', [], true)
 5 APPPATH\Controllers\Usuario.php(23): view('paginainicial')
 6 SYSTEMPATH\CodeIgniter.php(898): App\Controllers\Usuario->paginainicial()
 7 SYSTEMPATH\CodeIgniter.php(457): CodeIgniter\CodeIgniter->runController(Object(App\Controllers\Usuario))
 8 SYSTEMPATH\CodeIgniter.php(340): CodeIgniter\CodeIgniter->handleRequest(null, Object(Config\Cache), false)
 9 FCPATH\index.php(67): CodeIgniter\CodeIgniter->run()
CRITICAL - 2022-09-12 18:03:32 --> Undefined variable $paginainicial
in APPPATH\Views\paginainicial.php on line 117.
 1 APPPATH\Views\paginainicial.php(117): CodeIgniter\Debug\Exceptions->errorHandler(2, 'Undefined variable $paginainicial', 'APPPATH\\Views\\paginainicial.php', 117)
 2 SYSTEMPATH\View\View.php(213): include('APPPATH\\Views\\paginainicial.php')
 3 SYSTEMPATH\View\View.php(216): CodeIgniter\View\View->CodeIgniter\View\{closure}()
 4 SYSTEMPATH\Common.php(1137): CodeIgniter\View\View->render('paginainicial', [], true)
 5 APPPATH\Controllers\Usuario.php(23): view('paginainicial')
 6 SYSTEMPATH\CodeIgniter.php(898): App\Controllers\Usuario->paginainicial()
 7 SYSTEMPATH\CodeIgniter.php(457): CodeIgniter\CodeIgniter->runController(Object(App\Controllers\Usuario))
 8 SYSTEMPATH\CodeIgniter.php(340): CodeIgniter\CodeIgniter->handleRequest(null, Object(Config\Cache), false)
 9 FCPATH\index.php(67): CodeIgniter\CodeIgniter->run()
CRITICAL - 2022-09-12 18:18:41 --> Undefined variable $paginainicial
in APPPATH\Views\paginainicial.php on line 117.
 1 APPPATH\Views\paginainicial.php(117): CodeIgniter\Debug\Exceptions->errorHandler(2, 'Undefined variable $paginainicial', 'APPPATH\\Views\\paginainicial.php', 117)
 2 SYSTEMPATH\View\View.php(213): include('APPPATH\\Views\\paginainicial.php')
 3 SYSTEMPATH\View\View.php(216): CodeIgniter\View\View->CodeIgniter\View\{closure}()
 4 SYSTEMPATH\Common.php(1137): CodeIgniter\View\View->render('paginainicial', [], true)
 5 APPPATH\Controllers\Usuario.php(23): view('paginainicial')
 6 SYSTEMPATH\CodeIgniter.php(898): App\Controllers\Usuario->paginainicial()
 7 SYSTEMPATH\CodeIgniter.php(457): CodeIgniter\CodeIgniter->runController(Object(App\Controllers\Usuario))
 8 SYSTEMPATH\CodeIgniter.php(340): CodeIgniter\CodeIgniter->handleRequest(null, Object(Config\Cache), false)
 9 FCPATH\index.php(67): CodeIgniter\CodeIgniter->run()
CRITICAL - 2022-09-12 18:18:42 --> Undefined variable $paginainicial
in APPPATH\Views\paginainicial.php on line 117.
 1 APPPATH\Views\paginainicial.php(117): CodeIgniter\Debug\Exceptions->errorHandler(2, 'Undefined variable $paginainicial', 'APPPATH\\Views\\paginainicial.php', 117)
 2 SYSTEMPATH\View\View.php(213): include('APPPATH\\Views\\paginainicial.php')
 3 SYSTEMPATH\View\View.php(216): CodeIgniter\View\View->CodeIgniter\View\{closure}()
 4 SYSTEMPATH\Common.php(1137): CodeIgniter\View\View->render('paginainicial', [], true)
 5 APPPATH\Controllers\Usuario.php(23): view('paginainicial')
 6 SYSTEMPATH\CodeIgniter.php(898): App\Controllers\Usuario->paginainicial()
 7 SYSTEMPATH\CodeIgniter.php(457): CodeIgniter\CodeIgniter->runController(Object(App\Controllers\Usuario))
 8 SYSTEMPATH\CodeIgniter.php(340): CodeIgniter\CodeIgniter->handleRequest(null, Object(Config\Cache), false)
 9 FCPATH\index.php(67): CodeIgniter\CodeIgniter->run()
CRITICAL - 2022-09-12 18:18:44 --> Undefined variable $paginainicial
in APPPATH\Views\paginainicial.php on line 117.
 1 APPPATH\Views\paginainicial.php(117): CodeIgniter\Debug\Exceptions->errorHandler(2, 'Undefined variable $paginainicial', 'APPPATH\\Views\\paginainicial.php', 117)
 2 SYSTEMPATH\View\View.php(213): include('APPPATH\\Views\\paginainicial.php')
 3 SYSTEMPATH\View\View.php(216): CodeIgniter\View\View->CodeIgniter\View\{closure}()
 4 SYSTEMPATH\Common.php(1137): CodeIgniter\View\View->render('paginainicial', [], true)
 5 APPPATH\Controllers\Usuario.php(23): view('paginainicial')
 6 SYSTEMPATH\CodeIgniter.php(898): App\Controllers\Usuario->paginainicial()
 7 SYSTEMPATH\CodeIgniter.php(457): CodeIgniter\CodeIgniter->runController(Object(App\Controllers\Usuario))
 8 SYSTEMPATH\CodeIgniter.php(340): CodeIgniter\CodeIgniter->handleRequest(null, Object(Config\Cache), false)
 9 FCPATH\index.php(67): CodeIgniter\CodeIgniter->run()
CRITICAL - 2022-09-12 18:43:03 --> Invalid file: paginainicial.php
in SYSTEMPATH\Exceptions\FrameworkException.php on line 33.
 1 SYSTEMPATH\View\View.php(201): CodeIgniter\Exceptions\FrameworkException::forInvalidFile('paginainicial.php')
 2 SYSTEMPATH\Common.php(1137): CodeIgniter\View\View->render('paginainicial', [], true)
 3 APPPATH\Controllers\Usuario.php(23): view('paginainicial')
 4 SYSTEMPATH\CodeIgniter.php(898): App\Controllers\Usuario->paginainicial()
 5 SYSTEMPATH\CodeIgniter.php(457): CodeIgniter\CodeIgniter->runController(Object(App\Controllers\Usuario))
 6 SYSTEMPATH\CodeIgniter.php(340): CodeIgniter\CodeIgniter->handleRequest(null, Object(Config\Cache), false)
 7 FCPATH\index.php(67): CodeIgniter\CodeIgniter->run()
CRITICAL - 2022-09-12 18:43:21 --> Invalid file: paginainicial.php
in SYSTEMPATH\Exceptions\FrameworkException.php on line 33.
 1 SYSTEMPATH\View\View.php(201): CodeIgniter\Exceptions\FrameworkException::forInvalidFile('paginainicial.php')
 2 SYSTEMPATH\Common.php(1137): CodeIgniter\View\View->render('paginainicial', [], true)
 3 APPPATH\Controllers\Usuario.php(23): view('paginainicial')
 4 SYSTEMPATH\CodeIgniter.php(898): App\Controllers\Usuario->paginainicial()
 5 SYSTEMPATH\CodeIgniter.php(457): CodeIgniter\CodeIgniter->runController(Object(App\Controllers\Usuario))
 6 SYSTEMPATH\CodeIgniter.php(340): CodeIgniter\CodeIgniter->handleRequest(null, Object(Config\Cache), false)
 7 FCPATH\index.php(67): CodeIgniter\CodeIgniter->run()
CRITICAL - 2022-09-12 19:05:55 --> syntax error, unexpected identifier "src", expecting "," or ";"
in APPPATH\Views\animal.php on line 62.
 1 SYSTEMPATH\View\View.php(216): CodeIgniter\View\View->CodeIgniter\View\{closure}()
 2 SYSTEMPATH\Common.php(1137): CodeIgniter\View\View->render('animal', [], true)
 3 APPPATH\Controllers\Animal.php(17): view('animal', [...])
 4 SYSTEMPATH\CodeIgniter.php(898): App\Controllers\Animal->index()
 5 SYSTEMPATH\CodeIgniter.php(457): CodeIgniter\CodeIgniter->runController(Object(App\Controllers\Animal))
 6 SYSTEMPATH\CodeIgniter.php(340): CodeIgniter\CodeIgniter->handleRequest(null, Object(Config\Cache), false)
 7 FCPATH\index.php(67): CodeIgniter\CodeIgniter->run()
CRITICAL - 2022-09-12 19:06:11 --> syntax error, unexpected token "<"
in APPPATH\Views\animal.php on line 62.
 1 SYSTEMPATH\View\View.php(216): CodeIgniter\View\View->CodeIgniter\View\{closure}()
 2 SYSTEMPATH\Common.php(1137): CodeIgniter\View\View->render('animal', [], true)
 3 APPPATH\Controllers\Animal.php(17): view('animal', [...])
 4 SYSTEMPATH\CodeIgniter.php(898): App\Controllers\Animal->index()
 5 SYSTEMPATH\CodeIgniter.php(457): CodeIgniter\CodeIgniter->runController(Object(App\Controllers\Animal))
 6 SYSTEMPATH\CodeIgniter.php(340): CodeIgniter\CodeIgniter->handleRequest(null, Object(Config\Cache), false)
 7 FCPATH\index.php(67): CodeIgniter\CodeIgniter->run()
CRITICAL - 2022-09-12 19:11:26 --> Invalid file: paginainicial.php
in SYSTEMPATH\Exceptions\FrameworkException.php on line 33.
 1 SYSTEMPATH\View\View.php(201): CodeIgniter\Exceptions\FrameworkException::forInvalidFile('paginainicial.php')
 2 SYSTEMPATH\Common.php(1137): CodeIgniter\View\View->render('paginainicial', [], true)
 3 APPPATH\Controllers\Admin\Home.php(11): view('paginainicial')
 4 SYSTEMPATH\CodeIgniter.php(898): App\Controllers\admin\Home->index()
 5 SYSTEMPATH\CodeIgniter.php(457): CodeIgniter\CodeIgniter->runController(Object(App\Controllers\admin\Home))
 6 SYSTEMPATH\CodeIgniter.php(340): CodeIgniter\CodeIgniter->handleRequest(null, Object(Config\Cache), false)
 7 FCPATH\index.php(67): CodeIgniter\CodeIgniter->run()
CRITICAL - 2022-09-12 19:12:56 --> Invalid file: animalAdmn.php
in SYSTEMPATH\Exceptions\FrameworkException.php on line 33.
 1 SYSTEMPATH\View\View.php(201): CodeIgniter\Exceptions\FrameworkException::forInvalidFile('animalAdmn.php')
 2 SYSTEMPATH\Common.php(1137): CodeIgniter\View\View->render('animalAdmn', [], true)
 3 APPPATH\Controllers\Admin\Home.php(11): view('animalAdmn')
 4 SYSTEMPATH\CodeIgniter.php(898): App\Controllers\admin\Home->index()
 5 SYSTEMPATH\CodeIgniter.php(457): CodeIgniter\CodeIgniter->runController(Object(App\Controllers\admin\Home))
 6 SYSTEMPATH\CodeIgniter.php(340): CodeIgniter\CodeIgniter->handleRequest(null, Object(Config\Cache), false)
 7 FCPATH\index.php(67): CodeIgniter\CodeIgniter->run()
CRITICAL - 2022-09-12 19:13:53 --> Undefined variable $animal
in APPPATH\Views\animalAdmn.php on line 118.
 1 APPPATH\Views\animalAdmn.php(118): CodeIgniter\Debug\Exceptions->errorHandler(2, 'Undefined variable $animal', 'APPPATH\\Views\\animalAdmn.php', 118)
 2 SYSTEMPATH\View\View.php(213): include('APPPATH\\Views\\animalAdmn.php')
 3 SYSTEMPATH\View\View.php(216): CodeIgniter\View\View->CodeIgniter\View\{closure}()
 4 SYSTEMPATH\Common.php(1137): CodeIgniter\View\View->render('animalAdmn', [], true)
 5 APPPATH\Controllers\Admin\Home.php(11): view('animalAdmn')
 6 SYSTEMPATH\CodeIgniter.php(898): App\Controllers\admin\Home->index()
 7 SYSTEMPATH\CodeIgniter.php(457): CodeIgniter\CodeIgniter->runController(Object(App\Controllers\admin\Home))
 8 SYSTEMPATH\CodeIgniter.php(340): CodeIgniter\CodeIgniter->handleRequest(null, Object(Config\Cache), false)
 9 FCPATH\index.php(67): CodeIgniter\CodeIgniter->run()
CRITICAL - 2022-09-12 19:16:27 --> Undefined variable $animal
in APPPATH\Views\animalAdmn.php on line 118.
 1 APPPATH\Views\animalAdmn.php(118): CodeIgniter\Debug\Exceptions->errorHandler(2, 'Undefined variable $animal', 'APPPATH\\Views\\animalAdmn.php', 118)
 2 SYSTEMPATH\View\View.php(213): include('APPPATH\\Views\\animalAdmn.php')
 3 SYSTEMPATH\View\View.php(216): CodeIgniter\View\View->CodeIgniter\View\{closure}()
 4 SYSTEMPATH\Common.php(1137): CodeIgniter\View\View->render('animalAdmn', [], true)
 5 APPPATH\Controllers\Admin\Home.php(11): view('animalAdmn')
 6 SYSTEMPATH\CodeIgniter.php(898): App\Controllers\admin\Home->index()
 7 SYSTEMPATH\CodeIgniter.php(457): CodeIgniter\CodeIgniter->runController(Object(App\Controllers\admin\Home))
 8 SYSTEMPATH\CodeIgniter.php(340): CodeIgniter\CodeIgniter->handleRequest(null, Object(Config\Cache), false)
 9 FCPATH\index.php(67): CodeIgniter\CodeIgniter->run()
CRITICAL - 2022-09-12 19:18:25 --> Undefined variable $animalAdmn
in APPPATH\Views\animalAdmn.php on line 118.
 1 APPPATH\Views\animalAdmn.php(118): CodeIgniter\Debug\Exceptions->errorHandler(2, 'Undefined variable $animalAdmn', 'APPPATH\\Views\\animalAdmn.php', 118)
 2 SYSTEMPATH\View\View.php(213): include('APPPATH\\Views\\animalAdmn.php')
 3 SYSTEMPATH\View\View.php(216): CodeIgniter\View\View->CodeIgniter\View\{closure}()
 4 SYSTEMPATH\Common.php(1137): CodeIgniter\View\View->render('animalAdmn', [], true)
 5 APPPATH\Controllers\Admin\Home.php(11): view('animalAdmn')
 6 SYSTEMPATH\CodeIgniter.php(898): App\Controllers\admin\Home->index()
 7 SYSTEMPATH\CodeIgniter.php(457): CodeIgniter\CodeIgniter->runController(Object(App\Controllers\admin\Home))
 8 SYSTEMPATH\CodeIgniter.php(340): CodeIgniter\CodeIgniter->handleRequest(null, Object(Config\Cache), false)
 9 FCPATH\index.php(67): CodeIgniter\CodeIgniter->run()
CRITICAL - 2022-09-12 19:19:38 --> Undefined variable $animalAdmn
in APPPATH\Views\animalAdmn.php on line 118.
 1 APPPATH\Views\animalAdmn.php(118): CodeIgniter\Debug\Exceptions->errorHandler(2, 'Undefined variable $animalAdmn', 'APPPATH\\Views\\animalAdmn.php', 118)
 2 SYSTEMPATH\View\View.php(213): include('APPPATH\\Views\\animalAdmn.php')
 3 SYSTEMPATH\View\View.php(216): CodeIgniter\View\View->CodeIgniter\View\{closure}()
 4 SYSTEMPATH\Common.php(1137): CodeIgniter\View\View->render('animalAdmn', [], true)
 5 APPPATH\Controllers\Admin\Home.php(11): view('animalAdmn')
 6 SYSTEMPATH\CodeIgniter.php(898): App\Controllers\admin\Home->index()
 7 SYSTEMPATH\CodeIgniter.php(457): CodeIgniter\CodeIgniter->runController(Object(App\Controllers\admin\Home))
 8 SYSTEMPATH\CodeIgniter.php(340): CodeIgniter\CodeIgniter->handleRequest(null, Object(Config\Cache), false)
 9 FCPATH\index.php(67): CodeIgniter\CodeIgniter->run()
CRITICAL - 2022-09-12 19:29:36 --> syntax error, unexpected token "<", expecting end of file
in APPPATH\Views\animalAdmn.php on line 62.
 1 SYSTEMPATH\View\View.php(216): CodeIgniter\View\View->CodeIgniter\View\{closure}()
 2 SYSTEMPATH\Common.php(1137): CodeIgniter\View\View->render('animalAdmn', [], true)
 3 APPPATH\Controllers\Animal.php(24): view('animalAdmn', [...])
 4 SYSTEMPATH\CodeIgniter.php(898): App\Controllers\Animal->poslogin()
 5 SYSTEMPATH\CodeIgniter.php(457): CodeIgniter\CodeIgniter->runController(Object(App\Controllers\Animal))
 6 SYSTEMPATH\CodeIgniter.php(340): CodeIgniter\CodeIgniter->handleRequest(null, Object(Config\Cache), false)
 7 FCPATH\index.php(67): CodeIgniter\CodeIgniter->run()
CRITICAL - 2022-09-12 19:29:53 --> Undefined property: CodeIgniter\View\View::$session
in APPPATH\Views\animalAdmn.php on line 60.
 1 APPPATH\Views\animalAdmn.php(60): CodeIgniter\Debug\Exceptions->errorHandler(2, 'Undefined property: CodeIgniter\\View\\View::$session', 'APPPATH\\Views\\animalAdmn.php', 60)
 2 SYSTEMPATH\View\View.php(213): include('APPPATH\\Views\\animalAdmn.php')
 3 SYSTEMPATH\View\View.php(216): CodeIgniter\View\View->CodeIgniter\View\{closure}()
 4 SYSTEMPATH\Common.php(1137): CodeIgniter\View\View->render('animalAdmn', [], true)
 5 APPPATH\Controllers\Animal.php(24): view('animalAdmn', [...])
 6 SYSTEMPATH\CodeIgniter.php(898): App\Controllers\Animal->poslogin()
 7 SYSTEMPATH\CodeIgniter.php(457): CodeIgniter\CodeIgniter->runController(Object(App\Controllers\Animal))
 8 SYSTEMPATH\CodeIgniter.php(340): CodeIgniter\CodeIgniter->handleRequest(null, Object(Config\Cache), false)
 9 FCPATH\index.php(67): CodeIgniter\CodeIgniter->run()
CRITICAL - 2022-09-12 19:31:05 --> Undefined property: CodeIgniter\View\View::$session
in APPPATH\Views\animalAdmn.php on line 60.
 1 APPPATH\Views\animalAdmn.php(60): CodeIgniter\Debug\Exceptions->errorHandler(2, 'Undefined property: CodeIgniter\\View\\View::$session', 'APPPATH\\Views\\animalAdmn.php', 60)
 2 SYSTEMPATH\View\View.php(213): include('APPPATH\\Views\\animalAdmn.php')
 3 SYSTEMPATH\View\View.php(216): CodeIgniter\View\View->CodeIgniter\View\{closure}()
 4 SYSTEMPATH\Common.php(1137): CodeIgniter\View\View->render('animalAdmn', [], true)
 5 APPPATH\Controllers\Animal.php(24): view('animalAdmn', [...])
 6 SYSTEMPATH\CodeIgniter.php(898): App\Controllers\Animal->poslogin()
 7 SYSTEMPATH\CodeIgniter.php(457): CodeIgniter\CodeIgniter->runController(Object(App\Controllers\Animal))
 8 SYSTEMPATH\CodeIgniter.php(340): CodeIgniter\CodeIgniter->handleRequest(null, Object(Config\Cache), false)
 9 FCPATH\index.php(67): CodeIgniter\CodeIgniter->run()
CRITICAL - 2022-09-12 19:31:54 --> Undefined property: CodeIgniter\View\View::$session
in APPPATH\Views\animalAdmn.php on line 60.
 1 APPPATH\Views\animalAdmn.php(60): CodeIgniter\Debug\Exceptions->errorHandler(2, 'Undefined property: CodeIgniter\\View\\View::$session', 'APPPATH\\Views\\animalAdmn.php', 60)
 2 SYSTEMPATH\View\View.php(213): include('APPPATH\\Views\\animalAdmn.php')
 3 SYSTEMPATH\View\View.php(216): CodeIgniter\View\View->CodeIgniter\View\{closure}()
 4 SYSTEMPATH\Common.php(1137): CodeIgniter\View\View->render('animalAdmn', [], true)
 5 APPPATH\Controllers\Animal.php(24): view('animalAdmn', [...])
 6 SYSTEMPATH\CodeIgniter.php(898): App\Controllers\Animal->poslogin()
 7 SYSTEMPATH\CodeIgniter.php(457): CodeIgniter\CodeIgniter->runController(Object(App\Controllers\Animal))
 8 SYSTEMPATH\CodeIgniter.php(340): CodeIgniter\CodeIgniter->handleRequest(null, Object(Config\Cache), false)
 9 FCPATH\index.php(67): CodeIgniter\CodeIgniter->run()
