CRITICAL - 2023-02-14 18:14:27 --> Undefined variable $listaranimais
in APPPATH\Controllers\Animal.php on line 71.
 1 APPPATH\Controllers\Animal.php(71): CodeIgniter\Debug\Exceptions->errorHandler(2, 'Undefined variable $listaranimais', 'APPPATH\\Controllers\\Animal.php', 71)
 2 SYSTEMPATH\CodeIgniter.php(898): App\Controllers\Animal->listaranimais()
 3 SYSTEMPATH\CodeIgniter.php(457): CodeIgniter\CodeIgniter->runController(Object(App\Controllers\Animal))
 4 SYSTEMPATH\CodeIgniter.php(340): CodeIgniter\CodeIgniter->handleRequest(null, Object(Config\Cache), false)
 5 FCPATH\index.php(67): CodeIgniter\CodeIgniter->run()
CRITICAL - 2023-02-14 18:14:30 --> Undefined variable $listaranimais
in APPPATH\Controllers\Animal.php on line 71.
 1 APPPATH\Controllers\Animal.php(71): CodeIgniter\Debug\Exceptions->errorHandler(2, 'Undefined variable $listaranimais', 'APPPATH\\Controllers\\Animal.php', 71)
 2 SYSTEMPATH\CodeIgniter.php(898): App\Controllers\Animal->listaranimais()
 3 SYSTEMPATH\CodeIgniter.php(457): CodeIgniter\CodeIgniter->runController(Object(App\Controllers\Animal))
 4 SYSTEMPATH\CodeIgniter.php(340): CodeIgniter\CodeIgniter->handleRequest(null, Object(Config\Cache), false)
 5 FCPATH\index.php(67): CodeIgniter\CodeIgniter->run()
CRITICAL - 2023-02-14 21:28:38 --> Undefined variable $listaranimais
in APPPATH\Controllers\Animal.php on line 71.
 1 APPPATH\Controllers\Animal.php(71): CodeIgniter\Debug\Exceptions->errorHandler(2, 'Undefined variable $listaranimais', 'APPPATH\\Controllers\\Animal.php', 71)
 2 SYSTEMPATH\CodeIgniter.php(898): App\Controllers\Animal->listaranimais()
 3 SYSTEMPATH\CodeIgniter.php(457): CodeIgniter\CodeIgniter->runController(Object(App\Controllers\Animal))
 4 SYSTEMPATH\CodeIgniter.php(340): CodeIgniter\CodeIgniter->handleRequest(null, Object(Config\Cache), false)
 5 FCPATH\index.php(67): CodeIgniter\CodeIgniter->run()
CRITICAL - 2023-02-14 21:56:16 --> Class "App\Controllers\Services" not found
in APPPATH\Controllers\Login.php on line 23.
 1 SYSTEMPATH\CodeIgniter.php(898): App\Controllers\Login->login()
 2 SYSTEMPATH\CodeIgniter.php(457): CodeIgniter\CodeIgniter->runController(Object(App\Controllers\Login))
 3 SYSTEMPATH\CodeIgniter.php(340): CodeIgniter\CodeIgniter->handleRequest(null, Object(Config\Cache), false)
 4 FCPATH\index.php(67): CodeIgniter\CodeIgniter->run()
CRITICAL - 2023-02-14 21:59:13 --> Class "CodeIgniter\Services" not found
in APPPATH\Controllers\Login.php on line 24.
 1 SYSTEMPATH\CodeIgniter.php(898): App\Controllers\Login->login()
 2 SYSTEMPATH\CodeIgniter.php(457): CodeIgniter\CodeIgniter->runController(Object(App\Controllers\Login))
 3 SYSTEMPATH\CodeIgniter.php(340): CodeIgniter\CodeIgniter->handleRequest(null, Object(Config\Cache), false)
 4 FCPATH\index.php(67): CodeIgniter\CodeIgniter->run()
CRITICAL - 2023-02-14 22:08:37 --> Cannot access offset of type string on string
in APPPATH\Controllers\Login.php on line 50.
 1 SYSTEMPATH\CodeIgniter.php(898): App\Controllers\Login->login()
 2 SYSTEMPATH\CodeIgniter.php(457): CodeIgniter\CodeIgniter->runController(Object(App\Controllers\Login))
 3 SYSTEMPATH\CodeIgniter.php(340): CodeIgniter\CodeIgniter->handleRequest(null, Object(Config\Cache), false)
 4 FCPATH\index.php(67): CodeIgniter\CodeIgniter->run()
CRITICAL - 2023-02-14 22:10:27 --> Cannot access offset of type string on string
in APPPATH\Controllers\Login.php on line 50.
 1 SYSTEMPATH\CodeIgniter.php(898): App\Controllers\Login->login()
 2 SYSTEMPATH\CodeIgniter.php(457): CodeIgniter\CodeIgniter->runController(Object(App\Controllers\Login))
 3 SYSTEMPATH\CodeIgniter.php(340): CodeIgniter\CodeIgniter->handleRequest(null, Object(Config\Cache), false)
 4 FCPATH\index.php(67): CodeIgniter\CodeIgniter->run()
CRITICAL - 2023-02-14 22:14:32 --> Cannot access offset of type string on string
in APPPATH\Controllers\Login.php on line 51.
 1 SYSTEMPATH\CodeIgniter.php(898): App\Controllers\Login->login()
 2 SYSTEMPATH\CodeIgniter.php(457): CodeIgniter\CodeIgniter->runController(Object(App\Controllers\Login))
 3 SYSTEMPATH\CodeIgniter.php(340): CodeIgniter\CodeIgniter->handleRequest(null, Object(Config\Cache), false)
 4 FCPATH\index.php(67): CodeIgniter\CodeIgniter->run()
CRITICAL - 2023-02-14 22:18:11 --> Cannot access offset of type string on string
in APPPATH\Controllers\Login.php on line 51.
 1 SYSTEMPATH\CodeIgniter.php(898): App\Controllers\Login->login()
 2 SYSTEMPATH\CodeIgniter.php(457): CodeIgniter\CodeIgniter->runController(Object(App\Controllers\Login))
 3 SYSTEMPATH\CodeIgniter.php(340): CodeIgniter\CodeIgniter->handleRequest(null, Object(Config\Cache), false)
 4 FCPATH\index.php(67): CodeIgniter\CodeIgniter->run()
CRITICAL - 2023-02-14 22:21:10 --> Invalid file: /admin.php
in SYSTEMPATH\Exceptions\FrameworkException.php on line 33.
 1 SYSTEMPATH\View\View.php(201): CodeIgniter\Exceptions\FrameworkException::forInvalidFile('/admin.php')
 2 SYSTEMPATH\Common.php(1137): CodeIgniter\View\View->render('/admin', [], true)
 3 APPPATH\Controllers\Login.php(55): view('/admin')
 4 SYSTEMPATH\CodeIgniter.php(898): App\Controllers\Login->login()
 5 SYSTEMPATH\CodeIgniter.php(457): CodeIgniter\CodeIgniter->runController(Object(App\Controllers\Login))
 6 SYSTEMPATH\CodeIgniter.php(340): CodeIgniter\CodeIgniter->handleRequest(null, Object(Config\Cache), false)
 7 FCPATH\index.php(67): CodeIgniter\CodeIgniter->run()
CRITICAL - 2023-02-14 22:22:52 --> Undefined variable $animalAdmn
in APPPATH\Views\animalAdmn.php on line 118.
 1 APPPATH\Views\animalAdmn.php(118): CodeIgniter\Debug\Exceptions->errorHandler(2, 'Undefined variable $animalAdmn', 'APPPATH\\Views\\animalAdmn.php', 118)
 2 SYSTEMPATH\View\View.php(213): include('APPPATH\\Views\\animalAdmn.php')
 3 SYSTEMPATH\View\View.php(216): CodeIgniter\View\View->CodeIgniter\View\{closure}()
 4 SYSTEMPATH\Common.php(1137): CodeIgniter\View\View->render('animalAdmn', [], true)
 5 APPPATH\Controllers\Login.php(55): view('animalAdmn')
 6 SYSTEMPATH\CodeIgniter.php(898): App\Controllers\Login->login()
 7 SYSTEMPATH\CodeIgniter.php(457): CodeIgniter\CodeIgniter->runController(Object(App\Controllers\Login))
 8 SYSTEMPATH\CodeIgniter.php(340): CodeIgniter\CodeIgniter->handleRequest(null, Object(Config\Cache), false)
 9 FCPATH\index.php(67): CodeIgniter\CodeIgniter->run()
CRITICAL - 2023-02-14 22:31:27 --> Undefined variable $animalAdmn
in APPPATH\Views\animalAdmn.php on line 118.
 1 APPPATH\Views\animalAdmn.php(118): CodeIgniter\Debug\Exceptions->errorHandler(2, 'Undefined variable $animalAdmn', 'APPPATH\\Views\\animalAdmn.php', 118)
 2 SYSTEMPATH\View\View.php(213): include('APPPATH\\Views\\animalAdmn.php')
 3 SYSTEMPATH\View\View.php(216): CodeIgniter\View\View->CodeIgniter\View\{closure}()
 4 SYSTEMPATH\Common.php(1137): CodeIgniter\View\View->render('animalAdmn', [], true)
 5 APPPATH\Controllers\Login.php(55): view('animalAdmn')
 6 SYSTEMPATH\CodeIgniter.php(898): App\Controllers\Login->login()
 7 SYSTEMPATH\CodeIgniter.php(457): CodeIgniter\CodeIgniter->runController(Object(App\Controllers\Login))
 8 SYSTEMPATH\CodeIgniter.php(340): CodeIgniter\CodeIgniter->handleRequest(null, Object(Config\Cache), false)
 9 FCPATH\index.php(67): CodeIgniter\CodeIgniter->run()
CRITICAL - 2023-02-14 22:31:36 --> Undefined variable $animalAdmn
in APPPATH\Views\animalAdmn.php on line 118.
 1 APPPATH\Views\animalAdmn.php(118): CodeIgniter\Debug\Exceptions->errorHandler(2, 'Undefined variable $animalAdmn', 'APPPATH\\Views\\animalAdmn.php', 118)
 2 SYSTEMPATH\View\View.php(213): include('APPPATH\\Views\\animalAdmn.php')
 3 SYSTEMPATH\View\View.php(216): CodeIgniter\View\View->CodeIgniter\View\{closure}()
 4 SYSTEMPATH\Common.php(1137): CodeIgniter\View\View->render('animalAdmn', [], true)
 5 APPPATH\Controllers\Login.php(55): view('animalAdmn')
 6 SYSTEMPATH\CodeIgniter.php(898): App\Controllers\Login->login()
 7 SYSTEMPATH\CodeIgniter.php(457): CodeIgniter\CodeIgniter->runController(Object(App\Controllers\Login))
 8 SYSTEMPATH\CodeIgniter.php(340): CodeIgniter\CodeIgniter->handleRequest(null, Object(Config\Cache), false)
 9 FCPATH\index.php(67): CodeIgniter\CodeIgniter->run()
CRITICAL - 2023-02-14 22:32:15 --> Undefined variable $animalAdmn
in APPPATH\Views\animalAdmn.php on line 118.
 1 APPPATH\Views\animalAdmn.php(118): CodeIgniter\Debug\Exceptions->errorHandler(2, 'Undefined variable $animalAdmn', 'APPPATH\\Views\\animalAdmn.php', 118)
 2 SYSTEMPATH\View\View.php(213): include('APPPATH\\Views\\animalAdmn.php')
 3 SYSTEMPATH\View\View.php(216): CodeIgniter\View\View->CodeIgniter\View\{closure}()
 4 SYSTEMPATH\Common.php(1137): CodeIgniter\View\View->render('animalAdmn', [], true)
 5 APPPATH\Controllers\Login.php(55): view('animalAdmn')
 6 SYSTEMPATH\CodeIgniter.php(898): App\Controllers\Login->login()
 7 SYSTEMPATH\CodeIgniter.php(457): CodeIgniter\CodeIgniter->runController(Object(App\Controllers\Login))
 8 SYSTEMPATH\CodeIgniter.php(340): CodeIgniter\CodeIgniter->handleRequest(null, Object(Config\Cache), false)
 9 FCPATH\index.php(67): CodeIgniter\CodeIgniter->run()
CRITICAL - 2023-02-14 22:32:58 --> Undefined variable $listaranimais
in APPPATH\Views\animalAdmn.php on line 115.
 1 APPPATH\Views\animalAdmn.php(115): CodeIgniter\Debug\Exceptions->errorHandler(2, 'Undefined variable $listaranimais', 'APPPATH\\Views\\animalAdmn.php', 115)
 2 SYSTEMPATH\View\View.php(213): include('APPPATH\\Views\\animalAdmn.php')
 3 SYSTEMPATH\View\View.php(216): CodeIgniter\View\View->CodeIgniter\View\{closure}()
 4 SYSTEMPATH\Common.php(1137): CodeIgniter\View\View->render('animalAdmn', [], true)
 5 APPPATH\Controllers\Login.php(55): view('animalAdmn')
 6 SYSTEMPATH\CodeIgniter.php(898): App\Controllers\Login->login()
 7 SYSTEMPATH\CodeIgniter.php(457): CodeIgniter\CodeIgniter->runController(Object(App\Controllers\Login))
 8 SYSTEMPATH\CodeIgniter.php(340): CodeIgniter\CodeIgniter->handleRequest(null, Object(Config\Cache), false)
 9 FCPATH\index.php(67): CodeIgniter\CodeIgniter->run()
CRITICAL - 2023-02-14 22:34:54 --> Undefined variable $listaranimais
in APPPATH\Views\animalAdmn.php on line 115.
 1 APPPATH\Views\animalAdmn.php(115): CodeIgniter\Debug\Exceptions->errorHandler(2, 'Undefined variable $listaranimais', 'APPPATH\\Views\\animalAdmn.php', 115)
 2 SYSTEMPATH\View\View.php(213): include('APPPATH\\Views\\animalAdmn.php')
 3 SYSTEMPATH\View\View.php(216): CodeIgniter\View\View->CodeIgniter\View\{closure}()
 4 SYSTEMPATH\Common.php(1137): CodeIgniter\View\View->render('animalAdmn', [], true)
 5 APPPATH\Controllers\Login.php(55): view('animalAdmn')
 6 SYSTEMPATH\CodeIgniter.php(898): App\Controllers\Login->login()
 7 SYSTEMPATH\CodeIgniter.php(457): CodeIgniter\CodeIgniter->runController(Object(App\Controllers\Login))
 8 SYSTEMPATH\CodeIgniter.php(340): CodeIgniter\CodeIgniter->handleRequest(null, Object(Config\Cache), false)
 9 FCPATH\index.php(67): CodeIgniter\CodeIgniter->run()
CRITICAL - 2023-02-14 22:38:51 --> Undefined variable $listaranimais
in APPPATH\Views\animalAdmn.php on line 115.
 1 APPPATH\Views\animalAdmn.php(115): CodeIgniter\Debug\Exceptions->errorHandler(2, 'Undefined variable $listaranimais', 'APPPATH\\Views\\animalAdmn.php', 115)
 2 SYSTEMPATH\View\View.php(213): include('APPPATH\\Views\\animalAdmn.php')
 3 SYSTEMPATH\View\View.php(216): CodeIgniter\View\View->CodeIgniter\View\{closure}()
 4 SYSTEMPATH\Common.php(1137): CodeIgniter\View\View->render('animalAdmn', [], true)
 5 APPPATH\Controllers\Login.php(55): view('animalAdmn')
 6 SYSTEMPATH\CodeIgniter.php(898): App\Controllers\Login->login()
 7 SYSTEMPATH\CodeIgniter.php(457): CodeIgniter\CodeIgniter->runController(Object(App\Controllers\Login))
 8 SYSTEMPATH\CodeIgniter.php(340): CodeIgniter\CodeIgniter->handleRequest(null, Object(Config\Cache), false)
 9 FCPATH\index.php(67): CodeIgniter\CodeIgniter->run()
CRITICAL - 2023-02-14 22:39:34 --> Undefined variable $listaranimais
in APPPATH\Views\animalAdmn.php on line 115.
 1 APPPATH\Views\animalAdmn.php(115): CodeIgniter\Debug\Exceptions->errorHandler(2, 'Undefined variable $listaranimais', 'APPPATH\\Views\\animalAdmn.php', 115)
 2 SYSTEMPATH\View\View.php(213): include('APPPATH\\Views\\animalAdmn.php')
 3 SYSTEMPATH\View\View.php(216): CodeIgniter\View\View->CodeIgniter\View\{closure}()
 4 SYSTEMPATH\Common.php(1137): CodeIgniter\View\View->render('animalAdmn', [], true)
 5 APPPATH\Controllers\Login.php(55): view('animalAdmn')
 6 SYSTEMPATH\CodeIgniter.php(898): App\Controllers\Login->login()
 7 SYSTEMPATH\CodeIgniter.php(457): CodeIgniter\CodeIgniter->runController(Object(App\Controllers\Login))
 8 SYSTEMPATH\CodeIgniter.php(340): CodeIgniter\CodeIgniter->handleRequest(null, Object(Config\Cache), false)
 9 FCPATH\index.php(67): CodeIgniter\CodeIgniter->run()
CRITICAL - 2023-02-14 22:39:44 --> Undefined variable $listaranimais
in APPPATH\Views\animalAdmn.php on line 115.
 1 APPPATH\Views\animalAdmn.php(115): CodeIgniter\Debug\Exceptions->errorHandler(2, 'Undefined variable $listaranimais', 'APPPATH\\Views\\animalAdmn.php', 115)
 2 SYSTEMPATH\View\View.php(213): include('APPPATH\\Views\\animalAdmn.php')
 3 SYSTEMPATH\View\View.php(216): CodeIgniter\View\View->CodeIgniter\View\{closure}()
 4 SYSTEMPATH\Common.php(1137): CodeIgniter\View\View->render('animalAdmn', [], true)
 5 APPPATH\Controllers\Login.php(55): view('animalAdmn')
 6 SYSTEMPATH\CodeIgniter.php(898): App\Controllers\Login->login()
 7 SYSTEMPATH\CodeIgniter.php(457): CodeIgniter\CodeIgniter->runController(Object(App\Controllers\Login))
 8 SYSTEMPATH\CodeIgniter.php(340): CodeIgniter\CodeIgniter->handleRequest(null, Object(Config\Cache), false)
 9 FCPATH\index.php(67): CodeIgniter\CodeIgniter->run()
CRITICAL - 2023-02-14 22:45:10 --> Undefined variable $listaranimais
in APPPATH\Controllers\Animal.php on line 115.
 1 APPPATH\Controllers\Animal.php(115): CodeIgniter\Debug\Exceptions->errorHandler(2, 'Undefined variable $listaranimais', 'APPPATH\\Controllers\\Animal.php', 115)
 2 SYSTEMPATH\CodeIgniter.php(898): App\Controllers\Animal->poslogin()
 3 SYSTEMPATH\CodeIgniter.php(457): CodeIgniter\CodeIgniter->runController(Object(App\Controllers\Animal))
 4 SYSTEMPATH\CodeIgniter.php(340): CodeIgniter\CodeIgniter->handleRequest(null, Object(Config\Cache), false)
 5 FCPATH\index.php(67): CodeIgniter\CodeIgniter->run()
CRITICAL - 2023-02-14 22:46:39 --> Undefined variable $listaranimais
in APPPATH\Controllers\Animal.php on line 112.
 1 APPPATH\Controllers\Animal.php(112): CodeIgniter\Debug\Exceptions->errorHandler(2, 'Undefined variable $listaranimais', 'APPPATH\\Controllers\\Animal.php', 112)
 2 SYSTEMPATH\CodeIgniter.php(898): App\Controllers\Animal->poslogin()
 3 SYSTEMPATH\CodeIgniter.php(457): CodeIgniter\CodeIgniter->runController(Object(App\Controllers\Animal))
 4 SYSTEMPATH\CodeIgniter.php(340): CodeIgniter\CodeIgniter->handleRequest(null, Object(Config\Cache), false)
 5 FCPATH\index.php(67): CodeIgniter\CodeIgniter->run()
CRITICAL - 2023-02-14 22:46:42 --> Undefined variable $listaranimais
in APPPATH\Controllers\Animal.php on line 112.
 1 APPPATH\Controllers\Animal.php(112): CodeIgniter\Debug\Exceptions->errorHandler(2, 'Undefined variable $listaranimais', 'APPPATH\\Controllers\\Animal.php', 112)
 2 SYSTEMPATH\CodeIgniter.php(898): App\Controllers\Animal->poslogin()
 3 SYSTEMPATH\CodeIgniter.php(457): CodeIgniter\CodeIgniter->runController(Object(App\Controllers\Animal))
 4 SYSTEMPATH\CodeIgniter.php(340): CodeIgniter\CodeIgniter->handleRequest(null, Object(Config\Cache), false)
 5 FCPATH\index.php(67): CodeIgniter\CodeIgniter->run()
CRITICAL - 2023-02-14 22:46:43 --> Undefined variable $listaranimais
in APPPATH\Controllers\Animal.php on line 112.
 1 APPPATH\Controllers\Animal.php(112): CodeIgniter\Debug\Exceptions->errorHandler(2, 'Undefined variable $listaranimais', 'APPPATH\\Controllers\\Animal.php', 112)
 2 SYSTEMPATH\CodeIgniter.php(898): App\Controllers\Animal->poslogin()
 3 SYSTEMPATH\CodeIgniter.php(457): CodeIgniter\CodeIgniter->runController(Object(App\Controllers\Animal))
 4 SYSTEMPATH\CodeIgniter.php(340): CodeIgniter\CodeIgniter->handleRequest(null, Object(Config\Cache), false)
 5 FCPATH\index.php(67): CodeIgniter\CodeIgniter->run()
CRITICAL - 2023-02-14 22:47:27 --> Undefined variable $listaranimais
in APPPATH\Views\animalAdmn.php on line 115.
 1 APPPATH\Views\animalAdmn.php(115): CodeIgniter\Debug\Exceptions->errorHandler(2, 'Undefined variable $listaranimais', 'APPPATH\\Views\\animalAdmn.php', 115)
 2 SYSTEMPATH\View\View.php(213): include('APPPATH\\Views\\animalAdmn.php')
 3 SYSTEMPATH\View\View.php(216): CodeIgniter\View\View->CodeIgniter\View\{closure}()
 4 SYSTEMPATH\Common.php(1137): CodeIgniter\View\View->render('animalAdmn', [], true)
 5 APPPATH\Controllers\Login.php(55): view('animalAdmn')
 6 SYSTEMPATH\CodeIgniter.php(898): App\Controllers\Login->login()
 7 SYSTEMPATH\CodeIgniter.php(457): CodeIgniter\CodeIgniter->runController(Object(App\Controllers\Login))
 8 SYSTEMPATH\CodeIgniter.php(340): CodeIgniter\CodeIgniter->handleRequest(null, Object(Config\Cache), false)
 9 FCPATH\index.php(67): CodeIgniter\CodeIgniter->run()
CRITICAL - 2023-02-14 22:48:41 --> Invalid file: Animal/poslogin.php
in SYSTEMPATH\Exceptions\FrameworkException.php on line 33.
 1 SYSTEMPATH\View\View.php(201): CodeIgniter\Exceptions\FrameworkException::forInvalidFile('Animal/poslogin.php')
 2 SYSTEMPATH\Common.php(1137): CodeIgniter\View\View->render('Animal/poslogin', [], true)
 3 APPPATH\Controllers\Login.php(55): view('Animal/poslogin')
 4 SYSTEMPATH\CodeIgniter.php(898): App\Controllers\Login->login()
 5 SYSTEMPATH\CodeIgniter.php(457): CodeIgniter\CodeIgniter->runController(Object(App\Controllers\Login))
 6 SYSTEMPATH\CodeIgniter.php(340): CodeIgniter\CodeIgniter->handleRequest(null, Object(Config\Cache), false)
 7 FCPATH\index.php(67): CodeIgniter\CodeIgniter->run()
CRITICAL - 2023-02-14 22:49:02 --> Invalid file: Animal/poslogin.php
in SYSTEMPATH\Exceptions\FrameworkException.php on line 33.
 1 SYSTEMPATH\View\View.php(201): CodeIgniter\Exceptions\FrameworkException::forInvalidFile('Animal/poslogin.php')
 2 SYSTEMPATH\Common.php(1137): CodeIgniter\View\View->render('Animal/poslogin', [], true)
 3 APPPATH\Controllers\Login.php(55): view('Animal/poslogin')
 4 SYSTEMPATH\CodeIgniter.php(898): App\Controllers\Login->login()
 5 SYSTEMPATH\CodeIgniter.php(457): CodeIgniter\CodeIgniter->runController(Object(App\Controllers\Login))
 6 SYSTEMPATH\CodeIgniter.php(340): CodeIgniter\CodeIgniter->handleRequest(null, Object(Config\Cache), false)
 7 FCPATH\index.php(67): CodeIgniter\CodeIgniter->run()
