CRITICAL - 2022-09-18 18:43:11 --> Invalid file: listaranimais.php
in SYSTEMPATH\Exceptions\FrameworkException.php on line 33.
 1 SYSTEMPATH\View\View.php(201): CodeIgniter\Exceptions\FrameworkException::forInvalidFile('listaranimais.php')
 2 SYSTEMPATH\Common.php(1137): CodeIgniter\View\View->render('listaranimais', [], true)
 3 APPPATH\Controllers\Animal.php(24): view('listaranimais', [...])
 4 SYSTEMPATH\CodeIgniter.php(898): App\Controllers\Animal->listaranimais()
 5 SYSTEMPATH\CodeIgniter.php(457): CodeIgniter\CodeIgniter->runController(Object(App\Controllers\Animal))
 6 SYSTEMPATH\CodeIgniter.php(340): CodeIgniter\CodeIgniter->handleRequest(null, Object(Config\Cache), false)
 7 FCPATH\index.php(67): CodeIgniter\CodeIgniter->run()
CRITICAL - 2022-09-18 18:43:25 --> Invalid file: listaranimais.php
in SYSTEMPATH\Exceptions\FrameworkException.php on line 33.
 1 SYSTEMPATH\View\View.php(201): CodeIgniter\Exceptions\FrameworkException::forInvalidFile('listaranimais.php')
 2 SYSTEMPATH\Common.php(1137): CodeIgniter\View\View->render('listaranimais', [], true)
 3 APPPATH\Controllers\Animal.php(24): view('listaranimais', [...])
 4 SYSTEMPATH\CodeIgniter.php(898): App\Controllers\Animal->listaranimais()
 5 SYSTEMPATH\CodeIgniter.php(457): CodeIgniter\CodeIgniter->runController(Object(App\Controllers\Animal))
 6 SYSTEMPATH\CodeIgniter.php(340): CodeIgniter\CodeIgniter->handleRequest(null, Object(Config\Cache), false)
 7 FCPATH\index.php(67): CodeIgniter\CodeIgniter->run()
CRITICAL - 2022-09-18 18:43:31 --> Invalid file: listaranimais.php
in SYSTEMPATH\Exceptions\FrameworkException.php on line 33.
 1 SYSTEMPATH\View\View.php(201): CodeIgniter\Exceptions\FrameworkException::forInvalidFile('listaranimais.php')
 2 SYSTEMPATH\Common.php(1137): CodeIgniter\View\View->render('listaranimais', [], true)
 3 APPPATH\Controllers\Animal.php(24): view('listaranimais', [...])
 4 SYSTEMPATH\CodeIgniter.php(898): App\Controllers\Animal->listaranimais()
 5 SYSTEMPATH\CodeIgniter.php(457): CodeIgniter\CodeIgniter->runController(Object(App\Controllers\Animal))
 6 SYSTEMPATH\CodeIgniter.php(340): CodeIgniter\CodeIgniter->handleRequest(null, Object(Config\Cache), false)
 7 FCPATH\index.php(67): CodeIgniter\CodeIgniter->run()
CRITICAL - 2022-09-18 18:45:04 --> Invalid file: listaranimais.php
in SYSTEMPATH\Exceptions\FrameworkException.php on line 33.
 1 SYSTEMPATH\View\View.php(201): CodeIgniter\Exceptions\FrameworkException::forInvalidFile('listaranimais.php')
 2 SYSTEMPATH\Common.php(1137): CodeIgniter\View\View->render('listaranimais', [], true)
 3 APPPATH\Controllers\Animal.php(24): view('listaranimais', [...])
 4 SYSTEMPATH\CodeIgniter.php(898): App\Controllers\Animal->listaranimais()
 5 SYSTEMPATH\CodeIgniter.php(457): CodeIgniter\CodeIgniter->runController(Object(App\Controllers\Animal))
 6 SYSTEMPATH\CodeIgniter.php(340): CodeIgniter\CodeIgniter->handleRequest(null, Object(Config\Cache), false)
 7 FCPATH\index.php(67): CodeIgniter\CodeIgniter->run()
CRITICAL - 2022-09-18 18:45:12 --> Invalid file: listaranimais.php
in SYSTEMPATH\Exceptions\FrameworkException.php on line 33.
 1 SYSTEMPATH\View\View.php(201): CodeIgniter\Exceptions\FrameworkException::forInvalidFile('listaranimais.php')
 2 SYSTEMPATH\Common.php(1137): CodeIgniter\View\View->render('listaranimais', [], true)
 3 APPPATH\Controllers\Animal.php(24): view('listaranimais', [...])
 4 SYSTEMPATH\CodeIgniter.php(898): App\Controllers\Animal->listaranimais()
 5 SYSTEMPATH\CodeIgniter.php(457): CodeIgniter\CodeIgniter->runController(Object(App\Controllers\Animal))
 6 SYSTEMPATH\CodeIgniter.php(340): CodeIgniter\CodeIgniter->handleRequest(null, Object(Config\Cache), false)
 7 FCPATH\index.php(67): CodeIgniter\CodeIgniter->run()
CRITICAL - 2022-09-18 18:45:48 --> Invalid file: listaranimais.php
in SYSTEMPATH\Exceptions\FrameworkException.php on line 33.
 1 SYSTEMPATH\View\View.php(201): CodeIgniter\Exceptions\FrameworkException::forInvalidFile('listaranimais.php')
 2 SYSTEMPATH\Common.php(1137): CodeIgniter\View\View->render('listaranimais', [], true)
 3 APPPATH\Controllers\Animal.php(22): view('listaranimais', [...])
 4 SYSTEMPATH\CodeIgniter.php(898): App\Controllers\Animal->listaranimais()
 5 SYSTEMPATH\CodeIgniter.php(457): CodeIgniter\CodeIgniter->runController(Object(App\Controllers\Animal))
 6 SYSTEMPATH\CodeIgniter.php(340): CodeIgniter\CodeIgniter->handleRequest(null, Object(Config\Cache), false)
 7 FCPATH\index.php(67): CodeIgniter\CodeIgniter->run()
CRITICAL - 2022-09-18 18:46:35 --> Invalid file: listaranimais.php
in SYSTEMPATH\Exceptions\FrameworkException.php on line 33.
 1 SYSTEMPATH\View\View.php(201): CodeIgniter\Exceptions\FrameworkException::forInvalidFile('listaranimais.php')
 2 SYSTEMPATH\Common.php(1137): CodeIgniter\View\View->render('listaranimais', [], true)
 3 APPPATH\Controllers\Animal.php(24): view('listaranimais', [...])
 4 SYSTEMPATH\CodeIgniter.php(898): App\Controllers\Animal->listaranimais()
 5 SYSTEMPATH\CodeIgniter.php(457): CodeIgniter\CodeIgniter->runController(Object(App\Controllers\Animal))
 6 SYSTEMPATH\CodeIgniter.php(340): CodeIgniter\CodeIgniter->handleRequest(null, Object(Config\Cache), false)
 7 FCPATH\index.php(67): CodeIgniter\CodeIgniter->run()
CRITICAL - 2022-09-18 19:09:54 --> syntax error, unexpected token "public"
in APPPATH\Controllers\Animal.php on line 35.
 1 SYSTEMPATH\Autoloader\Autoloader.php(259): CodeIgniter\Autoloader\Autoloader->includeFile('APPPATH\\Controllers\\Animal.php')
 2 SYSTEMPATH\Autoloader\Autoloader.php(237): CodeIgniter\Autoloader\Autoloader->loadInNamespace('App\\Controllers\\Animal')
 3 [internal function]: CodeIgniter\Autoloader\Autoloader->loadClass('App\\Controllers\\Animal')
 4 SYSTEMPATH\CodeIgniter.php(848): class_exists('\\App\\Controllers\\Animal', true)
 5 SYSTEMPATH\CodeIgniter.php(444): CodeIgniter\CodeIgniter->startController()
 6 SYSTEMPATH\CodeIgniter.php(340): CodeIgniter\CodeIgniter->handleRequest(null, Object(Config\Cache), false)
 7 FCPATH\index.php(67): CodeIgniter\CodeIgniter->run()
ERROR - 2022-09-18 19:24:33 --> mysqli_sql_exception: Table 'projetobancotest.usuario' doesn't exist in C:\xampp\htdocs\site1\system\Database\MySQLi\Connection.php:292
Stack trace:
#0 C:\xampp\htdocs\site1\system\Database\MySQLi\Connection.php(292): mysqli->query('SELECT *\nFROM `...', 0)
#1 C:\xampp\htdocs\site1\system\Database\BaseConnection.php(693): CodeIgniter\Database\MySQLi\Connection->execute('SELECT *\nFROM `...')
#2 C:\xampp\htdocs\site1\system\Database\BaseConnection.php(620): CodeIgniter\Database\BaseConnection->simpleQuery('SELECT *\nFROM `...')
#3 C:\xampp\htdocs\site1\system\Database\BaseBuilder.php(1585): CodeIgniter\Database\BaseConnection->query('SELECT *\nFROM `...', Array, false)
#4 C:\xampp\htdocs\site1\system\Model.php(249): CodeIgniter\Database\BaseBuilder->get()
#5 C:\xampp\htdocs\site1\system\BaseModel.php(622): CodeIgniter\Model->doFirst()
#6 C:\xampp\htdocs\site1\app\Models\UsuarioModel.php(47): CodeIgniter\BaseModel->first()
#7 C:\xampp\htdocs\site1\app\Controllers\Login.php(17): App\Models\UsuarioModel->validar('teste123@gmail....', '1234')
#8 C:\xampp\htdocs\site1\system\CodeIgniter.php(898): App\Controllers\Login->index()
#9 C:\xampp\htdocs\site1\system\CodeIgniter.php(457): CodeIgniter\CodeIgniter->runController(Object(App\Controllers\Login))
#10 C:\xampp\htdocs\site1\system\CodeIgniter.php(340): CodeIgniter\CodeIgniter->handleRequest(NULL, Object(Config\Cache), false)
#11 C:\xampp\htdocs\site1\public\index.php(67): CodeIgniter\CodeIgniter->run()
#12 {main}
CRITICAL - 2022-09-18 19:24:33 --> Table 'projetobancotest.usuario' doesn't exist
in SYSTEMPATH\Database\MySQLi\Connection.php on line 292.
 1 SYSTEMPATH\Database\MySQLi\Connection.php(292): mysqli->query('SELECT *
FROM `usuario`
WHERE `email` = \'teste123@gmail.com\'
 LIMIT 1', 0)
 2 SYSTEMPATH\Database\BaseConnection.php(693): CodeIgniter\Database\MySQLi\Connection->execute('SELECT *
FROM `usuario`
WHERE `email` = \'teste123@gmail.com\'
 LIMIT 1')
 3 SYSTEMPATH\Database\BaseConnection.php(620): CodeIgniter\Database\BaseConnection->simpleQuery('SELECT *
FROM `usuario`
WHERE `email` = \'teste123@gmail.com\'
 LIMIT 1')
 4 SYSTEMPATH\Database\BaseBuilder.php(1585): CodeIgniter\Database\BaseConnection->query('SELECT *
FROM `usuario`
WHERE `email` = :email:
 LIMIT 1', [...], false)
 5 SYSTEMPATH\Model.php(249): CodeIgniter\Database\BaseBuilder->get()
 6 SYSTEMPATH\BaseModel.php(622): CodeIgniter\Model->doFirst()
 7 APPPATH\Models\UsuarioModel.php(47): CodeIgniter\BaseModel->first()
 8 APPPATH\Controllers\Login.php(17): App\Models\UsuarioModel->validar('teste123@gmail.com', '1234')
 9 SYSTEMPATH\CodeIgniter.php(898): App\Controllers\Login->index()
10 SYSTEMPATH\CodeIgniter.php(457): CodeIgniter\CodeIgniter->runController(Object(App\Controllers\Login))
11 SYSTEMPATH\CodeIgniter.php(340): CodeIgniter\CodeIgniter->handleRequest(null, Object(Config\Cache), false)
12 FCPATH\index.php(67): CodeIgniter\CodeIgniter->run()
ERROR - 2022-09-18 19:24:46 --> mysqli_sql_exception: Table 'projetobancotest.usuario' doesn't exist in C:\xampp\htdocs\site1\system\Database\MySQLi\Connection.php:292
Stack trace:
#0 C:\xampp\htdocs\site1\system\Database\MySQLi\Connection.php(292): mysqli->query('SELECT *\nFROM `...', 0)
#1 C:\xampp\htdocs\site1\system\Database\BaseConnection.php(693): CodeIgniter\Database\MySQLi\Connection->execute('SELECT *\nFROM `...')
#2 C:\xampp\htdocs\site1\system\Database\BaseConnection.php(620): CodeIgniter\Database\BaseConnection->simpleQuery('SELECT *\nFROM `...')
#3 C:\xampp\htdocs\site1\system\Database\BaseBuilder.php(1585): CodeIgniter\Database\BaseConnection->query('SELECT *\nFROM `...', Array, false)
#4 C:\xampp\htdocs\site1\system\Model.php(249): CodeIgniter\Database\BaseBuilder->get()
#5 C:\xampp\htdocs\site1\system\BaseModel.php(622): CodeIgniter\Model->doFirst()
#6 C:\xampp\htdocs\site1\app\Models\UsuarioModel.php(47): CodeIgniter\BaseModel->first()
#7 C:\xampp\htdocs\site1\app\Controllers\Login.php(17): App\Models\UsuarioModel->validar('teste123@gmail....', '123')
#8 C:\xampp\htdocs\site1\system\CodeIgniter.php(898): App\Controllers\Login->index()
#9 C:\xampp\htdocs\site1\system\CodeIgniter.php(457): CodeIgniter\CodeIgniter->runController(Object(App\Controllers\Login))
#10 C:\xampp\htdocs\site1\system\CodeIgniter.php(340): CodeIgniter\CodeIgniter->handleRequest(NULL, Object(Config\Cache), false)
#11 C:\xampp\htdocs\site1\public\index.php(67): CodeIgniter\CodeIgniter->run()
#12 {main}
CRITICAL - 2022-09-18 19:24:46 --> Table 'projetobancotest.usuario' doesn't exist
in SYSTEMPATH\Database\MySQLi\Connection.php on line 292.
 1 SYSTEMPATH\Database\MySQLi\Connection.php(292): mysqli->query('SELECT *
FROM `usuario`
WHERE `email` = \'teste123@gmail.com\'
 LIMIT 1', 0)
 2 SYSTEMPATH\Database\BaseConnection.php(693): CodeIgniter\Database\MySQLi\Connection->execute('SELECT *
FROM `usuario`
WHERE `email` = \'teste123@gmail.com\'
 LIMIT 1')
 3 SYSTEMPATH\Database\BaseConnection.php(620): CodeIgniter\Database\BaseConnection->simpleQuery('SELECT *
FROM `usuario`
WHERE `email` = \'teste123@gmail.com\'
 LIMIT 1')
 4 SYSTEMPATH\Database\BaseBuilder.php(1585): CodeIgniter\Database\BaseConnection->query('SELECT *
FROM `usuario`
WHERE `email` = :email:
 LIMIT 1', [...], false)
 5 SYSTEMPATH\Model.php(249): CodeIgniter\Database\BaseBuilder->get()
 6 SYSTEMPATH\BaseModel.php(622): CodeIgniter\Model->doFirst()
 7 APPPATH\Models\UsuarioModel.php(47): CodeIgniter\BaseModel->first()
 8 APPPATH\Controllers\Login.php(17): App\Models\UsuarioModel->validar('teste123@gmail.com', '123')
 9 SYSTEMPATH\CodeIgniter.php(898): App\Controllers\Login->index()
10 SYSTEMPATH\CodeIgniter.php(457): CodeIgniter\CodeIgniter->runController(Object(App\Controllers\Login))
11 SYSTEMPATH\CodeIgniter.php(340): CodeIgniter\CodeIgniter->handleRequest(null, Object(Config\Cache), false)
12 FCPATH\index.php(67): CodeIgniter\CodeIgniter->run()
ERROR - 2022-09-18 19:28:17 --> mysqli_sql_exception: Table 'projetobancotest.usuario' doesn't exist in C:\xampp\htdocs\site1\system\Database\MySQLi\Connection.php:292
Stack trace:
#0 C:\xampp\htdocs\site1\system\Database\MySQLi\Connection.php(292): mysqli->query('SELECT 1\nFROM `...', 0)
#1 C:\xampp\htdocs\site1\system\Database\BaseConnection.php(693): CodeIgniter\Database\MySQLi\Connection->execute('SELECT 1\nFROM `...')
#2 C:\xampp\htdocs\site1\system\Database\BaseConnection.php(620): CodeIgniter\Database\BaseConnection->simpleQuery('SELECT 1\nFROM `...')
#3 C:\xampp\htdocs\site1\system\Database\BaseBuilder.php(1585): CodeIgniter\Database\BaseConnection->query('SELECT 1\nFROM `...', Array, false)
#4 C:\xampp\htdocs\site1\system\Validation\Rules.php(142): CodeIgniter\Database\BaseBuilder->get()
#5 C:\xampp\htdocs\site1\system\Validation\Validation.php(308): CodeIgniter\Validation\Rules->is_unique('teste123@gmail....', 'email', Array, NULL)
#6 C:\xampp\htdocs\site1\system\Validation\Validation.php(175): CodeIgniter\Validation\Validation->processRules('email', 'email', 'teste123@gmail....', Array, Array)
#7 C:\xampp\htdocs\site1\system\BaseModel.php(1350): CodeIgniter\Validation\Validation->run(Array, NULL, NULL)
#8 C:\xampp\htdocs\site1\system\BaseModel.php(707): CodeIgniter\BaseModel->validate(Array)
#9 C:\xampp\htdocs\site1\system\Model.php(666): CodeIgniter\BaseModel->insert(Array, false)
#10 C:\xampp\htdocs\site1\system\BaseModel.php(658): CodeIgniter\Model->insert(Array, false)
#11 C:\xampp\htdocs\site1\app\Controllers\Registrar.php(16): CodeIgniter\BaseModel->save(Array)
#12 C:\xampp\htdocs\site1\system\CodeIgniter.php(898): App\Controllers\Registrar->index()
#13 C:\xampp\htdocs\site1\system\CodeIgniter.php(457): CodeIgniter\CodeIgniter->runController(Object(App\Controllers\Registrar))
#14 C:\xampp\htdocs\site1\system\CodeIgniter.php(340): CodeIgniter\CodeIgniter->handleRequest(NULL, Object(Config\Cache), false)
#15 C:\xampp\htdocs\site1\public\index.php(67): CodeIgniter\CodeIgniter->run()
#16 {main}
CRITICAL - 2022-09-18 19:28:17 --> Table 'projetobancotest.usuario' doesn't exist
in SYSTEMPATH\Database\MySQLi\Connection.php on line 292.
 1 SYSTEMPATH\Database\MySQLi\Connection.php(292): mysqli->query('SELECT 1
FROM `usuario`
WHERE `email` = \'teste123@gmail.com\'
 LIMIT 1', 0)
 2 SYSTEMPATH\Database\BaseConnection.php(693): CodeIgniter\Database\MySQLi\Connection->execute('SELECT 1
FROM `usuario`
WHERE `email` = \'teste123@gmail.com\'
 LIMIT 1')
 3 SYSTEMPATH\Database\BaseConnection.php(620): CodeIgniter\Database\BaseConnection->simpleQuery('SELECT 1
FROM `usuario`
WHERE `email` = \'teste123@gmail.com\'
 LIMIT 1')
 4 SYSTEMPATH\Database\BaseBuilder.php(1585): CodeIgniter\Database\BaseConnection->query('SELECT 1
FROM `usuario`
WHERE `email` = :email:
 LIMIT 1', [...], false)
 5 SYSTEMPATH\Validation\Rules.php(142): CodeIgniter\Database\BaseBuilder->get()
 6 SYSTEMPATH\Validation\Validation.php(308): CodeIgniter\Validation\Rules->is_unique('teste123@gmail.com', 'email', [...], null)
 7 SYSTEMPATH\Validation\Validation.php(175): CodeIgniter\Validation\Validation->processRules('email', 'email', 'teste123@gmail.com', [...], [...])
 8 SYSTEMPATH\BaseModel.php(1350): CodeIgniter\Validation\Validation->run([...], null, null)
 9 SYSTEMPATH\BaseModel.php(707): CodeIgniter\BaseModel->validate([...])
10 SYSTEMPATH\Model.php(666): CodeIgniter\BaseModel->insert([...], false)
11 SYSTEMPATH\BaseModel.php(658): CodeIgniter\Model->insert([...], false)
12 APPPATH\Controllers\Registrar.php(16): CodeIgniter\BaseModel->save([...])
13 SYSTEMPATH\CodeIgniter.php(898): App\Controllers\Registrar->index()
14 SYSTEMPATH\CodeIgniter.php(457): CodeIgniter\CodeIgniter->runController(Object(App\Controllers\Registrar))
15 SYSTEMPATH\CodeIgniter.php(340): CodeIgniter\CodeIgniter->handleRequest(null, Object(Config\Cache), false)
16 FCPATH\index.php(67): CodeIgniter\CodeIgniter->run()
