CRITICAL - 2022-08-23 04:42:05 --> Undefined variable $animal
in APPPATH\Views\testepaginainicial.php on line 175.
 1 APPPATH\Views\testepaginainicial.php(175): CodeIgniter\Debug\Exceptions->errorHandler(2, 'Undefined variable $animal', 'APPPATH\\Views\\testepaginainicial.php', 175)
 2 SYSTEMPATH\View\View.php(213): include('APPPATH\\Views\\testepaginainicial.php')
 3 SYSTEMPATH\View\View.php(216): CodeIgniter\View\View->CodeIgniter\View\{closure}()
 4 SYSTEMPATH\Common.php(1137): CodeIgniter\View\View->render('testepaginainicial', [], true)
 5 APPPATH\Controllers\Usuario.php(29): view('testepaginainicial')
 6 SYSTEMPATH\CodeIgniter.php(898): App\Controllers\Usuario->testepaginainicial()
 7 SYSTEMPATH\CodeIgniter.php(457): CodeIgniter\CodeIgniter->runController(Object(App\Controllers\Usuario))
 8 SYSTEMPATH\CodeIgniter.php(340): CodeIgniter\CodeIgniter->handleRequest(null, Object(Config\Cache), false)
 9 FCPATH\index.php(67): CodeIgniter\CodeIgniter->run()
CRITICAL - 2022-08-23 04:42:33 --> Undefined variable $animal
in APPPATH\Views\testepaginainicial.php on line 175.
 1 APPPATH\Views\testepaginainicial.php(175): CodeIgniter\Debug\Exceptions->errorHandler(2, 'Undefined variable $animal', 'APPPATH\\Views\\testepaginainicial.php', 175)
 2 SYSTEMPATH\View\View.php(213): include('APPPATH\\Views\\testepaginainicial.php')
 3 SYSTEMPATH\View\View.php(216): CodeIgniter\View\View->CodeIgniter\View\{closure}()
 4 SYSTEMPATH\Common.php(1137): CodeIgniter\View\View->render('testepaginainicial', [], true)
 5 APPPATH\Controllers\Usuario.php(29): view('testepaginainicial')
 6 SYSTEMPATH\CodeIgniter.php(898): App\Controllers\Usuario->testepaginainicial()
 7 SYSTEMPATH\CodeIgniter.php(457): CodeIgniter\CodeIgniter->runController(Object(App\Controllers\Usuario))
 8 SYSTEMPATH\CodeIgniter.php(340): CodeIgniter\CodeIgniter->handleRequest(null, Object(Config\Cache), false)
 9 FCPATH\index.php(67): CodeIgniter\CodeIgniter->run()
CRITICAL - 2022-08-23 04:42:34 --> Undefined variable $animal
in APPPATH\Views\testepaginainicial.php on line 175.
 1 APPPATH\Views\testepaginainicial.php(175): CodeIgniter\Debug\Exceptions->errorHandler(2, 'Undefined variable $animal', 'APPPATH\\Views\\testepaginainicial.php', 175)
 2 SYSTEMPATH\View\View.php(213): include('APPPATH\\Views\\testepaginainicial.php')
 3 SYSTEMPATH\View\View.php(216): CodeIgniter\View\View->CodeIgniter\View\{closure}()
 4 SYSTEMPATH\Common.php(1137): CodeIgniter\View\View->render('testepaginainicial', [], true)
 5 APPPATH\Controllers\Usuario.php(29): view('testepaginainicial')
 6 SYSTEMPATH\CodeIgniter.php(898): App\Controllers\Usuario->testepaginainicial()
 7 SYSTEMPATH\CodeIgniter.php(457): CodeIgniter\CodeIgniter->runController(Object(App\Controllers\Usuario))
 8 SYSTEMPATH\CodeIgniter.php(340): CodeIgniter\CodeIgniter->handleRequest(null, Object(Config\Cache), false)
 9 FCPATH\index.php(67): CodeIgniter\CodeIgniter->run()
CRITICAL - 2022-08-23 04:42:35 --> Undefined variable $animal
in APPPATH\Views\testepaginainicial.php on line 175.
 1 APPPATH\Views\testepaginainicial.php(175): CodeIgniter\Debug\Exceptions->errorHandler(2, 'Undefined variable $animal', 'APPPATH\\Views\\testepaginainicial.php', 175)
 2 SYSTEMPATH\View\View.php(213): include('APPPATH\\Views\\testepaginainicial.php')
 3 SYSTEMPATH\View\View.php(216): CodeIgniter\View\View->CodeIgniter\View\{closure}()
 4 SYSTEMPATH\Common.php(1137): CodeIgniter\View\View->render('testepaginainicial', [], true)
 5 APPPATH\Controllers\Usuario.php(29): view('testepaginainicial')
 6 SYSTEMPATH\CodeIgniter.php(898): App\Controllers\Usuario->testepaginainicial()
 7 SYSTEMPATH\CodeIgniter.php(457): CodeIgniter\CodeIgniter->runController(Object(App\Controllers\Usuario))
 8 SYSTEMPATH\CodeIgniter.php(340): CodeIgniter\CodeIgniter->handleRequest(null, Object(Config\Cache), false)
 9 FCPATH\index.php(67): CodeIgniter\CodeIgniter->run()
CRITICAL - 2022-08-23 04:42:36 --> Undefined variable $animal
in APPPATH\Views\testepaginainicial.php on line 175.
 1 APPPATH\Views\testepaginainicial.php(175): CodeIgniter\Debug\Exceptions->errorHandler(2, 'Undefined variable $animal', 'APPPATH\\Views\\testepaginainicial.php', 175)
 2 SYSTEMPATH\View\View.php(213): include('APPPATH\\Views\\testepaginainicial.php')
 3 SYSTEMPATH\View\View.php(216): CodeIgniter\View\View->CodeIgniter\View\{closure}()
 4 SYSTEMPATH\Common.php(1137): CodeIgniter\View\View->render('testepaginainicial', [], true)
 5 APPPATH\Controllers\Usuario.php(29): view('testepaginainicial')
 6 SYSTEMPATH\CodeIgniter.php(898): App\Controllers\Usuario->testepaginainicial()
 7 SYSTEMPATH\CodeIgniter.php(457): CodeIgniter\CodeIgniter->runController(Object(App\Controllers\Usuario))
 8 SYSTEMPATH\CodeIgniter.php(340): CodeIgniter\CodeIgniter->handleRequest(null, Object(Config\Cache), false)
 9 FCPATH\index.php(67): CodeIgniter\CodeIgniter->run()
CRITICAL - 2022-08-23 04:42:50 --> Undefined variable $animal
in APPPATH\Views\testepaginainicial.php on line 175.
 1 APPPATH\Views\testepaginainicial.php(175): CodeIgniter\Debug\Exceptions->errorHandler(2, 'Undefined variable $animal', 'APPPATH\\Views\\testepaginainicial.php', 175)
 2 SYSTEMPATH\View\View.php(213): include('APPPATH\\Views\\testepaginainicial.php')
 3 SYSTEMPATH\View\View.php(216): CodeIgniter\View\View->CodeIgniter\View\{closure}()
 4 SYSTEMPATH\Common.php(1137): CodeIgniter\View\View->render('testepaginainicial', [], true)
 5 APPPATH\Controllers\Usuario.php(29): view('testepaginainicial')
 6 SYSTEMPATH\CodeIgniter.php(898): App\Controllers\Usuario->testepaginainicial()
 7 SYSTEMPATH\CodeIgniter.php(457): CodeIgniter\CodeIgniter->runController(Object(App\Controllers\Usuario))
 8 SYSTEMPATH\CodeIgniter.php(340): CodeIgniter\CodeIgniter->handleRequest(null, Object(Config\Cache), false)
 9 FCPATH\index.php(67): CodeIgniter\CodeIgniter->run()
CRITICAL - 2022-08-23 04:42:51 --> Undefined variable $animal
in APPPATH\Views\testepaginainicial.php on line 175.
 1 APPPATH\Views\testepaginainicial.php(175): CodeIgniter\Debug\Exceptions->errorHandler(2, 'Undefined variable $animal', 'APPPATH\\Views\\testepaginainicial.php', 175)
 2 SYSTEMPATH\View\View.php(213): include('APPPATH\\Views\\testepaginainicial.php')
 3 SYSTEMPATH\View\View.php(216): CodeIgniter\View\View->CodeIgniter\View\{closure}()
 4 SYSTEMPATH\Common.php(1137): CodeIgniter\View\View->render('testepaginainicial', [], true)
 5 APPPATH\Controllers\Usuario.php(29): view('testepaginainicial')
 6 SYSTEMPATH\CodeIgniter.php(898): App\Controllers\Usuario->testepaginainicial()
 7 SYSTEMPATH\CodeIgniter.php(457): CodeIgniter\CodeIgniter->runController(Object(App\Controllers\Usuario))
 8 SYSTEMPATH\CodeIgniter.php(340): CodeIgniter\CodeIgniter->handleRequest(null, Object(Config\Cache), false)
 9 FCPATH\index.php(67): CodeIgniter\CodeIgniter->run()
CRITICAL - 2022-08-23 11:13:29 --> syntax error, unexpected token "/"
in APPPATH\Views\testepaginainicial.php on line 177.
 1 SYSTEMPATH\View\View.php(216): CodeIgniter\View\View->CodeIgniter\View\{closure}()
 2 SYSTEMPATH\Common.php(1137): CodeIgniter\View\View->render('testepaginainicial', [], true)
 3 APPPATH\Controllers\Usuario.php(29): view('testepaginainicial')
 4 SYSTEMPATH\CodeIgniter.php(898): App\Controllers\Usuario->testepaginainicial()
 5 SYSTEMPATH\CodeIgniter.php(457): CodeIgniter\CodeIgniter->runController(Object(App\Controllers\Usuario))
 6 SYSTEMPATH\CodeIgniter.php(340): CodeIgniter\CodeIgniter->handleRequest(null, Object(Config\Cache), false)
 7 FCPATH\index.php(67): CodeIgniter\CodeIgniter->run()
CRITICAL - 2022-08-23 11:14:58 --> Undefined variable $animal
in APPPATH\Views\testepaginainicial.php on line 175.
 1 APPPATH\Views\testepaginainicial.php(175): CodeIgniter\Debug\Exceptions->errorHandler(2, 'Undefined variable $animal', 'APPPATH\\Views\\testepaginainicial.php', 175)
 2 SYSTEMPATH\View\View.php(213): include('APPPATH\\Views\\testepaginainicial.php')
 3 SYSTEMPATH\View\View.php(216): CodeIgniter\View\View->CodeIgniter\View\{closure}()
 4 SYSTEMPATH\Common.php(1137): CodeIgniter\View\View->render('testepaginainicial', [], true)
 5 APPPATH\Controllers\Usuario.php(29): view('testepaginainicial')
 6 SYSTEMPATH\CodeIgniter.php(898): App\Controllers\Usuario->testepaginainicial()
 7 SYSTEMPATH\CodeIgniter.php(457): CodeIgniter\CodeIgniter->runController(Object(App\Controllers\Usuario))
 8 SYSTEMPATH\CodeIgniter.php(340): CodeIgniter\CodeIgniter->handleRequest(null, Object(Config\Cache), false)
 9 FCPATH\index.php(67): CodeIgniter\CodeIgniter->run()
CRITICAL - 2022-08-23 11:18:03 --> Undefined variable $animal
in APPPATH\Views\testepaginainicial.php on line 175.
 1 APPPATH\Views\testepaginainicial.php(175): CodeIgniter\Debug\Exceptions->errorHandler(2, 'Undefined variable $animal', 'APPPATH\\Views\\testepaginainicial.php', 175)
 2 SYSTEMPATH\View\View.php(213): include('APPPATH\\Views\\testepaginainicial.php')
 3 SYSTEMPATH\View\View.php(216): CodeIgniter\View\View->CodeIgniter\View\{closure}()
 4 SYSTEMPATH\Common.php(1137): CodeIgniter\View\View->render('testepaginainicial', [], true)
 5 APPPATH\Controllers\Animal.php(17): view('testepaginainicial', [...])
 6 SYSTEMPATH\CodeIgniter.php(898): App\Controllers\Animal->index()
 7 SYSTEMPATH\CodeIgniter.php(457): CodeIgniter\CodeIgniter->runController(Object(App\Controllers\Animal))
 8 SYSTEMPATH\CodeIgniter.php(340): CodeIgniter\CodeIgniter->handleRequest(null, Object(Config\Cache), false)
 9 FCPATH\index.php(67): CodeIgniter\CodeIgniter->run()
CRITICAL - 2022-08-23 11:18:54 --> Undefined variable $animal
in APPPATH\Views\testepaginainicial.php on line 175.
 1 APPPATH\Views\testepaginainicial.php(175): CodeIgniter\Debug\Exceptions->errorHandler(2, 'Undefined variable $animal', 'APPPATH\\Views\\testepaginainicial.php', 175)
 2 SYSTEMPATH\View\View.php(213): include('APPPATH\\Views\\testepaginainicial.php')
 3 SYSTEMPATH\View\View.php(216): CodeIgniter\View\View->CodeIgniter\View\{closure}()
 4 SYSTEMPATH\Common.php(1137): CodeIgniter\View\View->render('testepaginainicial', [], true)
 5 APPPATH\Controllers\Animal.php(17): view('testepaginainicial', [...])
 6 SYSTEMPATH\CodeIgniter.php(898): App\Controllers\Animal->index()
 7 SYSTEMPATH\CodeIgniter.php(457): CodeIgniter\CodeIgniter->runController(Object(App\Controllers\Animal))
 8 SYSTEMPATH\CodeIgniter.php(340): CodeIgniter\CodeIgniter->handleRequest(null, Object(Config\Cache), false)
 9 FCPATH\index.php(67): CodeIgniter\CodeIgniter->run()
CRITICAL - 2022-08-23 11:18:56 --> Undefined variable $animal
in APPPATH\Views\testepaginainicial.php on line 175.
 1 APPPATH\Views\testepaginainicial.php(175): CodeIgniter\Debug\Exceptions->errorHandler(2, 'Undefined variable $animal', 'APPPATH\\Views\\testepaginainicial.php', 175)
 2 SYSTEMPATH\View\View.php(213): include('APPPATH\\Views\\testepaginainicial.php')
 3 SYSTEMPATH\View\View.php(216): CodeIgniter\View\View->CodeIgniter\View\{closure}()
 4 SYSTEMPATH\Common.php(1137): CodeIgniter\View\View->render('testepaginainicial', [], true)
 5 APPPATH\Controllers\Animal.php(17): view('testepaginainicial', [...])
 6 SYSTEMPATH\CodeIgniter.php(898): App\Controllers\Animal->index()
 7 SYSTEMPATH\CodeIgniter.php(457): CodeIgniter\CodeIgniter->runController(Object(App\Controllers\Animal))
 8 SYSTEMPATH\CodeIgniter.php(340): CodeIgniter\CodeIgniter->handleRequest(null, Object(Config\Cache), false)
 9 FCPATH\index.php(67): CodeIgniter\CodeIgniter->run()
CRITICAL - 2022-08-23 11:19:18 --> Undefined variable $animal
in APPPATH\Views\testepaginainicial.php on line 175.
 1 APPPATH\Views\testepaginainicial.php(175): CodeIgniter\Debug\Exceptions->errorHandler(2, 'Undefined variable $animal', 'APPPATH\\Views\\testepaginainicial.php', 175)
 2 SYSTEMPATH\View\View.php(213): include('APPPATH\\Views\\testepaginainicial.php')
 3 SYSTEMPATH\View\View.php(216): CodeIgniter\View\View->CodeIgniter\View\{closure}()
 4 SYSTEMPATH\Common.php(1137): CodeIgniter\View\View->render('testepaginainicial', [], true)
 5 APPPATH\Controllers\Animal.php(17): view('testepaginainicial', [...])
 6 SYSTEMPATH\CodeIgniter.php(898): App\Controllers\Animal->index()
 7 SYSTEMPATH\CodeIgniter.php(457): CodeIgniter\CodeIgniter->runController(Object(App\Controllers\Animal))
 8 SYSTEMPATH\CodeIgniter.php(340): CodeIgniter\CodeIgniter->handleRequest(null, Object(Config\Cache), false)
 9 FCPATH\index.php(67): CodeIgniter\CodeIgniter->run()
CRITICAL - 2022-08-23 11:19:19 --> Undefined variable $animal
in APPPATH\Views\testepaginainicial.php on line 175.
 1 APPPATH\Views\testepaginainicial.php(175): CodeIgniter\Debug\Exceptions->errorHandler(2, 'Undefined variable $animal', 'APPPATH\\Views\\testepaginainicial.php', 175)
 2 SYSTEMPATH\View\View.php(213): include('APPPATH\\Views\\testepaginainicial.php')
 3 SYSTEMPATH\View\View.php(216): CodeIgniter\View\View->CodeIgniter\View\{closure}()
 4 SYSTEMPATH\Common.php(1137): CodeIgniter\View\View->render('testepaginainicial', [], true)
 5 APPPATH\Controllers\Animal.php(17): view('testepaginainicial', [...])
 6 SYSTEMPATH\CodeIgniter.php(898): App\Controllers\Animal->index()
 7 SYSTEMPATH\CodeIgniter.php(457): CodeIgniter\CodeIgniter->runController(Object(App\Controllers\Animal))
 8 SYSTEMPATH\CodeIgniter.php(340): CodeIgniter\CodeIgniter->handleRequest(null, Object(Config\Cache), false)
 9 FCPATH\index.php(67): CodeIgniter\CodeIgniter->run()
CRITICAL - 2022-08-23 11:21:36 --> syntax error, unexpected token "/"
in APPPATH\Views\testepaginainicial.php on line 177.
 1 SYSTEMPATH\View\View.php(216): CodeIgniter\View\View->CodeIgniter\View\{closure}()
 2 SYSTEMPATH\Common.php(1137): CodeIgniter\View\View->render('testepaginainicial', [], true)
 3 APPPATH\Controllers\Animal.php(17): view('testepaginainicial', [...])
 4 SYSTEMPATH\CodeIgniter.php(898): App\Controllers\Animal->index()
 5 SYSTEMPATH\CodeIgniter.php(457): CodeIgniter\CodeIgniter->runController(Object(App\Controllers\Animal))
 6 SYSTEMPATH\CodeIgniter.php(340): CodeIgniter\CodeIgniter->handleRequest(null, Object(Config\Cache), false)
 7 FCPATH\index.php(67): CodeIgniter\CodeIgniter->run()
CRITICAL - 2022-08-23 11:22:09 --> Undefined array key "id_animal"
in APPPATH\Views\testepaginainicial.php on line 177.
 1 APPPATH\Views\testepaginainicial.php(177): CodeIgniter\Debug\Exceptions->errorHandler(2, 'Undefined array key "id_animal"', 'APPPATH\\Views\\testepaginainicial.php', 177)
 2 SYSTEMPATH\View\View.php(213): include('APPPATH\\Views\\testepaginainicial.php')
 3 SYSTEMPATH\View\View.php(216): CodeIgniter\View\View->CodeIgniter\View\{closure}()
 4 SYSTEMPATH\Common.php(1137): CodeIgniter\View\View->render('testepaginainicial', [], true)
 5 APPPATH\Controllers\Animal.php(17): view('testepaginainicial', [...])
 6 SYSTEMPATH\CodeIgniter.php(898): App\Controllers\Animal->index()
 7 SYSTEMPATH\CodeIgniter.php(457): CodeIgniter\CodeIgniter->runController(Object(App\Controllers\Animal))
 8 SYSTEMPATH\CodeIgniter.php(340): CodeIgniter\CodeIgniter->handleRequest(null, Object(Config\Cache), false)
 9 FCPATH\index.php(67): CodeIgniter\CodeIgniter->run()
CRITICAL - 2022-08-23 11:25:13 --> Undefined variable $testepaginainicial
in APPPATH\Views\testepaginainicial.php on line 175.
 1 APPPATH\Views\testepaginainicial.php(175): CodeIgniter\Debug\Exceptions->errorHandler(2, 'Undefined variable $testepaginainicial', 'APPPATH\\Views\\testepaginainicial.php', 175)
 2 SYSTEMPATH\View\View.php(213): include('APPPATH\\Views\\testepaginainicial.php')
 3 SYSTEMPATH\View\View.php(216): CodeIgniter\View\View->CodeIgniter\View\{closure}()
 4 SYSTEMPATH\Common.php(1137): CodeIgniter\View\View->render('testepaginainicial', [], true)
 5 APPPATH\Controllers\Usuario.php(29): view('testepaginainicial')
 6 SYSTEMPATH\CodeIgniter.php(898): App\Controllers\Usuario->testepaginainicial()
 7 SYSTEMPATH\CodeIgniter.php(457): CodeIgniter\CodeIgniter->runController(Object(App\Controllers\Usuario))
 8 SYSTEMPATH\CodeIgniter.php(340): CodeIgniter\CodeIgniter->handleRequest(null, Object(Config\Cache), false)
 9 FCPATH\index.php(67): CodeIgniter\CodeIgniter->run()
CRITICAL - 2022-08-23 11:25:38 --> Undefined variable $testepaginainicial
in APPPATH\Views\testepaginainicial.php on line 175.
 1 APPPATH\Views\testepaginainicial.php(175): CodeIgniter\Debug\Exceptions->errorHandler(2, 'Undefined variable $testepaginainicial', 'APPPATH\\Views\\testepaginainicial.php', 175)
 2 SYSTEMPATH\View\View.php(213): include('APPPATH\\Views\\testepaginainicial.php')
 3 SYSTEMPATH\View\View.php(216): CodeIgniter\View\View->CodeIgniter\View\{closure}()
 4 SYSTEMPATH\Common.php(1137): CodeIgniter\View\View->render('testepaginainicial', [], true)
 5 APPPATH\Controllers\Usuario.php(29): view('testepaginainicial')
 6 SYSTEMPATH\CodeIgniter.php(898): App\Controllers\Usuario->testepaginainicial()
 7 SYSTEMPATH\CodeIgniter.php(457): CodeIgniter\CodeIgniter->runController(Object(App\Controllers\Usuario))
 8 SYSTEMPATH\CodeIgniter.php(340): CodeIgniter\CodeIgniter->handleRequest(null, Object(Config\Cache), false)
 9 FCPATH\index.php(67): CodeIgniter\CodeIgniter->run()
CRITICAL - 2022-08-23 11:25:53 --> Undefined variable $testepaginainicial
in APPPATH\Views\testepaginainicial.php on line 175.
 1 APPPATH\Views\testepaginainicial.php(175): CodeIgniter\Debug\Exceptions->errorHandler(2, 'Undefined variable $testepaginainicial', 'APPPATH\\Views\\testepaginainicial.php', 175)
 2 SYSTEMPATH\View\View.php(213): include('APPPATH\\Views\\testepaginainicial.php')
 3 SYSTEMPATH\View\View.php(216): CodeIgniter\View\View->CodeIgniter\View\{closure}()
 4 SYSTEMPATH\Common.php(1137): CodeIgniter\View\View->render('testepaginainicial', [], true)
 5 APPPATH\Controllers\Usuario.php(29): view('testepaginainicial')
 6 SYSTEMPATH\CodeIgniter.php(898): App\Controllers\Usuario->testepaginainicial()
 7 SYSTEMPATH\CodeIgniter.php(457): CodeIgniter\CodeIgniter->runController(Object(App\Controllers\Usuario))
 8 SYSTEMPATH\CodeIgniter.php(340): CodeIgniter\CodeIgniter->handleRequest(null, Object(Config\Cache), false)
 9 FCPATH\index.php(67): CodeIgniter\CodeIgniter->run()
CRITICAL - 2022-08-23 11:25:54 --> Undefined variable $testepaginainicial
in APPPATH\Views\testepaginainicial.php on line 175.
 1 APPPATH\Views\testepaginainicial.php(175): CodeIgniter\Debug\Exceptions->errorHandler(2, 'Undefined variable $testepaginainicial', 'APPPATH\\Views\\testepaginainicial.php', 175)
 2 SYSTEMPATH\View\View.php(213): include('APPPATH\\Views\\testepaginainicial.php')
 3 SYSTEMPATH\View\View.php(216): CodeIgniter\View\View->CodeIgniter\View\{closure}()
 4 SYSTEMPATH\Common.php(1137): CodeIgniter\View\View->render('testepaginainicial', [], true)
 5 APPPATH\Controllers\Usuario.php(29): view('testepaginainicial')
 6 SYSTEMPATH\CodeIgniter.php(898): App\Controllers\Usuario->testepaginainicial()
 7 SYSTEMPATH\CodeIgniter.php(457): CodeIgniter\CodeIgniter->runController(Object(App\Controllers\Usuario))
 8 SYSTEMPATH\CodeIgniter.php(340): CodeIgniter\CodeIgniter->handleRequest(null, Object(Config\Cache), false)
 9 FCPATH\index.php(67): CodeIgniter\CodeIgniter->run()
CRITICAL - 2022-08-23 11:27:27 --> Undefined variable $testepaginainicial
in APPPATH\Views\testepaginainicial.php on line 175.
 1 APPPATH\Views\testepaginainicial.php(175): CodeIgniter\Debug\Exceptions->errorHandler(2, 'Undefined variable $testepaginainicial', 'APPPATH\\Views\\testepaginainicial.php', 175)
 2 SYSTEMPATH\View\View.php(213): include('APPPATH\\Views\\testepaginainicial.php')
 3 SYSTEMPATH\View\View.php(216): CodeIgniter\View\View->CodeIgniter\View\{closure}()
 4 SYSTEMPATH\Common.php(1137): CodeIgniter\View\View->render('testepaginainicial', [], true)
 5 APPPATH\Controllers\Usuario.php(29): view('testepaginainicial')
 6 SYSTEMPATH\CodeIgniter.php(898): App\Controllers\Usuario->testepaginainicial()
 7 SYSTEMPATH\CodeIgniter.php(457): CodeIgniter\CodeIgniter->runController(Object(App\Controllers\Usuario))
 8 SYSTEMPATH\CodeIgniter.php(340): CodeIgniter\CodeIgniter->handleRequest(null, Object(Config\Cache), false)
 9 FCPATH\index.php(67): CodeIgniter\CodeIgniter->run()
CRITICAL - 2022-08-23 11:27:28 --> Undefined variable $testepaginainicial
in APPPATH\Views\testepaginainicial.php on line 175.
 1 APPPATH\Views\testepaginainicial.php(175): CodeIgniter\Debug\Exceptions->errorHandler(2, 'Undefined variable $testepaginainicial', 'APPPATH\\Views\\testepaginainicial.php', 175)
 2 SYSTEMPATH\View\View.php(213): include('APPPATH\\Views\\testepaginainicial.php')
 3 SYSTEMPATH\View\View.php(216): CodeIgniter\View\View->CodeIgniter\View\{closure}()
 4 SYSTEMPATH\Common.php(1137): CodeIgniter\View\View->render('testepaginainicial', [], true)
 5 APPPATH\Controllers\Usuario.php(29): view('testepaginainicial')
 6 SYSTEMPATH\CodeIgniter.php(898): App\Controllers\Usuario->testepaginainicial()
 7 SYSTEMPATH\CodeIgniter.php(457): CodeIgniter\CodeIgniter->runController(Object(App\Controllers\Usuario))
 8 SYSTEMPATH\CodeIgniter.php(340): CodeIgniter\CodeIgniter->handleRequest(null, Object(Config\Cache), false)
 9 FCPATH\index.php(67): CodeIgniter\CodeIgniter->run()
CRITICAL - 2022-08-23 11:31:50 --> syntax error, unexpected token "/"
in APPPATH\Views\testepaginainicial.php on line 178.
 1 SYSTEMPATH\View\View.php(216): CodeIgniter\View\View->CodeIgniter\View\{closure}()
 2 SYSTEMPATH\Common.php(1137): CodeIgniter\View\View->render('testepaginainicial', [], true)
 3 APPPATH\Controllers\Animal.php(17): view('testepaginainicial', [...])
 4 SYSTEMPATH\CodeIgniter.php(898): App\Controllers\Animal->index()
 5 SYSTEMPATH\CodeIgniter.php(457): CodeIgniter\CodeIgniter->runController(Object(App\Controllers\Animal))
 6 SYSTEMPATH\CodeIgniter.php(340): CodeIgniter\CodeIgniter->handleRequest(null, Object(Config\Cache), false)
 7 FCPATH\index.php(67): CodeIgniter\CodeIgniter->run()
CRITICAL - 2022-08-23 11:32:16 --> syntax error, unexpected token "<"
in APPPATH\Views\testepaginainicial.php on line 179.
 1 SYSTEMPATH\View\View.php(216): CodeIgniter\View\View->CodeIgniter\View\{closure}()
 2 SYSTEMPATH\Common.php(1137): CodeIgniter\View\View->render('testepaginainicial', [], true)
 3 APPPATH\Controllers\Animal.php(17): view('testepaginainicial', [...])
 4 SYSTEMPATH\CodeIgniter.php(898): App\Controllers\Animal->index()
 5 SYSTEMPATH\CodeIgniter.php(457): CodeIgniter\CodeIgniter->runController(Object(App\Controllers\Animal))
 6 SYSTEMPATH\CodeIgniter.php(340): CodeIgniter\CodeIgniter->handleRequest(null, Object(Config\Cache), false)
 7 FCPATH\index.php(67): CodeIgniter\CodeIgniter->run()
CRITICAL - 2022-08-23 11:32:51 --> syntax error, unexpected token "<"
in APPPATH\Views\testepaginainicial.php on line 179.
 1 SYSTEMPATH\View\View.php(216): CodeIgniter\View\View->CodeIgniter\View\{closure}()
 2 SYSTEMPATH\Common.php(1137): CodeIgniter\View\View->render('testepaginainicial', [], true)
 3 APPPATH\Controllers\Animal.php(17): view('testepaginainicial', [...])
 4 SYSTEMPATH\CodeIgniter.php(898): App\Controllers\Animal->index()
 5 SYSTEMPATH\CodeIgniter.php(457): CodeIgniter\CodeIgniter->runController(Object(App\Controllers\Animal))
 6 SYSTEMPATH\CodeIgniter.php(340): CodeIgniter\CodeIgniter->handleRequest(null, Object(Config\Cache), false)
 7 FCPATH\index.php(67): CodeIgniter\CodeIgniter->run()
CRITICAL - 2022-08-23 11:33:45 --> Undefined array key "id_usuario"
in APPPATH\Views\testepaginainicial.php on line 178.
 1 APPPATH\Views\testepaginainicial.php(178): CodeIgniter\Debug\Exceptions->errorHandler(2, 'Undefined array key "id_usuario"', 'APPPATH\\Views\\testepaginainicial.php', 178)
 2 SYSTEMPATH\View\View.php(213): include('APPPATH\\Views\\testepaginainicial.php')
 3 SYSTEMPATH\View\View.php(216): CodeIgniter\View\View->CodeIgniter\View\{closure}()
 4 SYSTEMPATH\Common.php(1137): CodeIgniter\View\View->render('testepaginainicial', [], true)
 5 APPPATH\Controllers\Animal.php(17): view('testepaginainicial', [...])
 6 SYSTEMPATH\CodeIgniter.php(898): App\Controllers\Animal->index()
 7 SYSTEMPATH\CodeIgniter.php(457): CodeIgniter\CodeIgniter->runController(Object(App\Controllers\Animal))
 8 SYSTEMPATH\CodeIgniter.php(340): CodeIgniter\CodeIgniter->handleRequest(null, Object(Config\Cache), false)
 9 FCPATH\index.php(67): CodeIgniter\CodeIgniter->run()
CRITICAL - 2022-08-23 11:35:17 --> Undefined array key "id_usuario"
in APPPATH\Views\testepaginainicial.php on line 178.
 1 APPPATH\Views\testepaginainicial.php(178): CodeIgniter\Debug\Exceptions->errorHandler(2, 'Undefined array key "id_usuario"', 'APPPATH\\Views\\testepaginainicial.php', 178)
 2 SYSTEMPATH\View\View.php(213): include('APPPATH\\Views\\testepaginainicial.php')
 3 SYSTEMPATH\View\View.php(216): CodeIgniter\View\View->CodeIgniter\View\{closure}()
 4 SYSTEMPATH\Common.php(1137): CodeIgniter\View\View->render('testepaginainicial', [], true)
 5 APPPATH\Controllers\Animal.php(17): view('testepaginainicial', [...])
 6 SYSTEMPATH\CodeIgniter.php(898): App\Controllers\Animal->index()
 7 SYSTEMPATH\CodeIgniter.php(457): CodeIgniter\CodeIgniter->runController(Object(App\Controllers\Animal))
 8 SYSTEMPATH\CodeIgniter.php(340): CodeIgniter\CodeIgniter->handleRequest(null, Object(Config\Cache), false)
 9 FCPATH\index.php(67): CodeIgniter\CodeIgniter->run()
CRITICAL - 2022-08-23 11:35:18 --> Undefined array key "id_usuario"
in APPPATH\Views\testepaginainicial.php on line 178.
 1 APPPATH\Views\testepaginainicial.php(178): CodeIgniter\Debug\Exceptions->errorHandler(2, 'Undefined array key "id_usuario"', 'APPPATH\\Views\\testepaginainicial.php', 178)
 2 SYSTEMPATH\View\View.php(213): include('APPPATH\\Views\\testepaginainicial.php')
 3 SYSTEMPATH\View\View.php(216): CodeIgniter\View\View->CodeIgniter\View\{closure}()
 4 SYSTEMPATH\Common.php(1137): CodeIgniter\View\View->render('testepaginainicial', [], true)
 5 APPPATH\Controllers\Animal.php(17): view('testepaginainicial', [...])
 6 SYSTEMPATH\CodeIgniter.php(898): App\Controllers\Animal->index()
 7 SYSTEMPATH\CodeIgniter.php(457): CodeIgniter\CodeIgniter->runController(Object(App\Controllers\Animal))
 8 SYSTEMPATH\CodeIgniter.php(340): CodeIgniter\CodeIgniter->handleRequest(null, Object(Config\Cache), false)
 9 FCPATH\index.php(67): CodeIgniter\CodeIgniter->run()
CRITICAL - 2022-08-23 11:46:38 --> syntax error, unexpected end of file
in APPPATH\Views\testepaginainicial.php on line 231.
 1 SYSTEMPATH\View\View.php(216): CodeIgniter\View\View->CodeIgniter\View\{closure}()
 2 SYSTEMPATH\Common.php(1137): CodeIgniter\View\View->render('testepaginainicial', [], true)
 3 APPPATH\Controllers\Animal.php(17): view('testepaginainicial', [...])
 4 SYSTEMPATH\CodeIgniter.php(898): App\Controllers\Animal->index()
 5 SYSTEMPATH\CodeIgniter.php(457): CodeIgniter\CodeIgniter->runController(Object(App\Controllers\Animal))
 6 SYSTEMPATH\CodeIgniter.php(340): CodeIgniter\CodeIgniter->handleRequest(null, Object(Config\Cache), false)
 7 FCPATH\index.php(67): CodeIgniter\CodeIgniter->run()
CRITICAL - 2022-08-23 11:46:41 --> syntax error, unexpected end of file
in APPPATH\Views\testepaginainicial.php on line 231.
 1 SYSTEMPATH\View\View.php(216): CodeIgniter\View\View->CodeIgniter\View\{closure}()
 2 SYSTEMPATH\Common.php(1137): CodeIgniter\View\View->render('testepaginainicial', [], true)
 3 APPPATH\Controllers\Animal.php(17): view('testepaginainicial', [...])
 4 SYSTEMPATH\CodeIgniter.php(898): App\Controllers\Animal->index()
 5 SYSTEMPATH\CodeIgniter.php(457): CodeIgniter\CodeIgniter->runController(Object(App\Controllers\Animal))
 6 SYSTEMPATH\CodeIgniter.php(340): CodeIgniter\CodeIgniter->handleRequest(null, Object(Config\Cache), false)
 7 FCPATH\index.php(67): CodeIgniter\CodeIgniter->run()
CRITICAL - 2022-08-23 11:56:26 --> Undefined variable $testepaginainicial
in APPPATH\Views\testepaginainicial.php on line 175.
 1 APPPATH\Views\testepaginainicial.php(175): CodeIgniter\Debug\Exceptions->errorHandler(2, 'Undefined variable $testepaginainicial', 'APPPATH\\Views\\testepaginainicial.php', 175)
 2 SYSTEMPATH\View\View.php(213): include('APPPATH\\Views\\testepaginainicial.php')
 3 SYSTEMPATH\View\View.php(216): CodeIgniter\View\View->CodeIgniter\View\{closure}()
 4 SYSTEMPATH\Common.php(1137): CodeIgniter\View\View->render('testepaginainicial', [], true)
 5 APPPATH\Controllers\Usuario.php(29): view('testepaginainicial')
 6 SYSTEMPATH\CodeIgniter.php(898): App\Controllers\Usuario->testepaginainicial()
 7 SYSTEMPATH\CodeIgniter.php(457): CodeIgniter\CodeIgniter->runController(Object(App\Controllers\Usuario))
 8 SYSTEMPATH\CodeIgniter.php(340): CodeIgniter\CodeIgniter->handleRequest(null, Object(Config\Cache), false)
 9 FCPATH\index.php(67): CodeIgniter\CodeIgniter->run()
CRITICAL - 2022-08-23 12:42:03 --> syntax error, unexpected token "endforeach", expecting end of file
in APPPATH\Views\testepaginainicial.php on line 191.
 1 SYSTEMPATH\View\View.php(216): CodeIgniter\View\View->CodeIgniter\View\{closure}()
 2 SYSTEMPATH\Common.php(1137): CodeIgniter\View\View->render('testepaginainicial', [], true)
 3 APPPATH\Controllers\Animal.php(17): view('testepaginainicial', [...])
 4 SYSTEMPATH\CodeIgniter.php(898): App\Controllers\Animal->index()
 5 SYSTEMPATH\CodeIgniter.php(457): CodeIgniter\CodeIgniter->runController(Object(App\Controllers\Animal))
 6 SYSTEMPATH\CodeIgniter.php(340): CodeIgniter\CodeIgniter->handleRequest(null, Object(Config\Cache), false)
 7 FCPATH\index.php(67): CodeIgniter\CodeIgniter->run()
CRITICAL - 2022-08-23 12:50:30 --> Undefined variable $testepaginainicial
in APPPATH\Views\animal.php on line 170.
 1 APPPATH\Views\animal.php(170): CodeIgniter\Debug\Exceptions->errorHandler(2, 'Undefined variable $testepaginainicial', 'APPPATH\\Views\\animal.php', 170)
 2 SYSTEMPATH\View\View.php(213): include('APPPATH\\Views\\animal.php')
 3 SYSTEMPATH\View\View.php(216): CodeIgniter\View\View->CodeIgniter\View\{closure}()
 4 SYSTEMPATH\Common.php(1137): CodeIgniter\View\View->render('animal', [], true)
 5 APPPATH\Controllers\Animal.php(17): view('animal', [...])
 6 SYSTEMPATH\CodeIgniter.php(898): App\Controllers\Animal->index()
 7 SYSTEMPATH\CodeIgniter.php(457): CodeIgniter\CodeIgniter->runController(Object(App\Controllers\Animal))
 8 SYSTEMPATH\CodeIgniter.php(340): CodeIgniter\CodeIgniter->handleRequest(null, Object(Config\Cache), false)
 9 FCPATH\index.php(67): CodeIgniter\CodeIgniter->run()
CRITICAL - 2022-08-23 12:50:41 --> Undefined variable $testepaginainicial
in APPPATH\Views\animal.php on line 170.
 1 APPPATH\Views\animal.php(170): CodeIgniter\Debug\Exceptions->errorHandler(2, 'Undefined variable $testepaginainicial', 'APPPATH\\Views\\animal.php', 170)
 2 SYSTEMPATH\View\View.php(213): include('APPPATH\\Views\\animal.php')
 3 SYSTEMPATH\View\View.php(216): CodeIgniter\View\View->CodeIgniter\View\{closure}()
 4 SYSTEMPATH\Common.php(1137): CodeIgniter\View\View->render('animal', [], true)
 5 APPPATH\Controllers\Animal.php(17): view('animal', [...])
 6 SYSTEMPATH\CodeIgniter.php(898): App\Controllers\Animal->index()
 7 SYSTEMPATH\CodeIgniter.php(457): CodeIgniter\CodeIgniter->runController(Object(App\Controllers\Animal))
 8 SYSTEMPATH\CodeIgniter.php(340): CodeIgniter\CodeIgniter->handleRequest(null, Object(Config\Cache), false)
 9 FCPATH\index.php(67): CodeIgniter\CodeIgniter->run()
CRITICAL - 2022-08-23 12:50:42 --> Undefined variable $testepaginainicial
in APPPATH\Views\animal.php on line 170.
 1 APPPATH\Views\animal.php(170): CodeIgniter\Debug\Exceptions->errorHandler(2, 'Undefined variable $testepaginainicial', 'APPPATH\\Views\\animal.php', 170)
 2 SYSTEMPATH\View\View.php(213): include('APPPATH\\Views\\animal.php')
 3 SYSTEMPATH\View\View.php(216): CodeIgniter\View\View->CodeIgniter\View\{closure}()
 4 SYSTEMPATH\Common.php(1137): CodeIgniter\View\View->render('animal', [], true)
 5 APPPATH\Controllers\Animal.php(17): view('animal', [...])
 6 SYSTEMPATH\CodeIgniter.php(898): App\Controllers\Animal->index()
 7 SYSTEMPATH\CodeIgniter.php(457): CodeIgniter\CodeIgniter->runController(Object(App\Controllers\Animal))
 8 SYSTEMPATH\CodeIgniter.php(340): CodeIgniter\CodeIgniter->handleRequest(null, Object(Config\Cache), false)
 9 FCPATH\index.php(67): CodeIgniter\CodeIgniter->run()
CRITICAL - 2022-08-23 12:51:48 --> Undefined variable $testepaginainicial
in APPPATH\Views\animal.php on line 170.
 1 APPPATH\Views\animal.php(170): CodeIgniter\Debug\Exceptions->errorHandler(2, 'Undefined variable $testepaginainicial', 'APPPATH\\Views\\animal.php', 170)
 2 SYSTEMPATH\View\View.php(213): include('APPPATH\\Views\\animal.php')
 3 SYSTEMPATH\View\View.php(216): CodeIgniter\View\View->CodeIgniter\View\{closure}()
 4 SYSTEMPATH\Common.php(1137): CodeIgniter\View\View->render('animal', [], true)
 5 APPPATH\Controllers\Animal.php(17): view('animal', [...])
 6 SYSTEMPATH\CodeIgniter.php(898): App\Controllers\Animal->index()
 7 SYSTEMPATH\CodeIgniter.php(457): CodeIgniter\CodeIgniter->runController(Object(App\Controllers\Animal))
 8 SYSTEMPATH\CodeIgniter.php(340): CodeIgniter\CodeIgniter->handleRequest(null, Object(Config\Cache), false)
 9 FCPATH\index.php(67): CodeIgniter\CodeIgniter->run()
CRITICAL - 2022-08-23 12:52:22 --> Undefined variable $testepaginainicials
in APPPATH\Views\animal.php on line 177.
 1 APPPATH\Views\animal.php(177): CodeIgniter\Debug\Exceptions->errorHandler(2, 'Undefined variable $testepaginainicials', 'APPPATH\\Views\\animal.php', 177)
 2 SYSTEMPATH\View\View.php(213): include('APPPATH\\Views\\animal.php')
 3 SYSTEMPATH\View\View.php(216): CodeIgniter\View\View->CodeIgniter\View\{closure}()
 4 SYSTEMPATH\Common.php(1137): CodeIgniter\View\View->render('animal', [], true)
 5 APPPATH\Controllers\Animal.php(17): view('animal', [...])
 6 SYSTEMPATH\CodeIgniter.php(898): App\Controllers\Animal->index()
 7 SYSTEMPATH\CodeIgniter.php(457): CodeIgniter\CodeIgniter->runController(Object(App\Controllers\Animal))
 8 SYSTEMPATH\CodeIgniter.php(340): CodeIgniter\CodeIgniter->handleRequest(null, Object(Config\Cache), false)
 9 FCPATH\index.php(67): CodeIgniter\CodeIgniter->run()
CRITICAL - 2022-08-23 12:52:23 --> Undefined variable $testepaginainicials
in APPPATH\Views\animal.php on line 177.
 1 APPPATH\Views\animal.php(177): CodeIgniter\Debug\Exceptions->errorHandler(2, 'Undefined variable $testepaginainicials', 'APPPATH\\Views\\animal.php', 177)
 2 SYSTEMPATH\View\View.php(213): include('APPPATH\\Views\\animal.php')
 3 SYSTEMPATH\View\View.php(216): CodeIgniter\View\View->CodeIgniter\View\{closure}()
 4 SYSTEMPATH\Common.php(1137): CodeIgniter\View\View->render('animal', [], true)
 5 APPPATH\Controllers\Animal.php(17): view('animal', [...])
 6 SYSTEMPATH\CodeIgniter.php(898): App\Controllers\Animal->index()
 7 SYSTEMPATH\CodeIgniter.php(457): CodeIgniter\CodeIgniter->runController(Object(App\Controllers\Animal))
 8 SYSTEMPATH\CodeIgniter.php(340): CodeIgniter\CodeIgniter->handleRequest(null, Object(Config\Cache), false)
 9 FCPATH\index.php(67): CodeIgniter\CodeIgniter->run()
CRITICAL - 2022-08-23 12:52:24 --> Undefined variable $testepaginainicials
in APPPATH\Views\animal.php on line 177.
 1 APPPATH\Views\animal.php(177): CodeIgniter\Debug\Exceptions->errorHandler(2, 'Undefined variable $testepaginainicials', 'APPPATH\\Views\\animal.php', 177)
 2 SYSTEMPATH\View\View.php(213): include('APPPATH\\Views\\animal.php')
 3 SYSTEMPATH\View\View.php(216): CodeIgniter\View\View->CodeIgniter\View\{closure}()
 4 SYSTEMPATH\Common.php(1137): CodeIgniter\View\View->render('animal', [], true)
 5 APPPATH\Controllers\Animal.php(17): view('animal', [...])
 6 SYSTEMPATH\CodeIgniter.php(898): App\Controllers\Animal->index()
 7 SYSTEMPATH\CodeIgniter.php(457): CodeIgniter\CodeIgniter->runController(Object(App\Controllers\Animal))
 8 SYSTEMPATH\CodeIgniter.php(340): CodeIgniter\CodeIgniter->handleRequest(null, Object(Config\Cache), false)
 9 FCPATH\index.php(67): CodeIgniter\CodeIgniter->run()
CRITICAL - 2022-08-23 12:52:25 --> Undefined variable $testepaginainicials
in APPPATH\Views\animal.php on line 177.
 1 APPPATH\Views\animal.php(177): CodeIgniter\Debug\Exceptions->errorHandler(2, 'Undefined variable $testepaginainicials', 'APPPATH\\Views\\animal.php', 177)
 2 SYSTEMPATH\View\View.php(213): include('APPPATH\\Views\\animal.php')
 3 SYSTEMPATH\View\View.php(216): CodeIgniter\View\View->CodeIgniter\View\{closure}()
 4 SYSTEMPATH\Common.php(1137): CodeIgniter\View\View->render('animal', [], true)
 5 APPPATH\Controllers\Animal.php(17): view('animal', [...])
 6 SYSTEMPATH\CodeIgniter.php(898): App\Controllers\Animal->index()
 7 SYSTEMPATH\CodeIgniter.php(457): CodeIgniter\CodeIgniter->runController(Object(App\Controllers\Animal))
 8 SYSTEMPATH\CodeIgniter.php(340): CodeIgniter\CodeIgniter->handleRequest(null, Object(Config\Cache), false)
 9 FCPATH\index.php(67): CodeIgniter\CodeIgniter->run()
CRITICAL - 2022-08-23 12:52:34 --> Undefined variable $testepaginainicials
in APPPATH\Views\animal.php on line 177.
 1 APPPATH\Views\animal.php(177): CodeIgniter\Debug\Exceptions->errorHandler(2, 'Undefined variable $testepaginainicials', 'APPPATH\\Views\\animal.php', 177)
 2 SYSTEMPATH\View\View.php(213): include('APPPATH\\Views\\animal.php')
 3 SYSTEMPATH\View\View.php(216): CodeIgniter\View\View->CodeIgniter\View\{closure}()
 4 SYSTEMPATH\Common.php(1137): CodeIgniter\View\View->render('animal', [], true)
 5 APPPATH\Controllers\Animal.php(17): view('animal', [...])
 6 SYSTEMPATH\CodeIgniter.php(898): App\Controllers\Animal->index()
 7 SYSTEMPATH\CodeIgniter.php(457): CodeIgniter\CodeIgniter->runController(Object(App\Controllers\Animal))
 8 SYSTEMPATH\CodeIgniter.php(340): CodeIgniter\CodeIgniter->handleRequest(null, Object(Config\Cache), false)
 9 FCPATH\index.php(67): CodeIgniter\CodeIgniter->run()
CRITICAL - 2022-08-23 13:17:17 --> Undefined variable $animal
in APPPATH\Views\listarusuario.php on line 64.
 1 APPPATH\Views\listarusuario.php(64): CodeIgniter\Debug\Exceptions->errorHandler(2, 'Undefined variable $animal', 'APPPATH\\Views\\listarusuario.php', 64)
 2 SYSTEMPATH\View\View.php(213): include('APPPATH\\Views\\listarusuario.php')
 3 SYSTEMPATH\View\View.php(216): CodeIgniter\View\View->CodeIgniter\View\{closure}()
 4 SYSTEMPATH\Common.php(1137): CodeIgniter\View\View->render('listarusuario', [], true)
 5 APPPATH\Controllers\Usuario.php(17): view('listarusuario', [...])
 6 SYSTEMPATH\CodeIgniter.php(898): App\Controllers\Usuario->index()
 7 SYSTEMPATH\CodeIgniter.php(457): CodeIgniter\CodeIgniter->runController(Object(App\Controllers\Usuario))
 8 SYSTEMPATH\CodeIgniter.php(340): CodeIgniter\CodeIgniter->handleRequest(null, Object(Config\Cache), false)
 9 FCPATH\index.php(67): CodeIgniter\CodeIgniter->run()
CRITICAL - 2022-08-23 13:19:44 --> Undefined variable $animals
in APPPATH\Views\listarusuario.php on line 62.
 1 APPPATH\Views\listarusuario.php(62): CodeIgniter\Debug\Exceptions->errorHandler(2, 'Undefined variable $animals', 'APPPATH\\Views\\listarusuario.php', 62)
 2 SYSTEMPATH\View\View.php(213): include('APPPATH\\Views\\listarusuario.php')
 3 SYSTEMPATH\View\View.php(216): CodeIgniter\View\View->CodeIgniter\View\{closure}()
 4 SYSTEMPATH\Common.php(1137): CodeIgniter\View\View->render('listarusuario', [], true)
 5 APPPATH\Controllers\Usuario.php(17): view('listarusuario', [...])
 6 SYSTEMPATH\CodeIgniter.php(898): App\Controllers\Usuario->index()
 7 SYSTEMPATH\CodeIgniter.php(457): CodeIgniter\CodeIgniter->runController(Object(App\Controllers\Usuario))
 8 SYSTEMPATH\CodeIgniter.php(340): CodeIgniter\CodeIgniter->handleRequest(null, Object(Config\Cache), false)
 9 FCPATH\index.php(67): CodeIgniter\CodeIgniter->run()
